2025-01-26 23:56:40,493 - INFO - Logging system initialized.
2025-01-26 23:56:40,501 - INFO - 
Pan and Tilt Mechanism: 
Current Date:  2025-01-26

-------------------------Running Parameters-------------------------

Pan Servo: Pin 17 PID Values:  
 KP: 100
 KI: 0
 KD: 30 Angle Range -135-135 Current Angle -0.0 
 
Tilt Servo: Pin 27 PID Values:  
 KP: 60
 KI: 0
 KD: 10 Angle Range -135-135 Current Angle -0.0 
 
Threading Events (Boolean) 
 Show Plots: True 
 Show Feed True
-------------------------


2025-01-26 23:56:43,092 - INFO - Error in the x: -0.796875 Error in the y -0.6708333333333333 time: 2.528430461883545 
2025-01-26 23:56:43,094 - INFO - Pan Adjustment: 89.14247626309688, Tilt Adjustment: 42.90316109517838 time: 2.528430461883545
2025-01-26 23:56:43,100 - INFO - Pan Servo Angle: 88.56, Tilt Servo Angle: 41.58
2025-01-26 23:56:43,200 - INFO - Error in the x: -0.8125 Error in the y -0.65 time: 2.604283571243286 
2025-01-26 23:56:43,201 - INFO - Pan Adjustment: 81.4299919199184, Tilt Adjustment: 38.920003591147385 time: 2.604283571243286
2025-01-26 23:56:43,208 - INFO - Pan Servo Angle: 81.0, Tilt Servo Angle: 37.8
2025-01-26 23:56:43,355 - INFO - Error in the x: -0.821875 Error in the y -0.6291666666666667 time: 2.711223840713501 
2025-01-26 23:56:43,356 - INFO - Pan Adjustment: 82.29123544071743, Tilt Adjustment: 37.67315893280191 time: 2.711223840713501
2025-01-26 23:56:43,359 - INFO - Pan Servo Angle: 81.54, Tilt Servo Angle: 36.72
2025-01-26 23:56:43,507 - INFO - Error in the x: -0.83125 Error in the y -0.6 time: 2.8601791858673096 
2025-01-26 23:56:43,508 - INFO - Pan Adjustment: 83.2233330000406, Tilt Adjustment: 35.89802503699494 time: 2.8601791858673096
2025-01-26 23:56:43,515 - INFO - Pan Servo Angle: 82.62, Tilt Servo Angle: 34.56
2025-01-26 23:56:43,824 - INFO - Error in the x: 0.621875 Error in the y -0.26666666666666666 time: 3.2444491386413574 
2025-01-26 23:56:43,824 - INFO - Pan Adjustment: -75.62391035416424, Tilt Adjustment: 14.972604226204885 time: 3.2444491386413574
2025-01-26 23:56:43,831 - INFO - Pan Servo Angle: -0.0, Tilt Servo Angle: 13.5
2025-01-26 23:56:43,967 - INFO - Error in the x: 0.640625 Error in the y -0.2625 time: 3.3583202362060547 
2025-01-26 23:56:43,968 - INFO - Pan Adjustment: -64.22999444973581, Tilt Adjustment: 15.737593003723273 time: 3.3583202362060547
2025-01-26 23:56:44,003 - INFO - Pan Servo Angle: -0.0, Tilt Servo Angle: 14.58
2025-01-26 23:56:44,494 - INFO - Error in the x: -0.765625 Error in the y -0.31666666666666665 time: 3.8886258602142334 
2025-01-26 23:56:44,495 - INFO - Pan Adjustment: 87.41144806456794, Tilt Adjustment: 19.139295135643835 time: 3.8886258602142334
2025-01-26 23:56:44,496 - INFO - Pan Servo Angle: 86.94, Tilt Servo Angle: 18.9
2025-01-26 23:56:44,598 - INFO - Error in the x: -0.803125 Error in the y -0.30416666666666664 time: 3.9974918365478516 
2025-01-26 23:56:44,599 - INFO - Pan Adjustment: 80.59392646589406, Tilt Adjustment: 18.218730392678438 time: 3.9974918365478516
2025-01-26 23:56:44,603 - INFO - Pan Servo Angle: 79.92, Tilt Servo Angle: 17.82
2025-01-26 23:56:44,715 - INFO - Error in the x: -0.8 Error in the y -0.30416666666666664 time: 4.106435060501099 
2025-01-26 23:56:44,716 - INFO - Pan Adjustment: 79.97716997867524, Tilt Adjustment: 18.25 time: 4.106435060501099
2025-01-26 23:56:44,724 - INFO - Pan Servo Angle: 78.84, Tilt Servo Angle: 17.82
2025-01-26 23:56:44,791 - INFO - Error in the x: -0.796875 Error in the y -0.30416666666666664 time: 4.227412462234497 
2025-01-26 23:56:44,791 - INFO - Pan Adjustment: 79.66532331370844, Tilt Adjustment: 18.25 time: 4.227412462234497
2025-01-26 23:56:44,795 - INFO - Pan Servo Angle: 78.84, Tilt Servo Angle: 17.82
2025-01-26 23:56:44,844 - INFO - Error in the x: -0.79375 Error in the y -0.30416666666666664 time: 4.296836614608765 
2025-01-26 23:56:44,844 - INFO - Pan Adjustment: 79.35318162327111, Tilt Adjustment: 18.25 time: 4.296836614608765
2025-01-26 23:56:44,846 - INFO - Pan Servo Angle: 78.84, Tilt Servo Angle: 17.82
2025-01-26 23:56:44,974 - INFO - Error in the x: 0.53125 Error in the y -0.2625 time: 4.419564485549927 
2025-01-26 23:56:44,974 - INFO - Pan Adjustment: -62.119098882359424, Tilt Adjustment: 15.655722233937531 time: 4.419564485549927
2025-01-26 23:56:44,978 - INFO - Pan Servo Angle: -0.0, Tilt Servo Angle: 14.58
2025-01-26 23:56:45,039 - INFO - Error in the x: 0.578125 Error in the y -0.25416666666666665 time: 4.478002309799194 
2025-01-26 23:56:45,039 - INFO - Pan Adjustment: -58.126535121626155, Tilt Adjustment: 15.231390511311043 time: 4.478002309799194
2025-01-26 23:56:45,040 - INFO - Pan Servo Angle: -0.0, Tilt Servo Angle: 14.58
2025-01-26 23:56:45,111 - INFO - Error in the x: 0.60625 Error in the y -0.25416666666666665 time: 4.540769577026367 
2025-01-26 23:56:45,113 - INFO - Pan Adjustment: -60.810816519796305, Tilt Adjustment: 15.25 time: 4.540769577026367
2025-01-26 23:56:45,119 - INFO - Pan Servo Angle: -0.0, Tilt Servo Angle: 14.58
2025-01-26 23:56:45,214 - INFO - Error in the x: 0.621875 Error in the y -0.25416666666666665 time: 4.6226115226745605 
2025-01-26 23:56:45,214 - INFO - Pan Adjustment: -62.28890371902347, Tilt Adjustment: 15.25 time: 4.6226115226745605
2025-01-26 23:56:45,218 - INFO - Pan Servo Angle: -0.0, Tilt Servo Angle: 14.58
2025-01-26 23:56:45,307 - INFO - Error in the x: 0.625 Error in the y -0.25 time: 4.72017240524292 
2025-01-26 23:56:45,309 - INFO - Pan Adjustment: -62.51986156266154, Tilt Adjustment: 14.991172638817094 time: 4.72017240524292
2025-01-26 23:56:45,315 - INFO - Pan Servo Angle: -0.0, Tilt Servo Angle: 13.5
2025-01-26 23:56:45,415 - INFO - Error in the x: 0.628125 Error in the y -0.24583333333333332 time: 4.81923246383667 
2025-01-26 23:56:45,418 - INFO - Pan Adjustment: -62.83195330521064, Tilt Adjustment: 14.741354086573052 time: 4.81923246383667
2025-01-26 23:56:45,521 - INFO - Pan Servo Angle: -0.0, Tilt Servo Angle: 13.5
2025-01-26 23:56:45,709 - INFO - Error in the x: -0.740625 Error in the y -0.2791666666666667 time: 5.109251260757446 
2025-01-26 23:56:45,719 - INFO - Pan Adjustment: 82.09939188578142, Tilt Adjustment: 16.815241131492897 time: 5.109251260757446
2025-01-26 23:56:45,723 - INFO - Pan Servo Angle: 81.54, Tilt Servo Angle: 15.66
2025-01-26 23:56:45,814 - INFO - Error in the x: -0.75625 Error in the y -0.25833333333333336 time: 5.22732400894165 
2025-01-26 23:56:45,815 - INFO - Pan Adjustment: 75.7146730333146, Tilt Adjustment: 15.460145318526848 time: 5.22732400894165
2025-01-26 23:56:45,842 - INFO - Pan Servo Angle: 74.52, Tilt Servo Angle: 14.58
2025-01-26 23:56:45,914 - INFO - Error in the x: -0.759375 Error in the y -0.2625 time: 5.371142387390137 
2025-01-26 23:56:45,917 - INFO - Pan Adjustment: 75.95495438739813, Tilt Adjustment: 15.757757505510279 time: 5.371142387390137
2025-01-26 23:56:45,939 - INFO - Pan Servo Angle: 74.52, Tilt Servo Angle: 14.58
2025-01-26 23:56:46,234 - INFO - Error in the x: 0.528125 Error in the y -0.22916666666666666 time: 5.66687273979187 
2025-01-26 23:56:46,234 - INFO - Pan Adjustment: -59.62842860358084, Tilt Adjustment: 13.691178609677834 time: 5.66687273979187
2025-01-26 23:56:46,250 - INFO - Pan Servo Angle: -0.0, Tilt Servo Angle: 12.96
2025-01-26 23:56:46,388 - INFO - Error in the x: 0.553125 Error in the y -0.2375 time: 5.764350414276123 
2025-01-26 23:56:46,388 - INFO - Pan Adjustment: -55.44261006377103, Tilt Adjustment: 14.264456673752337 time: 5.764350414276123
2025-01-26 23:56:46,455 - INFO - Pan Servo Angle: -0.0, Tilt Servo Angle: 13.5
2025-01-26 23:56:46,560 - INFO - Error in the x: 0.55625 Error in the y -0.2375 time: 5.965761423110962 
2025-01-26 23:56:46,565 - INFO - Pan Adjustment: -55.640714674682904, Tilt Adjustment: 14.25 time: 5.965761423110962
2025-01-26 23:56:46,594 - INFO - Pan Servo Angle: -0.0, Tilt Servo Angle: 13.5
2025-01-26 23:56:46,925 - INFO - Error in the x: -0.753125 Error in the y -0.2791666666666667 time: 6.329364538192749 
2025-01-26 23:56:46,926 - INFO - Pan Adjustment: 81.51869175321131, Tilt Adjustment: 16.815830726631784 time: 6.329364538192749
2025-01-26 23:56:46,935 - INFO - Pan Servo Angle: 81.0, Tilt Servo Angle: 15.66
2025-01-26 23:56:47,118 - INFO - Error in the x: -0.759375 Error in the y -0.26666666666666666 time: 6.439558982849121 
2025-01-26 23:56:47,127 - INFO - Pan Adjustment: 75.96661690078457, Tilt Adjustment: 15.980588732810286 time: 6.439558982849121
2025-01-26 23:56:47,200 - INFO - Pan Servo Angle: 74.52, Tilt Servo Angle: 14.58
2025-01-26 23:56:47,324 - INFO - Error in the x: -0.75 Error in the y -0.2625 time: 6.744297027587891 
2025-01-26 23:56:47,330 - INFO - Pan Adjustment: 74.95829810003184, Tilt Adjustment: 15.743821940745459 time: 6.744297027587891
2025-01-26 23:56:47,381 - INFO - Pan Servo Angle: 73.98, Tilt Servo Angle: 14.58
2025-01-26 23:56:47,485 - INFO - Error in the x: 0.55 Error in the y -0.21666666666666667 time: 6.906698942184448 
2025-01-26 23:56:47,486 - INFO - Pan Adjustment: -60.64669175918433, Tilt Adjustment: 12.933639306248903 time: 6.906698942184448
2025-01-26 23:56:47,521 - INFO - Pan Servo Angle: -0.0, Tilt Servo Angle: 11.88
2025-01-26 23:56:47,671 - INFO - Error in the x: 0.596875 Error in the y -0.22083333333333333 time: 7.026691198348999 
2025-01-26 23:56:47,671 - INFO - Pan Adjustment: -59.88762975670974, Tilt Adjustment: 13.255929770569177 time: 7.026691198348999
2025-01-26 23:56:47,673 - INFO - Pan Servo Angle: -0.0, Tilt Servo Angle: 12.96
2025-01-26 23:56:47,719 - INFO - Error in the x: 0.6 Error in the y -0.20833333333333334 time: 7.176703214645386 
2025-01-26 23:56:47,720 - INFO - Pan Adjustment: -60.01306310114771, Tilt Adjustment: 12.482582531803056 time: 7.176703214645386
2025-01-26 23:56:47,725 - INFO - Pan Servo Angle: -0.0, Tilt Servo Angle: 11.88
2025-01-26 23:56:47,954 - INFO - Error in the x: -0.709375 Error in the y -0.25416666666666665 time: 7.37704610824585 
2025-01-26 23:56:47,955 - INFO - Pan Adjustment: 76.26229388411204, Tilt Adjustment: 15.312129655502766 time: 7.37704610824585
2025-01-26 23:56:48,067 - INFO - Pan Servo Angle: 75.6, Tilt Servo Angle: 14.58
2025-01-26 23:56:48,160 - INFO - Error in the x: -0.74375 Error in the y -0.25 time: 7.588482141494751 
2025-01-26 23:56:48,160 - INFO - Pan Adjustment: 74.51089674203237, Tilt Adjustment: 14.994509222544146 time: 7.588482141494751
2025-01-26 23:56:48,164 - INFO - Pan Servo Angle: 73.98, Tilt Servo Angle: 13.5
2025-01-26 23:56:48,277 - INFO - Error in the x: -0.74375 Error in the y -0.24166666666666667 time: 7.6733622550964355 
2025-01-26 23:56:48,302 - INFO - Pan Adjustment: 74.375, Tilt Adjustment: 14.489139919299655 time: 7.6733622550964355
2025-01-26 23:56:48,333 - INFO - Pan Servo Angle: 73.98, Tilt Servo Angle: 13.5
2025-01-26 23:56:48,615 - INFO - Error in the x: 0.503125 Error in the y -0.18333333333333332 time: 8.052384376525879 
2025-01-26 23:56:48,615 - INFO - Pan Adjustment: -54.95786319317367, Tilt Adjustment: 10.927557688995343 time: 8.052384376525879
2025-01-26 23:56:48,669 - INFO - Pan Servo Angle: -0.0, Tilt Servo Angle: 9.72
2025-01-26 23:56:48,773 - INFO - Error in the x: 0.478125 Error in the y -0.025 time: 8.20707082748413 
2025-01-26 23:56:48,774 - INFO - Pan Adjustment: -47.721115385956175, Tilt Adjustment: 1.3070769259074735 time: 8.20707082748413
2025-01-26 23:56:48,777 - INFO - Pan Servo Angle: -0.0, Tilt Servo Angle: 0.54
