2025-01-26 23:51:26,455 - INFO - Logging system initialized.
2025-01-26 23:51:26,513 - INFO - 
Pan and Tilt Mechanism: 
Current Date:  2025-01-26

-------------------------Running Parameters-------------------------

Pan Servo: Pin 17 PID Values:  
 KP: 100
 KI: 0
 KD: 30 Angle Range -135-135 Current Angle -0.0 
 
Tilt Servo: Pin 27 PID Values:  
 KP: 60
 KI: 0
 KD: 10 Angle Range -135-135 Current Angle -0.0 
 
Threading Events (Boolean) 
 Show Plots: True 
 Show Feed True
-------------------------


2025-01-26 23:51:29,213 - INFO - Error in the x: -0.815625 Error in the y -0.7875 time: 2.458005666732788 
2025-01-26 23:51:29,215 - INFO - Pan Adjustment: 91.5172166758668, Tilt Adjustment: 50.45381686119851 time: 2.458005666732788
2025-01-26 23:51:29,223 - INFO - Pan Servo Angle: 90.72, Tilt Servo Angle: 49.68
2025-01-26 23:51:29,298 - INFO - Error in the x: -0.728125 Error in the y -0.7583333333333333 time: 2.726848602294922 
2025-01-26 23:51:29,299 - INFO - Pan Adjustment: 71.84985029594573, Tilt Adjustment: 45.39303892177175 time: 2.726848602294922
2025-01-26 23:51:29,301 - INFO - Pan Servo Angle: 70.74, Tilt Servo Angle: 44.82
2025-01-26 23:51:29,639 - INFO - Error in the x: -0.690625 Error in the y -0.75 time: 2.794890880584717 
2025-01-26 23:51:29,661 - INFO - Pan Adjustment: 68.65997981296334, Tilt Adjustment: 44.97018368984914 time: 2.794890880584717
2025-01-26 23:51:29,745 - INFO - Pan Servo Angle: 67.5, Tilt Servo Angle: 43.74
2025-01-26 23:51:30,391 - INFO - Error in the x: 0.578125 Error in the y -0.3416666666666667 time: 3.6612868309020996 
2025-01-26 23:51:30,399 - INFO - Pan Adjustment: -68.20843502446839, Tilt Adjustment: 19.384727277068524 time: 3.6612868309020996
2025-01-26 23:51:30,563 - INFO - Pan Servo Angle: -0.0, Tilt Servo Angle: 18.9
2025-01-26 23:51:30,842 - INFO - Error in the x: 0.55 Error in the y -0.37083333333333335 time: 4.141357421875 
2025-01-26 23:51:30,843 - INFO - Pan Adjustment: -54.79626245357544, Tilt Adjustment: 22.32042779382578 time: 4.141357421875
2025-01-26 23:51:30,918 - INFO - Pan Servo Angle: -0.0, Tilt Servo Angle: 21.6
2025-01-26 23:51:31,165 - INFO - Error in the x: 0.53125 Error in the y -0.375 time: 4.435003042221069 
2025-01-26 23:51:31,166 - INFO - Pan Adjustment: -52.99816806896297, Tilt Adjustment: 22.509394957854596 time: 4.435003042221069
2025-01-26 23:51:31,172 - INFO - Pan Servo Angle: -0.0, Tilt Servo Angle: 21.6
2025-01-26 23:51:31,356 - INFO - Error in the x: -0.7375 Error in the y -0.4625 time: 4.758587121963501 
2025-01-26 23:51:31,357 - INFO - Pan Adjustment: 81.74869772780256, Tilt Adjustment: 27.933878108685118 time: 4.758587121963501
2025-01-26 23:51:31,375 - INFO - Pan Servo Angle: 81.0, Tilt Servo Angle: 27.0
2025-01-26 23:51:31,579 - INFO - Error in the x: -0.740625 Error in the y -0.44583333333333336 time: 4.874091863632202 
2025-01-26 23:51:31,580 - INFO - Pan Adjustment: 74.08173435229023, Tilt Adjustment: 26.715805595928497 time: 4.874091863632202
2025-01-26 23:51:31,585 - INFO - Pan Servo Angle: 73.98, Tilt Servo Angle: 25.92
2025-01-26 23:51:31,835 - INFO - Error in the x: -0.734375 Error in the y -0.44166666666666665 time: 5.073608636856079 
2025-01-26 23:51:31,836 - INFO - Pan Adjustment: 73.400544055342, Tilt Adjustment: 26.491787567853777 time: 5.073608636856079
2025-01-26 23:51:31,946 - INFO - Pan Servo Angle: 72.9, Tilt Servo Angle: 25.92
2025-01-26 23:51:32,094 - INFO - Error in the x: 0.559375 Error in the y -0.39166666666666666 time: 5.439092636108398 
2025-01-26 23:51:32,097 - INFO - Pan Adjustment: -63.073340956694906, Tilt Adjustment: 23.408072902329213 time: 5.439092636108398
2025-01-26 23:51:32,114 - INFO - Pan Servo Angle: -0.0, Tilt Servo Angle: 22.68
2025-01-26 23:51:32,173 - INFO - Error in the x: 0.553125 Error in the y -0.375 time: 5.607699871063232 
2025-01-26 23:51:32,174 - INFO - Pan Adjustment: -55.27906383110524, Tilt Adjustment: 22.470278960982434 time: 5.607699871063232
2025-01-26 23:51:32,176 - INFO - Pan Servo Angle: -0.0, Tilt Servo Angle: 21.6
2025-01-26 23:51:32,354 - INFO - Error in the x: 0.553125 Error in the y -0.375 time: 5.662996292114258 
2025-01-26 23:51:32,360 - INFO - Pan Adjustment: -55.3125, Tilt Adjustment: 22.5 time: 5.662996292114258
2025-01-26 23:51:32,387 - INFO - Pan Servo Angle: -0.0, Tilt Servo Angle: 21.6
2025-01-26 23:51:32,517 - INFO - Error in the x: 0.553125 Error in the y -0.36666666666666664 time: 5.875089883804321 
2025-01-26 23:51:32,558 - INFO - Pan Adjustment: -55.3125, Tilt Adjustment: 21.985815819845914 time: 5.875089883804321
2025-01-26 23:51:32,686 - INFO - Pan Servo Angle: -0.0, Tilt Servo Angle: 20.52
2025-01-26 23:51:33,198 - INFO - Error in the x: -0.759375 Error in the y -0.4041666666666667 time: 6.459584712982178 
2025-01-26 23:51:33,200 - INFO - Pan Adjustment: 82.03309309917647, Tilt Adjustment: 24.308053267611204 time: 6.459584712982178
2025-01-26 23:51:33,291 - INFO - Pan Servo Angle: 81.54, Tilt Servo Angle: 23.76
2025-01-26 23:51:33,572 - INFO - Error in the x: -0.753125 Error in the y -0.3958333333333333 time: 6.852984428405762 
2025-01-26 23:51:33,573 - INFO - Pan Adjustment: 75.28513965766173, Tilt Adjustment: 23.73783984784966 time: 6.852984428405762
2025-01-26 23:51:33,583 - INFO - Pan Servo Angle: 74.52, Tilt Servo Angle: 22.68
2025-01-26 23:51:33,644 - INFO - Error in the x: -0.75625 Error in the y -0.39166666666666666 time: 7.073450326919556 
2025-01-26 23:51:33,646 - INFO - Pan Adjustment: 75.6382537864362, Tilt Adjustment: 23.49410942825058 time: 7.073450326919556
2025-01-26 23:51:33,713 - INFO - Pan Servo Angle: 74.52, Tilt Servo Angle: 22.68
2025-01-26 23:51:34,180 - INFO - Error in the x: 0.665625 Error in the y -0.3416666666666667 time: 7.522999286651611 
2025-01-26 23:51:34,180 - INFO - Pan Adjustment: -72.23261219523665, Tilt Adjustment: 20.43353714642946 time: 7.522999286651611
2025-01-26 23:51:34,224 - INFO - Pan Servo Angle: -0.0, Tilt Servo Angle: 19.98
2025-01-26 23:51:34,432 - INFO - Error in the x: 0.625 Error in the y -0.3458333333333333 time: 7.778976917266846 
2025-01-26 23:51:34,435 - INFO - Pan Adjustment: -62.343327726388445, Tilt Adjustment: 20.755356317046548 time: 7.778976917266846
2025-01-26 23:51:34,568 - INFO - Pan Servo Angle: -0.0, Tilt Servo Angle: 19.98
2025-01-26 23:51:34,718 - INFO - Error in the x: 0.621875 Error in the y -0.3 time: 8.102418661117554 
2025-01-26 23:51:34,724 - INFO - Pan Adjustment: -62.175929380914376, Tilt Adjustment: 17.94343252891475 time: 8.102418661117554
2025-01-26 23:51:34,739 - INFO - Pan Servo Angle: -0.0, Tilt Servo Angle: 16.74
2025-01-26 23:51:34,950 - INFO - Error in the x: -0.7375 Error in the y -0.3333333333333333 time: 8.302188873291016 
2025-01-26 23:51:34,951 - INFO - Pan Adjustment: 78.6621081948879, Tilt Adjustment: 20.04015005421109 time: 8.302188873291016
2025-01-26 23:51:34,965 - INFO - Pan Servo Angle: 77.76, Tilt Servo Angle: 19.98
2025-01-26 23:51:35,096 - INFO - Error in the x: -0.7375 Error in the y -0.3375 time: 8.455071926116943 
2025-01-26 23:51:35,096 - INFO - Pan Adjustment: 73.75, Tilt Adjustment: 20.254928008541 time: 8.455071926116943
2025-01-26 23:51:35,098 - INFO - Pan Servo Angle: 72.9, Tilt Servo Angle: 19.98
2025-01-26 23:51:35,194 - INFO - Error in the x: -0.740625 Error in the y -0.3333333333333333 time: 8.584826469421387 
2025-01-26 23:51:35,195 - INFO - Pan Adjustment: 74.07342043040519, Tilt Adjustment: 19.995146475375467 time: 8.584826469421387
2025-01-26 23:51:35,201 - INFO - Pan Servo Angle: 73.98, Tilt Servo Angle: 18.9
2025-01-26 23:51:35,589 - INFO - Error in the x: 0.559375 Error in the y -0.30833333333333335 time: 9.039002656936646 
2025-01-26 23:51:35,590 - INFO - Pan Adjustment: -60.252135306592244, Tilt Adjustment: 18.472342081367998 time: 9.039002656936646
2025-01-26 23:51:35,601 - INFO - Pan Servo Angle: -0.0, Tilt Servo Angle: 17.82
2025-01-26 23:51:35,695 - INFO - Error in the x: 0.559375 Error in the y -0.30833333333333335 time: 9.091933250427246 
2025-01-26 23:51:35,695 - INFO - Pan Adjustment: -55.93749999999999, Tilt Adjustment: 18.5 time: 9.091933250427246
2025-01-26 23:51:35,724 - INFO - Pan Servo Angle: -0.0, Tilt Servo Angle: 17.82
2025-01-26 23:51:35,930 - INFO - Error in the x: 0.559375 Error in the y -0.30416666666666664 time: 9.285167217254639 
2025-01-26 23:51:35,941 - INFO - Pan Adjustment: -55.93749999999999, Tilt Adjustment: 18.245512556134774 time: 9.285167217254639
2025-01-26 23:51:35,988 - INFO - Pan Servo Angle: -0.0, Tilt Servo Angle: 17.82
2025-01-26 23:51:36,200 - INFO - Error in the x: -0.734375 Error in the y -0.3541666666666667 time: 9.59441590309143 
2025-01-26 23:51:36,202 - INFO - Pan Adjustment: 77.48282181969454, Tilt Adjustment: 21.302113646630527 time: 9.59441590309143
2025-01-26 23:51:36,229 - INFO - Pan Servo Angle: 76.68, Tilt Servo Angle: 20.52
2025-01-26 23:51:36,354 - INFO - Error in the x: -0.740625 Error in the y -0.3458333333333333 time: 9.723435640335083 
2025-01-26 23:51:36,356 - INFO - Pan Adjustment: 74.08178330756078, Tilt Adjustment: 20.7414296410841 time: 9.723435640335083
2025-01-26 23:51:36,366 - INFO - Pan Servo Angle: 73.98, Tilt Servo Angle: 19.98
2025-01-26 23:51:36,585 - INFO - Error in the x: -0.740625 Error in the y -0.35 time: 9.860573291778564 
2025-01-26 23:51:36,601 - INFO - Pan Adjustment: 74.0625, Tilt Adjustment: 21.004225582573522 time: 9.860573291778564
2025-01-26 23:51:36,755 - INFO - Pan Servo Angle: 73.98, Tilt Servo Angle: 20.52
2025-01-26 23:51:37,088 - INFO - Error in the x: 0.546875 Error in the y -0.31666666666666665 time: 10.489239931106567 
2025-01-26 23:51:37,091 - INFO - Pan Adjustment: -58.3698449795876, Tilt Adjustment: 18.968221402549407 time: 10.489239931106567
2025-01-26 23:51:37,121 - INFO - Pan Servo Angle: -0.0, Tilt Servo Angle: 17.82
2025-01-26 23:51:37,245 - INFO - Error in the x: 0.55 Error in the y -0.325 time: 10.62999439239502 
2025-01-26 23:51:37,246 - INFO - Pan Adjustment: -55.00881938376818, Tilt Adjustment: 19.507839452238372 time: 10.62999439239502
2025-01-26 23:51:37,254 - INFO - Pan Servo Angle: -0.0, Tilt Servo Angle: 18.9
2025-01-26 23:51:37,328 - INFO - Error in the x: 0.553125 Error in the y -0.3125 time: 10.74380874633789 
2025-01-26 23:51:37,328 - INFO - Pan Adjustment: -55.32122595577727, Tilt Adjustment: 18.738365392296974 time: 10.74380874633789
2025-01-26 23:51:37,332 - INFO - Pan Servo Angle: -0.0, Tilt Servo Angle: 17.82
2025-01-26 23:51:37,393 - INFO - Error in the x: 0.553125 Error in the y -0.30833333333333335 time: 10.823387384414673 
2025-01-26 23:51:37,393 - INFO - Pan Adjustment: -55.3125, Tilt Adjustment: 18.49615031180288 time: 10.823387384414673
2025-01-26 23:51:37,546 - INFO - Pan Servo Angle: -0.0, Tilt Servo Angle: 17.82
2025-01-26 23:51:37,850 - INFO - Error in the x: -0.75 Error in the y -0.32083333333333336 time: 11.1986083984375 
2025-01-26 23:51:37,857 - INFO - Pan Adjustment: 78.49094714352674, Tilt Adjustment: 19.261162101178343 time: 11.1986083984375
2025-01-26 23:51:37,864 - INFO - Pan Servo Angle: 77.76, Tilt Servo Angle: 18.9
2025-01-26 23:51:37,968 - INFO - Error in the x: -0.753125 Error in the y -0.3 time: 11.361449003219604 
2025-01-26 23:51:37,974 - INFO - Pan Adjustment: 75.3207515883294, Tilt Adjustment: 17.981663137045786 time: 11.361449003219604
2025-01-26 23:51:37,989 - INFO - Pan Servo Angle: 74.52, Tilt Servo Angle: 16.74
2025-01-26 23:51:38,174 - INFO - Error in the x: -0.765625 Error in the y -0.2875 time: 11.502619981765747 
2025-01-26 23:51:38,175 - INFO - Pan Adjustment: 76.59510126828448, Tilt Adjustment: 17.23913291057184 time: 11.502619981765747
2025-01-26 23:51:38,193 - INFO - Pan Servo Angle: 75.6, Tilt Servo Angle: 16.74
2025-01-26 23:51:38,450 - INFO - Error in the x: 0.54375 Error in the y -0.2375 time: 11.818933010101318 
2025-01-26 23:51:38,451 - INFO - Pan Adjustment: -57.698586821790705, Tilt Adjustment: 14.207694996699562 time: 11.818933010101318
2025-01-26 23:51:38,534 - INFO - Pan Servo Angle: -0.0, Tilt Servo Angle: 13.5
2025-01-26 23:51:38,635 - INFO - Error in the x: 0.5625 Error in the y -0.25 time: 12.036981344223022 
2025-01-26 23:51:38,636 - INFO - Pan Adjustment: -56.296730985445116, Tilt Adjustment: 15.010384663432248 time: 12.036981344223022
2025-01-26 23:51:38,691 - INFO - Pan Servo Angle: -0.0, Tilt Servo Angle: 14.58
2025-01-26 23:51:39,072 - INFO - Error in the x: -0.734375 Error in the y -0.3125 time: 12.475103855133057 
2025-01-26 23:51:39,075 - INFO - Pan Adjustment: 76.55621151148705, Tilt Adjustment: 18.800099783317062 time: 12.475103855133057
2025-01-26 23:51:39,080 - INFO - Pan Servo Angle: 75.6, Tilt Servo Angle: 17.82
2025-01-26 23:51:39,215 - INFO - Error in the x: -0.771875 Error in the y -0.30833333333333335 time: 12.583145141601562 
2025-01-26 23:51:39,216 - INFO - Pan Adjustment: 77.27690531062306, Tilt Adjustment: 18.496688692199147 time: 12.583145141601562
2025-01-26 23:51:39,333 - INFO - Pan Servo Angle: 76.68, Tilt Servo Angle: 17.82
2025-01-26 23:51:39,427 - INFO - Error in the x: -0.765625 Error in the y -0.30833333333333335 time: 12.822821140289307 
2025-01-26 23:51:39,428 - INFO - Pan Adjustment: 76.54787763274176, Tilt Adjustment: 18.5 time: 12.822821140289307
2025-01-26 23:51:39,462 - INFO - Pan Servo Angle: 75.6, Tilt Servo Angle: 17.82
2025-01-26 23:51:39,746 - INFO - Error in the x: 0.540625 Error in the y -0.32916666666666666 time: 13.134769916534424 
2025-01-26 23:51:39,748 - INFO - Pan Adjustment: -57.04599344899218, Tilt Adjustment: 19.76586120919188 time: 13.134769916534424
2025-01-26 23:51:39,776 - INFO - Pan Servo Angle: -0.0, Tilt Servo Angle: 18.9
2025-01-26 23:51:39,853 - INFO - Error in the x: 0.571875 Error in the y -0.275 time: 13.266685009002686 
2025-01-26 23:51:39,854 - INFO - Pan Adjustment: -57.25816573144412, Tilt Adjustment: 16.45917091072117 time: 13.266685009002686
2025-01-26 23:51:39,855 - INFO - Pan Servo Angle: -0.0, Tilt Servo Angle: 15.66
2025-01-26 23:51:39,918 - INFO - Error in the x: 0.559375 Error in the y -0.24583333333333332 time: 13.342590570449829 
2025-01-26 23:51:39,918 - INFO - Pan Adjustment: -55.909394513436496, Tilt Adjustment: 14.72814017711728 time: 13.342590570449829
2025-01-26 23:51:39,919 - INFO - Pan Servo Angle: -0.0, Tilt Servo Angle: 13.5
