2025-01-26 23:33:36,638 - INFO - Logging system initialized.
2025-01-26 23:33:36,656 - INFO - 
Pan and Tilt Mechanism: 
Current Date:  2025-01-26

-------------------------Running Parameters-------------------------

Pan Servo: Pin 17 PID Values:  
 KP: 100
 KI: 0
 KD: 30 Angle Range -135-135 Current Angle -0.0 
 
Tilt Servo: Pin 27 PID Values:  
 KP: 60
 KI: 0
 KD: 10 Angle Range -135-135 Current Angle -0.0 
 
Threading Events (Boolean) 
 Show Plots: True 
 Show Feed True
-------------------------


2025-01-26 23:33:39,184 - INFO - Error in the x: -0.80625 Error in the y -0.8666666666666667 time: 2.374896287918091 
2025-01-26 23:33:39,194 - INFO - Pan Adjustment: 90.80965527233761, Tilt Adjustment: 55.64928216476524 time: 2.374896287918091
2025-01-26 23:33:39,240 - INFO - Pan Servo Angle: 89.64, Tilt Servo Angle: 54.54
