2025-01-27 00:27:07,958 - INFO - Logging system initialized.
2025-01-27 00:27:07,964 - INFO - 
Pan and Tilt Mechanism: 
Current Date:  2025-01-27

-------------------------Running Parameters-------------------------

Pan Servo: Pin 17 PID Values:  
 KP: 100
 KI: 0
 KD: 30 Angle Range -135-135 Current Angle -0.0 
 
Tilt Servo: Pin 27 PID Values:  
 KP: 60
 KI: 0
 KD: 10 Angle Range -135-135 Current Angle -0.0 
 
Threading Events (Boolean) 
 Show Plots: True 
 Show Feed True
-------------------------


2025-01-27 00:27:13,102 - INFO - Time: 4.97s | Error X: -0.37, Error Y: -0.77
2025-01-27 00:27:13,138 - INFO - Pan Angle: 38.88, Tilt Angle: 46.98
2025-01-27 00:27:13,374 - INFO - Time: 5.27s | Error X: -0.35, Error Y: -0.79
2025-01-27 00:27:13,377 - INFO - Pan Angle: 33.48, Tilt Angle: 46.98
2025-01-27 00:27:13,703 - INFO - Time: 5.49s | Error X: -0.35, Error Y: -0.79
2025-01-27 00:27:13,714 - INFO - Pan Angle: 34.56, Tilt Angle: 46.98
2025-01-27 00:27:14,018 - INFO - Time: 5.83s | Error X: 0.26, Error Y: -0.34
2025-01-27 00:27:14,038 - INFO - Pan Angle: -0.0, Tilt Angle: 18.9
2025-01-27 00:27:14,334 - INFO - Time: 6.11s | Error X: 0.24, Error Y: -0.35
2025-01-27 00:27:14,397 - INFO - Pan Angle: -0.0, Tilt Angle: 19.98
2025-01-27 00:27:14,569 - INFO - Time: 6.48s | Error X: 0.22, Error Y: -0.33
2025-01-27 00:27:14,609 - INFO - Pan Angle: -0.0, Tilt Angle: 18.9
2025-01-27 00:27:14,951 - INFO - Time: 6.87s | Error X: -0.38, Error Y: -0.44
2025-01-27 00:27:14,956 - INFO - Pan Angle: 40.5, Tilt Angle: 25.92
2025-01-27 00:27:15,064 - INFO - Time: 7.01s | Error X: -0.39, Error Y: -0.43
2025-01-27 00:27:15,070 - INFO - Pan Angle: 37.8, Tilt Angle: 24.84
2025-01-27 00:27:15,161 - INFO - Time: 7.12s | Error X: -0.39, Error Y: -0.45
2025-01-27 00:27:15,170 - INFO - Pan Angle: 38.88, Tilt Angle: 27.0
2025-01-27 00:27:15,370 - INFO - Time: 7.22s | Error X: -0.40, Error Y: -0.45
2025-01-27 00:27:15,379 - INFO - Pan Angle: 39.96, Tilt Angle: 27.0
2025-01-27 00:27:16,058 - INFO - Time: 7.93s | Error X: 0.24, Error Y: -0.43
2025-01-27 00:27:16,087 - INFO - Pan Angle: -0.0, Tilt Angle: 24.84
2025-01-27 00:27:16,292 - INFO - Time: 8.14s | Error X: 0.25, Error Y: -0.42
2025-01-27 00:27:16,304 - INFO - Pan Angle: -0.0, Tilt Angle: 24.84
2025-01-27 00:27:17,079 - INFO - Time: 8.92s | Error X: -0.40, Error Y: -0.44
2025-01-27 00:27:17,091 - INFO - Pan Angle: 41.58, Tilt Angle: 25.92
2025-01-27 00:27:17,275 - INFO - Time: 9.15s | Error X: -0.41, Error Y: -0.43
2025-01-27 00:27:17,277 - INFO - Pan Angle: 39.96, Tilt Angle: 24.84
2025-01-27 00:27:17,351 - INFO - Time: 9.32s | Error X: -0.40, Error Y: -0.43
2025-01-27 00:27:17,353 - INFO - Pan Angle: 38.88, Tilt Angle: 24.84
2025-01-27 00:27:17,583 - INFO - Time: 9.40s | Error X: -0.39, Error Y: -0.43
2025-01-27 00:27:17,666 - INFO - Pan Angle: 38.88, Tilt Angle: 24.84
2025-01-27 00:27:18,036 - INFO - Time: 9.86s | Error X: 0.28, Error Y: -0.41
2025-01-27 00:27:18,048 - INFO - Pan Angle: -0.0, Tilt Angle: 23.76
2025-01-27 00:27:18,251 - INFO - Time: 10.14s | Error X: 0.29, Error Y: -0.41
2025-01-27 00:27:18,265 - INFO - Pan Angle: -0.0, Tilt Angle: 23.76
2025-01-27 00:27:18,469 - INFO - Time: 10.35s | Error X: 0.29, Error Y: -0.42
2025-01-27 00:27:18,509 - INFO - Pan Angle: -0.0, Tilt Angle: 24.84
2025-01-27 00:27:18,788 - INFO - Time: 10.75s | Error X: -0.38, Error Y: -0.44
2025-01-27 00:27:18,791 - INFO - Pan Angle: 38.88, Tilt Angle: 25.92
2025-01-27 00:27:18,986 - INFO - Time: 10.87s | Error X: -0.38, Error Y: -0.43
2025-01-27 00:27:19,004 - INFO - Pan Angle: 37.8, Tilt Angle: 24.84
2025-01-27 00:27:19,075 - INFO - Time: 11.06s | Error X: -0.38, Error Y: -0.43
2025-01-27 00:27:19,121 - INFO - Pan Angle: 37.8, Tilt Angle: 24.84
2025-01-27 00:27:19,238 - INFO - Time: 11.22s | Error X: -0.38, Error Y: -0.42
2025-01-27 00:27:19,239 - INFO - Pan Angle: 36.72, Tilt Angle: 24.84
2025-01-27 00:27:19,563 - INFO - Time: 11.50s | Error X: 0.25, Error Y: -0.40
2025-01-27 00:27:19,577 - INFO - Pan Angle: -0.0, Tilt Angle: 23.76
2025-01-27 00:27:19,758 - INFO - Time: 11.63s | Error X: 0.25, Error Y: -0.40
2025-01-27 00:27:19,797 - INFO - Pan Angle: -0.0, Tilt Angle: 23.76
2025-01-27 00:27:20,080 - INFO - Time: 11.93s | Error X: 0.26, Error Y: -0.40
2025-01-27 00:27:20,084 - INFO - Pan Angle: -0.0, Tilt Angle: 23.76
2025-01-27 00:27:20,324 - INFO - Time: 12.20s | Error X: -0.39, Error Y: -0.42
2025-01-27 00:27:20,329 - INFO - Pan Angle: 39.96, Tilt Angle: 24.84
2025-01-27 00:27:20,580 - INFO - Time: 12.46s | Error X: -0.39, Error Y: -0.42
2025-01-27 00:27:20,619 - INFO - Pan Angle: 38.88, Tilt Angle: 24.84
2025-01-27 00:27:20,711 - INFO - Time: 12.70s | Error X: -0.39, Error Y: -0.43
2025-01-27 00:27:20,744 - INFO - Pan Angle: 38.88, Tilt Angle: 24.84
2025-01-27 00:27:21,150 - INFO - Time: 13.09s | Error X: 0.27, Error Y: -0.42
2025-01-27 00:27:21,181 - INFO - Pan Angle: -0.0, Tilt Angle: 24.84
2025-01-27 00:27:21,333 - INFO - Time: 13.26s | Error X: 0.27, Error Y: -0.43
2025-01-27 00:27:21,357 - INFO - Pan Angle: -0.0, Tilt Angle: 25.92
2025-01-27 00:27:21,759 - INFO - Time: 13.73s | Error X: -0.39, Error Y: -0.46
2025-01-27 00:27:21,769 - INFO - Pan Angle: 39.96, Tilt Angle: 27.0
2025-01-27 00:27:22,092 - INFO - Time: 13.92s | Error X: -0.39, Error Y: -0.45
2025-01-27 00:27:22,146 - INFO - Pan Angle: 38.88, Tilt Angle: 27.0
2025-01-27 00:27:22,304 - INFO - Time: 14.22s | Error X: -0.39, Error Y: -0.44
2025-01-27 00:27:22,361 - INFO - Pan Angle: 38.88, Tilt Angle: 25.92
2025-01-27 00:27:22,601 - INFO - Time: 14.52s | Error X: 0.28, Error Y: -0.41
2025-01-27 00:27:22,618 - INFO - Pan Angle: -0.0, Tilt Angle: 23.76
2025-01-27 00:27:22,883 - INFO - Time: 14.78s | Error X: 0.28, Error Y: -0.41
2025-01-27 00:27:22,944 - INFO - Pan Angle: -0.0, Tilt Angle: 23.76
2025-01-27 00:27:23,116 - INFO - Time: 15.04s | Error X: 0.28, Error Y: -0.42
2025-01-27 00:27:23,146 - INFO - Pan Angle: -0.0, Tilt Angle: 24.84
2025-01-27 00:27:23,331 - INFO - Time: 15.24s | Error X: -0.39, Error Y: -0.44
2025-01-27 00:27:23,360 - INFO - Pan Angle: 39.96, Tilt Angle: 25.92
2025-01-27 00:27:23,598 - INFO - Time: 15.48s | Error X: -0.39, Error Y: -0.44
2025-01-27 00:27:23,614 - INFO - Pan Angle: 38.88, Tilt Angle: 25.92
2025-01-27 00:27:23,733 - INFO - Time: 15.71s | Error X: -0.39, Error Y: -0.43
2025-01-27 00:27:23,754 - INFO - Pan Angle: 38.88, Tilt Angle: 24.84
2025-01-27 00:27:24,043 - INFO - Time: 15.92s | Error X: 0.28, Error Y: -0.42
2025-01-27 00:27:24,060 - INFO - Pan Angle: -0.0, Tilt Angle: 23.76
2025-01-27 00:27:24,122 - INFO - Time: 16.12s | Error X: 0.28, Error Y: -0.42
2025-01-27 00:27:24,123 - INFO - Pan Angle: -0.0, Tilt Angle: 24.84
2025-01-27 00:27:24,185 - INFO - Time: 16.17s | Error X: 0.28, Error Y: -0.42
2025-01-27 00:27:24,195 - INFO - Pan Angle: -0.0, Tilt Angle: 24.84
2025-01-27 00:27:24,240 - INFO - Time: 16.24s | Error X: 0.28, Error Y: -0.42
2025-01-27 00:27:24,246 - INFO - Pan Angle: -0.0, Tilt Angle: 24.84
2025-01-27 00:27:24,306 - INFO - Time: 16.29s | Error X: 0.28, Error Y: -0.42
2025-01-27 00:27:24,307 - INFO - Pan Angle: -0.0, Tilt Angle: 24.84
2025-01-27 00:27:24,351 - INFO - Time: 16.35s | Error X: 0.28, Error Y: -0.42
2025-01-27 00:27:24,353 - INFO - Pan Angle: -0.0, Tilt Angle: 24.84
2025-01-27 00:27:24,415 - INFO - Time: 16.40s | Error X: 0.28, Error Y: -0.42
2025-01-27 00:27:24,417 - INFO - Pan Angle: -0.0, Tilt Angle: 24.84
2025-01-27 00:27:24,474 - INFO - Time: 16.46s | Error X: 0.28, Error Y: -0.42
2025-01-27 00:27:24,477 - INFO - Pan Angle: -0.0, Tilt Angle: 24.84
2025-01-27 00:27:24,703 - INFO - Time: 16.70s | Error X: -0.38, Error Y: -0.43
2025-01-27 00:27:24,707 - INFO - Pan Angle: 38.88, Tilt Angle: 25.92
2025-01-27 00:27:24,812 - INFO - Time: 16.76s | Error X: -0.38, Error Y: -0.43
2025-01-27 00:27:24,841 - INFO - Pan Angle: 37.8, Tilt Angle: 25.92
2025-01-27 00:27:25,158 - INFO - Time: 16.93s | Error X: -0.38, Error Y: -0.44
2025-01-27 00:27:25,179 - INFO - Pan Angle: 36.72, Tilt Angle: 25.92
2025-01-27 00:27:25,467 - INFO - Time: 17.24s | Error X: -0.38, Error Y: -0.44
2025-01-27 00:27:25,474 - INFO - Pan Angle: 37.8, Tilt Angle: 25.92
2025-01-27 00:27:25,539 - INFO - Time: 17.52s | Error X: 0.26, Error Y: -0.42
2025-01-27 00:27:25,549 - INFO - Pan Angle: -0.0, Tilt Angle: 24.84
2025-01-27 00:27:25,745 - INFO - Time: 17.61s | Error X: 0.26, Error Y: -0.42
2025-01-27 00:27:25,775 - INFO - Pan Angle: -0.0, Tilt Angle: 23.76
2025-01-27 00:27:26,057 - INFO - Time: 17.90s | Error X: 0.26, Error Y: -0.42
2025-01-27 00:27:26,084 - INFO - Pan Angle: -0.0, Tilt Angle: 24.84
2025-01-27 00:27:26,407 - INFO - Time: 18.25s | Error X: -0.38, Error Y: -0.43
2025-01-27 00:27:26,450 - INFO - Pan Angle: 37.8, Tilt Angle: 24.84
2025-01-27 00:27:26,636 - INFO - Time: 18.53s | Error X: -0.38, Error Y: -0.42
2025-01-27 00:27:26,645 - INFO - Pan Angle: 37.8, Tilt Angle: 24.84
2025-01-27 00:27:26,717 - INFO - Time: 18.71s | Error X: -0.38, Error Y: -0.42
2025-01-27 00:27:26,725 - INFO - Pan Angle: 37.8, Tilt Angle: 24.84
2025-01-27 00:27:26,905 - INFO - Time: 18.77s | Error X: -0.38, Error Y: -0.42
2025-01-27 00:27:26,927 - INFO - Pan Angle: 36.72, Tilt Angle: 24.84
2025-01-27 00:27:27,224 - INFO - Time: 19.20s | Error X: 0.27, Error Y: -0.41
2025-01-27 00:27:27,232 - INFO - Pan Angle: -0.0, Tilt Angle: 23.76
2025-01-27 00:27:27,438 - INFO - Time: 19.32s | Error X: 0.27, Error Y: -0.41
2025-01-27 00:27:27,477 - INFO - Pan Angle: -0.0, Tilt Angle: 23.76
2025-01-27 00:27:27,758 - INFO - Time: 19.64s | Error X: 0.27, Error Y: -0.41
2025-01-27 00:27:27,834 - INFO - Pan Angle: -0.0, Tilt Angle: 23.76
2025-01-27 00:27:28,054 - INFO - Time: 19.94s | Error X: -0.37, Error Y: -0.44
2025-01-27 00:27:28,094 - INFO - Pan Angle: 37.8, Tilt Angle: 25.92
2025-01-27 00:27:28,241 - INFO - Time: 20.15s | Error X: -0.37, Error Y: -0.44
2025-01-27 00:27:28,287 - INFO - Pan Angle: 36.72, Tilt Angle: 25.92
2025-01-27 00:27:28,740 - INFO - Time: 20.71s | Error X: 0.25, Error Y: -0.42
2025-01-27 00:27:28,750 - INFO - Pan Angle: -0.0, Tilt Angle: 24.84
2025-01-27 00:27:28,897 - INFO - Time: 20.82s | Error X: 0.25, Error Y: -0.42
2025-01-27 00:27:28,915 - INFO - Pan Angle: -0.0, Tilt Angle: 23.76
2025-01-27 00:27:29,148 - INFO - Time: 21.04s | Error X: 0.25, Error Y: -0.42
2025-01-27 00:27:29,154 - INFO - Pan Angle: -0.0, Tilt Angle: 24.84
2025-01-27 00:27:29,605 - INFO - Time: 21.48s | Error X: -0.38, Error Y: -0.43
2025-01-27 00:27:29,606 - INFO - Pan Angle: 38.88, Tilt Angle: 24.84
2025-01-27 00:27:29,775 - INFO - Time: 21.69s | Error X: -0.38, Error Y: -0.42
2025-01-27 00:27:29,778 - INFO - Pan Angle: 37.8, Tilt Angle: 24.84
2025-01-27 00:27:29,992 - INFO - Time: 21.84s | Error X: -0.38, Error Y: -0.43
2025-01-27 00:27:30,055 - INFO - Pan Angle: 37.8, Tilt Angle: 24.84
2025-01-27 00:27:30,500 - INFO - Time: 22.38s | Error X: 0.27, Error Y: -0.41
2025-01-27 00:27:30,548 - INFO - Pan Angle: -0.0, Tilt Angle: 23.76
2025-01-27 00:27:30,682 - INFO - Time: 22.63s | Error X: 0.27, Error Y: -0.41
2025-01-27 00:27:30,718 - INFO - Pan Angle: -0.0, Tilt Angle: 23.76
2025-01-27 00:27:30,985 - INFO - Time: 22.82s | Error X: 0.27, Error Y: -0.40
2025-01-27 00:27:31,082 - INFO - Pan Angle: -0.0, Tilt Angle: 23.76
2025-01-27 00:27:31,163 - INFO - Time: 23.13s | Error X: -0.38, Error Y: -0.43
2025-01-27 00:27:31,176 - INFO - Pan Angle: 37.8, Tilt Angle: 24.84
2025-01-27 00:27:31,376 - INFO - Time: 23.33s | Error X: -0.38, Error Y: -0.43
2025-01-27 00:27:31,379 - INFO - Pan Angle: 36.72, Tilt Angle: 25.92
2025-01-27 00:27:31,603 - INFO - Time: 23.48s | Error X: -0.38, Error Y: -0.43
2025-01-27 00:27:31,604 - INFO - Pan Angle: 36.72, Tilt Angle: 24.84
2025-01-27 00:27:31,729 - INFO - Time: 23.71s | Error X: 0.27, Error Y: -0.42
2025-01-27 00:27:31,738 - INFO - Pan Angle: -0.0, Tilt Angle: 23.76
2025-01-27 00:27:31,849 - INFO - Time: 23.80s | Error X: 0.27, Error Y: -0.42
2025-01-27 00:27:31,855 - INFO - Pan Angle: -0.0, Tilt Angle: 24.84
2025-01-27 00:27:31,937 - INFO - Time: 23.90s | Error X: 0.27, Error Y: -0.42
2025-01-27 00:27:31,943 - INFO - Pan Angle: -0.0, Tilt Angle: 24.84
2025-01-27 00:27:32,046 - INFO - Time: 24.01s | Error X: 0.27, Error Y: -0.42
2025-01-27 00:27:32,050 - INFO - Pan Angle: -0.0, Tilt Angle: 24.84
2025-01-27 00:27:32,137 - INFO - Time: 24.11s | Error X: 0.27, Error Y: -0.41
2025-01-27 00:27:32,141 - INFO - Pan Angle: -0.0, Tilt Angle: 23.76
2025-01-27 00:27:32,218 - INFO - Time: 24.22s | Error X: 0.27, Error Y: -0.41
2025-01-27 00:27:32,219 - INFO - Pan Angle: -0.0, Tilt Angle: 23.76
2025-01-27 00:27:32,749 - INFO - Time: 24.60s | Error X: -0.39, Error Y: -0.42
2025-01-27 00:27:32,768 - INFO - Pan Angle: 38.88, Tilt Angle: 24.84
2025-01-27 00:27:32,948 - INFO - Time: 24.85s | Error X: -0.38, Error Y: -0.42
2025-01-27 00:27:32,959 - INFO - Pan Angle: 37.8, Tilt Angle: 24.84
2025-01-27 00:27:33,173 - INFO - Time: 25.06s | Error X: -0.38, Error Y: -0.42
2025-01-27 00:27:33,265 - INFO - Pan Angle: 37.8, Tilt Angle: 24.84
2025-01-27 00:27:34,267 - INFO - Time: 25.91s | Error X: 0.29, Error Y: -0.40
2025-01-27 00:27:34,301 - INFO - Pan Angle: -0.0, Tilt Angle: 22.68
2025-01-27 00:27:34,419 - INFO - Time: 26.35s | Error X: 0.29, Error Y: -0.40
2025-01-27 00:27:34,509 - INFO - Pan Angle: -0.0, Tilt Angle: 23.76
2025-01-27 00:27:34,572 - INFO - Time: 26.57s | Error X: 0.29, Error Y: -0.40
2025-01-27 00:27:34,573 - INFO - Pan Angle: -0.0, Tilt Angle: 23.76
2025-01-27 00:27:34,642 - INFO - Time: 26.63s | Error X: 0.29, Error Y: -0.40
2025-01-27 00:27:34,644 - INFO - Pan Angle: -0.0, Tilt Angle: 23.76
2025-01-27 00:27:35,046 - INFO - Time: 26.97s | Error X: -0.38, Error Y: -0.42
2025-01-27 00:27:35,061 - INFO - Pan Angle: 37.8, Tilt Angle: 24.84
2025-01-27 00:27:35,348 - INFO - Time: 27.12s | Error X: -0.38, Error Y: -0.42
2025-01-27 00:27:35,356 - INFO - Pan Angle: 36.72, Tilt Angle: 24.84
2025-01-27 00:27:35,713 - INFO - Time: 27.64s | Error X: 0.29, Error Y: -0.41
2025-01-27 00:27:35,725 - INFO - Pan Angle: -0.0, Tilt Angle: 23.76
2025-01-27 00:27:35,884 - INFO - Time: 27.80s | Error X: 0.29, Error Y: -0.41
2025-01-27 00:27:35,892 - INFO - Pan Angle: -0.0, Tilt Angle: 23.76
2025-01-27 00:27:36,101 - INFO - Time: 27.95s | Error X: 0.29, Error Y: -0.41
2025-01-27 00:27:36,207 - INFO - Pan Angle: -0.0, Tilt Angle: 23.76
2025-01-27 00:27:36,490 - INFO - Time: 28.37s | Error X: -0.38, Error Y: -0.42
2025-01-27 00:27:36,531 - INFO - Pan Angle: 37.8, Tilt Angle: 24.84
2025-01-27 00:27:36,693 - INFO - Time: 28.60s | Error X: -0.38, Error Y: -0.41
2025-01-27 00:27:36,726 - INFO - Pan Angle: 36.72, Tilt Angle: 23.76
2025-01-27 00:27:36,971 - INFO - Time: 28.82s | Error X: -0.38, Error Y: -0.42
2025-01-27 00:27:37,006 - INFO - Pan Angle: 36.72, Tilt Angle: 24.84
2025-01-27 00:27:37,213 - INFO - Time: 29.14s | Error X: 0.28, Error Y: -0.39
2025-01-27 00:27:37,221 - INFO - Pan Angle: -0.0, Tilt Angle: 22.68
2025-01-27 00:27:37,284 - INFO - Time: 29.26s | Error X: 0.28, Error Y: -0.39
2025-01-27 00:27:37,287 - INFO - Pan Angle: -0.0, Tilt Angle: 22.68
2025-01-27 00:27:37,335 - INFO - Time: 29.33s | Error X: 0.28, Error Y: -0.39
2025-01-27 00:27:37,339 - INFO - Pan Angle: -0.0, Tilt Angle: 22.68
2025-01-27 00:27:37,403 - INFO - Time: 29.38s | Error X: 0.28, Error Y: -0.39
2025-01-27 00:27:37,406 - INFO - Pan Angle: -0.0, Tilt Angle: 22.68
2025-01-27 00:27:37,445 - INFO - Time: 29.45s | Error X: 0.28, Error Y: -0.39
2025-01-27 00:27:37,446 - INFO - Pan Angle: -0.0, Tilt Angle: 22.68
2025-01-27 00:27:37,509 - INFO - Time: 29.49s | Error X: 0.28, Error Y: -0.39
2025-01-27 00:27:37,510 - INFO - Pan Angle: -0.0, Tilt Angle: 22.68
2025-01-27 00:27:37,550 - INFO - Time: 29.55s | Error X: 0.28, Error Y: -0.39
2025-01-27 00:27:37,552 - INFO - Pan Angle: -0.0, Tilt Angle: 22.68
2025-01-27 00:27:37,617 - INFO - Time: 29.60s | Error X: 0.28, Error Y: -0.39
2025-01-27 00:27:37,620 - INFO - Pan Angle: -0.0, Tilt Angle: 22.68
2025-01-27 00:27:37,690 - INFO - Time: 29.66s | Error X: 0.28, Error Y: -0.40
2025-01-27 00:27:37,693 - INFO - Pan Angle: -0.0, Tilt Angle: 22.68
2025-01-27 00:27:38,045 - INFO - Time: 30.03s | Error X: -0.37, Error Y: -0.41
2025-01-27 00:27:38,047 - INFO - Pan Angle: 36.72, Tilt Angle: 23.76
2025-01-27 00:27:38,295 - INFO - Time: 30.14s | Error X: -0.37, Error Y: -0.41
2025-01-27 00:27:38,366 - INFO - Pan Angle: 36.72, Tilt Angle: 23.76
2025-01-27 00:27:38,601 - INFO - Time: 30.47s | Error X: -0.37, Error Y: -0.41
2025-01-27 00:27:38,664 - INFO - Pan Angle: 35.64, Tilt Angle: 23.76
2025-01-27 00:27:38,896 - INFO - Time: 30.81s | Error X: 0.29, Error Y: -0.40
2025-01-27 00:27:38,898 - INFO - Pan Angle: -0.0, Tilt Angle: 22.68
2025-01-27 00:27:38,968 - INFO - Time: 30.95s | Error X: 0.28, Error Y: -0.40
2025-01-27 00:27:39,000 - INFO - Pan Angle: -0.0, Tilt Angle: 23.76
2025-01-27 00:27:39,238 - INFO - Time: 31.14s | Error X: 0.28, Error Y: -0.40
2025-01-27 00:27:39,258 - INFO - Pan Angle: -0.0, Tilt Angle: 23.76
2025-01-27 00:27:39,467 - INFO - Time: 31.34s | Error X: 0.28, Error Y: -0.40
2025-01-27 00:27:39,523 - INFO - Pan Angle: -0.0, Tilt Angle: 22.68
2025-01-27 00:27:39,801 - INFO - Time: 31.63s | Error X: -0.37, Error Y: -0.40
2025-01-27 00:27:39,833 - INFO - Pan Angle: 36.72, Tilt Angle: 23.76
2025-01-27 00:27:39,928 - INFO - Time: 31.91s | Error X: -0.37, Error Y: -0.40
2025-01-27 00:27:39,943 - INFO - Pan Angle: 35.64, Tilt Angle: 23.76
2025-01-27 00:27:40,047 - INFO - Time: 32.03s | Error X: -0.37, Error Y: -0.40
2025-01-27 00:27:40,049 - INFO - Pan Angle: 35.64, Tilt Angle: 22.68
2025-01-27 00:27:40,215 - INFO - Time: 32.13s | Error X: -0.37, Error Y: -0.40
2025-01-27 00:27:40,239 - INFO - Pan Angle: 35.64, Tilt Angle: 22.68
2025-01-27 00:27:40,620 - INFO - Time: 32.60s | Error X: 0.24, Error Y: -0.38
2025-01-27 00:27:40,622 - INFO - Pan Angle: -0.0, Tilt Angle: 21.6
2025-01-27 00:27:40,788 - INFO - Time: 32.70s | Error X: 0.24, Error Y: -0.38
2025-01-27 00:27:40,790 - INFO - Pan Angle: -0.0, Tilt Angle: 22.68
2025-01-27 00:27:40,980 - INFO - Time: 32.88s | Error X: 0.24, Error Y: -0.38
2025-01-27 00:27:41,024 - INFO - Pan Angle: -0.0, Tilt Angle: 22.68
2025-01-27 00:27:41,373 - INFO - Time: 33.24s | Error X: -0.37, Error Y: -0.40
2025-01-27 00:27:41,449 - INFO - Pan Angle: 36.72, Tilt Angle: 23.76
2025-01-27 00:27:41,623 - INFO - Time: 33.55s | Error X: -0.37, Error Y: -0.40
2025-01-27 00:27:41,712 - INFO - Pan Angle: 35.64, Tilt Angle: 23.76
2025-01-27 00:27:42,337 - INFO - Time: 34.16s | Error X: 0.29, Error Y: -0.40
2025-01-27 00:27:42,347 - INFO - Pan Angle: -0.0, Tilt Angle: 22.68
2025-01-27 00:27:42,519 - INFO - Time: 34.43s | Error X: 0.28, Error Y: -0.40
2025-01-27 00:27:42,535 - INFO - Pan Angle: -0.0, Tilt Angle: 22.68
2025-01-27 00:27:42,697 - INFO - Time: 34.62s | Error X: 0.28, Error Y: -0.40
2025-01-27 00:27:42,712 - INFO - Pan Angle: -0.0, Tilt Angle: 22.68
2025-01-27 00:27:42,770 - INFO - Time: 34.77s | Error X: 0.28, Error Y: -0.39
2025-01-27 00:27:42,776 - INFO - Pan Angle: -0.0, Tilt Angle: 22.68
2025-01-27 00:27:43,009 - INFO - Time: 34.99s | Error X: -0.37, Error Y: -0.40
2025-01-27 00:27:43,015 - INFO - Pan Angle: 36.72, Tilt Angle: 23.76
2025-01-27 00:27:43,052 - INFO - Time: 35.06s | Error X: -0.37, Error Y: -0.40
2025-01-27 00:27:43,054 - INFO - Pan Angle: 35.64, Tilt Angle: 23.76
2025-01-27 00:27:43,185 - INFO - Time: 35.10s | Error X: -0.37, Error Y: -0.40
2025-01-27 00:27:43,226 - INFO - Pan Angle: 35.64, Tilt Angle: 23.76
2025-01-27 00:27:43,762 - INFO - Time: 35.62s | Error X: 0.24, Error Y: -0.39
2025-01-27 00:27:43,782 - INFO - Pan Angle: -0.0, Tilt Angle: 22.68
2025-01-27 00:27:43,906 - INFO - Time: 35.83s | Error X: 0.24, Error Y: -0.39
2025-01-27 00:27:43,924 - INFO - Pan Angle: -0.0, Tilt Angle: 22.68
2025-01-27 00:27:44,096 - INFO - Time: 36.01s | Error X: 0.24, Error Y: -0.39
2025-01-27 00:27:44,100 - INFO - Pan Angle: -0.0, Tilt Angle: 22.68
2025-01-27 00:27:44,467 - INFO - Time: 36.47s | Error X: -0.38, Error Y: -0.41
2025-01-27 00:27:44,499 - INFO - Pan Angle: 37.8, Tilt Angle: 23.76
2025-01-27 00:27:44,627 - INFO - Time: 36.56s | Error X: -0.38, Error Y: -0.40
2025-01-27 00:27:44,728 - INFO - Pan Angle: 36.72, Tilt Angle: 22.68
2025-01-27 00:27:45,230 - INFO - Time: 37.24s | Error X: 0.29, Error Y: -0.40
2025-01-27 00:27:45,234 - INFO - Pan Angle: -0.0, Tilt Angle: 22.68
2025-01-27 00:27:45,349 - INFO - Time: 37.29s | Error X: 0.29, Error Y: -0.39
2025-01-27 00:27:45,352 - INFO - Pan Angle: -0.0, Tilt Angle: 22.68
2025-01-27 00:27:45,587 - INFO - Time: 37.40s | Error X: 0.29, Error Y: -0.40
2025-01-27 00:27:45,617 - INFO - Pan Angle: -0.0, Tilt Angle: 22.68
2025-01-27 00:27:45,899 - INFO - Time: 37.82s | Error X: 0.29, Error Y: -0.40
2025-01-27 00:27:45,949 - INFO - Pan Angle: -0.0, Tilt Angle: 22.68
2025-01-27 00:27:46,048 - INFO - Time: 38.01s | Error X: -0.37, Error Y: -0.40
2025-01-27 00:27:46,051 - INFO - Pan Angle: 36.72, Tilt Angle: 23.76
2025-01-27 00:27:46,234 - INFO - Time: 38.13s | Error X: -0.37, Error Y: -0.40
2025-01-27 00:27:46,267 - INFO - Pan Angle: 35.64, Tilt Angle: 22.68
2025-01-27 00:27:46,484 - INFO - Time: 38.35s | Error X: -0.37, Error Y: -0.40
2025-01-27 00:27:46,581 - INFO - Pan Angle: 35.64, Tilt Angle: 22.68
2025-01-27 00:27:46,910 - INFO - Time: 38.82s | Error X: 0.24, Error Y: -0.38
2025-01-27 00:27:46,949 - INFO - Pan Angle: -0.0, Tilt Angle: 21.6
2025-01-27 00:27:47,061 - INFO - Time: 39.03s | Error X: 0.23, Error Y: -0.40
2025-01-27 00:27:47,063 - INFO - Pan Angle: -0.0, Tilt Angle: 22.68
2025-01-27 00:27:47,213 - INFO - Time: 39.16s | Error X: 0.23, Error Y: -0.40
2025-01-27 00:27:47,217 - INFO - Pan Angle: -0.0, Tilt Angle: 22.68
2025-01-27 00:27:47,427 - INFO - Time: 39.27s | Error X: 0.23, Error Y: -0.40
2025-01-27 00:27:47,443 - INFO - Pan Angle: -0.0, Tilt Angle: 22.68
2025-01-27 00:27:47,701 - INFO - Time: 39.62s | Error X: -0.42, Error Y: -0.46
2025-01-27 00:27:47,716 - INFO - Pan Angle: 41.58, Tilt Angle: 27.0
