2025-01-27 00:16:10,823 - INFO - Logging system initialized.
2025-01-27 00:16:10,945 - INFO - 
Pan and Tilt Mechanism: 
Current Date:  2025-01-27

-------------------------Running Parameters-------------------------

Pan Servo: Pin 17 PID Values:  
 KP: 100
 KI: 0
 KD: 30 Angle Range -135-135 Current Angle -0.0 
 
Tilt Servo: Pin 27 PID Values:  
 KP: 60
 KI: 0
 KD: 10 Angle Range -135-135 Current Angle -0.0 
 
Threading Events (Boolean) 
 Show Plots: True 
 Show Feed True
-------------------------


2025-01-27 00:16:16,049 - INFO - Time: 4.26s | Error X: -0.35, Error Y: -0.71
2025-01-27 00:16:16,133 - INFO - Pan Angle: 36.72, Tilt Angle: 43.74
2025-01-27 00:16:16,673 - INFO - Time: 5.31s | Error X: -0.15, Error Y: -0.65
2025-01-27 00:16:16,776 - INFO - Pan Angle: 13.5, Tilt Angle: 37.8
2025-01-27 00:16:17,172 - INFO - Time: 5.91s | Error X: -0.14, Error Y: -0.61
2025-01-27 00:16:17,202 - INFO - Pan Angle: 12.96, Tilt Angle: 35.64
2025-01-27 00:16:17,854 - INFO - Time: 6.26s | Error X: 0.54, Error Y: -0.15
2025-01-27 00:16:17,879 - INFO - Pan Angle: -0.0, Tilt Angle: 7.56
2025-01-27 00:16:18,046 - INFO - Time: 6.96s | Error X: 0.15, Error Y: -0.17
2025-01-27 00:16:18,049 - INFO - Pan Angle: -0.0, Tilt Angle: 9.72
2025-01-27 00:16:18,366 - INFO - Time: 7.11s | Error X: 0.15, Error Y: -0.17
2025-01-27 00:16:18,372 - INFO - Pan Angle: -0.0, Tilt Angle: 9.72
2025-01-27 00:16:18,639 - INFO - Time: 7.45s | Error X: 0.15, Error Y: -0.17
2025-01-27 00:16:18,658 - INFO - Pan Angle: -0.0, Tilt Angle: 9.72
2025-01-27 00:16:18,849 - INFO - Time: 7.74s | Error X: 0.00, Error Y: -0.29
2025-01-27 00:16:18,857 - INFO - Pan Angle: -0.0, Tilt Angle: 16.74
2025-01-27 00:16:18,927 - INFO - Time: 7.92s | Error X: -0.07, Error Y: -0.35
2025-01-27 00:16:18,929 - INFO - Pan Angle: 5.94, Tilt Angle: 20.52
2025-01-27 00:16:19,388 - INFO - Time: 7.99s | Error X: -0.07, Error Y: -0.35
2025-01-27 00:16:19,401 - INFO - Pan Angle: 5.94, Tilt Angle: 20.52
2025-01-27 00:16:19,637 - INFO - Time: 8.55s | Error X: -0.08, Error Y: -0.36
2025-01-27 00:16:19,660 - INFO - Pan Angle: 6.48, Tilt Angle: 20.52
2025-01-27 00:16:19,960 - INFO - Time: 8.78s | Error X: -0.11, Error Y: -0.35
2025-01-27 00:16:19,991 - INFO - Pan Angle: 9.72, Tilt Angle: 19.98
2025-01-27 00:16:20,302 - INFO - Time: 9.12s | Error X: -0.16, Error Y: -0.33
2025-01-27 00:16:20,379 - INFO - Pan Angle: 15.66, Tilt Angle: 18.9
2025-01-27 00:16:20,908 - INFO - Time: 9.50s | Error X: -0.17, Error Y: -0.33
2025-01-27 00:16:20,936 - INFO - Pan Angle: 16.74, Tilt Angle: 19.98
2025-01-27 00:16:21,423 - INFO - Time: 10.08s | Error X: -0.14, Error Y: -0.30
2025-01-27 00:16:21,458 - INFO - Pan Angle: 13.5, Tilt Angle: 16.74
2025-01-27 00:16:21,804 - INFO - Time: 10.55s | Error X: -0.37, Error Y: -0.48
2025-01-27 00:16:21,891 - INFO - Pan Angle: 36.72, Tilt Angle: 28.62
2025-01-27 00:16:38,254 - INFO - Time: 27.17s | Error X: -0.22, Error Y: -0.85
2025-01-27 00:16:38,265 - INFO - Pan Angle: 21.6, Tilt Angle: 49.68
2025-01-27 00:16:38,527 - INFO - Time: 27.36s | Error X: -0.22, Error Y: -0.84
2025-01-27 00:16:38,592 - INFO - Pan Angle: 20.52, Tilt Angle: 49.68
2025-01-27 00:16:38,849 - INFO - Time: 27.76s | Error X: -0.20, Error Y: -0.84
2025-01-27 00:16:38,874 - INFO - Pan Angle: 18.9, Tilt Angle: 49.68
2025-01-27 00:16:39,142 - INFO - Time: 28.00s | Error X: -0.34, Error Y: -0.51
2025-01-27 00:16:39,148 - INFO - Pan Angle: 32.94, Tilt Angle: 29.7
2025-01-27 00:16:39,187 - INFO - Time: 28.21s | Error X: -0.33, Error Y: -0.50
2025-01-27 00:16:39,188 - INFO - Pan Angle: 31.86, Tilt Angle: 29.7
2025-01-27 00:16:39,243 - INFO - Time: 28.25s | Error X: -0.32, Error Y: -0.50
2025-01-27 00:16:39,244 - INFO - Pan Angle: 31.86, Tilt Angle: 28.62
2025-01-27 00:16:39,321 - INFO - Time: 28.30s | Error X: -0.32, Error Y: -0.50
2025-01-27 00:16:39,325 - INFO - Pan Angle: 31.86, Tilt Angle: 28.62
2025-01-27 00:16:39,432 - INFO - Time: 28.39s | Error X: -0.33, Error Y: -0.49
2025-01-27 00:16:39,434 - INFO - Pan Angle: 31.86, Tilt Angle: 28.62
2025-01-27 00:16:39,580 - INFO - Time: 28.50s | Error X: -0.33, Error Y: -0.49
2025-01-27 00:16:39,582 - INFO - Pan Angle: 32.94, Tilt Angle: 28.62
2025-01-27 00:16:39,867 - INFO - Time: 28.68s | Error X: -0.38, Error Y: -0.49
2025-01-27 00:16:39,918 - INFO - Pan Angle: 36.72, Tilt Angle: 28.62
2025-01-27 00:16:40,184 - INFO - Time: 29.02s | Error X: -0.29, Error Y: -0.53
2025-01-27 00:16:40,188 - INFO - Pan Angle: 27.54, Tilt Angle: 30.78
2025-01-27 00:16:40,511 - INFO - Time: 29.35s | Error X: -0.32, Error Y: -0.55
2025-01-27 00:16:40,571 - INFO - Pan Angle: 30.78, Tilt Angle: 32.94
2025-01-27 00:16:40,741 - INFO - Time: 29.67s | Error X: -0.28, Error Y: -0.54
2025-01-27 00:16:40,767 - INFO - Pan Angle: 27.54, Tilt Angle: 31.86
2025-01-27 00:16:40,892 - INFO - Time: 29.85s | Error X: -0.31, Error Y: -0.54
2025-01-27 00:16:40,955 - INFO - Pan Angle: 29.7, Tilt Angle: 31.86
2025-01-27 00:16:41,084 - INFO - Time: 30.02s | Error X: -0.30, Error Y: -0.54
2025-01-27 00:16:41,091 - INFO - Pan Angle: 28.62, Tilt Angle: 31.86
2025-01-27 00:16:41,380 - INFO - Time: 30.23s | Error X: -0.29, Error Y: -0.53
2025-01-27 00:16:41,388 - INFO - Pan Angle: 28.62, Tilt Angle: 30.78
2025-01-27 00:16:41,565 - INFO - Time: 30.45s | Error X: -0.28, Error Y: -0.52
2025-01-27 00:16:41,573 - INFO - Pan Angle: 27.0, Tilt Angle: 29.7
2025-01-27 00:16:41,796 - INFO - Time: 30.64s | Error X: -0.28, Error Y: -0.52
2025-01-27 00:16:41,844 - INFO - Pan Angle: 27.0, Tilt Angle: 30.78
2025-01-27 00:16:42,190 - INFO - Time: 31.02s | Error X: -0.28, Error Y: -0.51
2025-01-27 00:16:42,238 - INFO - Pan Angle: 27.54, Tilt Angle: 29.7
2025-01-27 00:16:42,467 - INFO - Time: 31.36s | Error X: -0.28, Error Y: -0.50
2025-01-27 00:16:42,505 - INFO - Pan Angle: 27.54, Tilt Angle: 28.62
2025-01-27 00:16:42,668 - INFO - Time: 31.58s | Error X: -0.22, Error Y: -0.28
2025-01-27 00:16:42,687 - INFO - Pan Angle: 21.6, Tilt Angle: 15.66
2025-01-27 00:16:43,067 - INFO - Time: 31.83s | Error X: -0.00, Error Y: -0.31
2025-01-27 00:16:43,084 - INFO - Pan Angle: -0.0, Tilt Angle: 17.82
2025-01-27 00:16:43,286 - INFO - Time: 32.18s | Error X: 0.00, Error Y: -0.30
2025-01-27 00:16:43,329 - INFO - Pan Angle: -0.0, Tilt Angle: 17.82
2025-01-27 00:16:43,465 - INFO - Time: 32.39s | Error X: -0.10, Error Y: -0.42
2025-01-27 00:16:43,468 - INFO - Pan Angle: 8.64, Tilt Angle: 24.84
2025-01-27 00:16:43,657 - INFO - Time: 32.54s | Error X: -0.13, Error Y: -0.47
2025-01-27 00:16:43,702 - INFO - Pan Angle: 12.96, Tilt Angle: 27.54
2025-01-27 00:16:44,105 - INFO - Time: 32.83s | Error X: -0.56, Error Y: -0.47
2025-01-27 00:16:44,174 - INFO - Pan Angle: 55.62, Tilt Angle: 27.54
2025-01-27 00:16:44,371 - INFO - Time: 33.29s | Error X: -0.39, Error Y: -0.47
2025-01-27 00:16:44,373 - INFO - Pan Angle: 38.88, Tilt Angle: 27.54
2025-01-27 00:16:44,649 - INFO - Time: 33.57s | Error X: 0.38, Error Y: -0.45
2025-01-27 00:16:44,662 - INFO - Pan Angle: -0.0, Tilt Angle: 25.92
2025-01-27 00:16:44,857 - INFO - Time: 33.74s | Error X: 0.42, Error Y: -0.45
2025-01-27 00:16:44,888 - INFO - Pan Angle: -0.0, Tilt Angle: 27.0
2025-01-27 00:16:45,147 - INFO - Time: 33.96s | Error X: 0.21, Error Y: -0.46
2025-01-27 00:16:45,153 - INFO - Pan Angle: -0.0, Tilt Angle: 27.0
2025-01-27 00:16:45,302 - INFO - Time: 34.22s | Error X: -0.52, Error Y: -0.50
2025-01-27 00:16:45,305 - INFO - Pan Angle: 51.84, Tilt Angle: 28.62
2025-01-27 00:16:45,411 - INFO - Time: 34.37s | Error X: -0.57, Error Y: -0.50
2025-01-27 00:16:45,502 - INFO - Pan Angle: 55.62, Tilt Angle: 28.62
2025-01-27 00:16:45,807 - INFO - Time: 34.66s | Error X: -0.56, Error Y: -0.50
2025-01-27 00:16:45,862 - INFO - Pan Angle: 54.54, Tilt Angle: 28.62
2025-01-27 00:16:46,123 - INFO - Time: 35.01s | Error X: 0.43, Error Y: -0.45
2025-01-27 00:16:46,173 - INFO - Pan Angle: -0.0, Tilt Angle: 25.92
2025-01-27 00:16:46,398 - INFO - Time: 35.28s | Error X: 0.43, Error Y: -0.44
2025-01-27 00:16:46,408 - INFO - Pan Angle: -0.0, Tilt Angle: 25.92
2025-01-27 00:16:46,543 - INFO - Time: 35.47s | Error X: 0.38, Error Y: -0.42
2025-01-27 00:16:46,614 - INFO - Pan Angle: -0.0, Tilt Angle: 23.76
