2025-01-27 00:06:04,099 - INFO - Logging system initialized.
2025-01-27 00:06:04,108 - INFO - 
Pan and Tilt Mechanism: 
Current Date:  2025-01-27

-------------------------Running Parameters-------------------------

Pan Servo: Pin 17 PID Values:  
 KP: 100
 KI: 0
 KD: 30 Angle Range -135-135 Current Angle -0.0 
 
Tilt Servo: Pin 27 PID Values:  
 KP: 60
 KI: 0
 KD: 10 Angle Range -135-135 Current Angle -0.0 
 
Threading Events (Boolean) 
 Show Plots: True 
 Show Feed True
-------------------------


2025-01-27 00:06:04,813 - INFO - Time: 0.56s | Error X: -0.65, Error Y: -0.85
2025-01-27 00:06:04,823 - INFO - Pan Angle: 99.9, Tilt Angle: 65.88
2025-01-27 00:06:05,407 - INFO - Time: 0.73s | Error X: -0.67, Error Y: -0.86
2025-01-27 00:06:05,408 - INFO - Pan Angle: 66.96, Tilt Angle: 50.76
2025-01-27 00:06:05,475 - INFO - Time: 1.31s | Error X: -0.68, Error Y: -0.86
2025-01-27 00:06:05,486 - INFO - Pan Angle: 66.96, Tilt Angle: 50.76
2025-01-27 00:06:05,608 - INFO - Time: 1.39s | Error X: -0.69, Error Y: -0.86
2025-01-27 00:06:05,618 - INFO - Pan Angle: 68.58, Tilt Angle: 50.76
2025-01-27 00:06:05,876 - INFO - Time: 1.53s | Error X: -0.70, Error Y: -0.87
2025-01-27 00:06:05,905 - INFO - Pan Angle: 69.66, Tilt Angle: 51.84
2025-01-27 00:06:06,033 - INFO - Time: 1.80s | Error X: 0.49, Error Y: -0.17
2025-01-27 00:06:06,039 - INFO - Pan Angle: -0.0, Tilt Angle: 5.94
2025-01-27 00:06:06,254 - INFO - Time: 1.94s | Error X: 0.50, Error Y: -0.17
2025-01-27 00:06:06,273 - INFO - Pan Angle: -0.0, Tilt Angle: 9.72
2025-01-27 00:06:06,789 - INFO - Time: 2.63s | Error X: -0.74, Error Y: -0.84
2025-01-27 00:06:06,792 - INFO - Pan Angle: 87.48, Tilt Angle: 51.84
2025-01-27 00:06:07,133 - INFO - Time: 2.87s | Error X: -0.73, Error Y: -0.83
2025-01-27 00:06:07,155 - INFO - Pan Angle: 72.9, Tilt Angle: 48.6
2025-01-27 00:06:08,166 - INFO - Time: 3.95s | Error X: 0.63, Error Y: -0.39
2025-01-27 00:06:08,180 - INFO - Pan Angle: -0.0, Tilt Angle: 21.6
2025-01-27 00:06:08,302 - INFO - Time: 4.11s | Error X: 0.62, Error Y: -0.38
2025-01-27 00:06:08,304 - INFO - Pan Angle: -0.0, Tilt Angle: 21.6
2025-01-27 00:06:08,492 - INFO - Time: 4.20s | Error X: 0.63, Error Y: -0.38
2025-01-27 00:06:08,571 - INFO - Pan Angle: -0.0, Tilt Angle: 21.6
2025-01-27 00:06:08,889 - INFO - Time: 4.53s | Error X: 0.64, Error Y: -0.38
2025-01-27 00:06:08,956 - INFO - Pan Angle: -0.0, Tilt Angle: 21.6
2025-01-27 00:06:09,268 - INFO - Time: 5.03s | Error X: -0.65, Error Y: -0.49
2025-01-27 00:06:09,328 - INFO - Pan Angle: 72.9, Tilt Angle: 28.62
2025-01-27 00:06:09,453 - INFO - Time: 5.25s | Error X: -0.65, Error Y: -0.48
2025-01-27 00:06:09,457 - INFO - Pan Angle: 63.72, Tilt Angle: 27.54
2025-01-27 00:06:09,674 - INFO - Time: 5.40s | Error X: -0.65, Error Y: -0.48
2025-01-27 00:06:09,728 - INFO - Pan Angle: 63.72, Tilt Angle: 27.54
2025-01-27 00:06:10,174 - INFO - Time: 5.89s | Error X: 0.45, Error Y: -0.44
2025-01-27 00:06:10,203 - INFO - Pan Angle: -0.0, Tilt Angle: 25.92
2025-01-27 00:06:10,284 - INFO - Time: 6.13s | Error X: 0.46, Error Y: -0.44
2025-01-27 00:06:10,295 - INFO - Pan Angle: -0.0, Tilt Angle: 25.92
2025-01-27 00:06:10,448 - INFO - Time: 6.21s | Error X: 0.47, Error Y: -0.44
2025-01-27 00:06:10,479 - INFO - Pan Angle: -0.0, Tilt Angle: 25.92
2025-01-27 00:06:10,799 - INFO - Time: 6.64s | Error X: -0.63, Error Y: -0.47
2025-01-27 00:06:10,802 - INFO - Pan Angle: 67.5, Tilt Angle: 27.54
2025-01-27 00:06:10,861 - INFO - Time: 6.70s | Error X: -0.63, Error Y: -0.47
2025-01-27 00:06:10,863 - INFO - Pan Angle: 61.56, Tilt Angle: 27.54
2025-01-27 00:06:11,034 - INFO - Time: 6.76s | Error X: -0.62, Error Y: -0.47
2025-01-27 00:06:11,045 - INFO - Pan Angle: 61.56, Tilt Angle: 27.54
2025-01-27 00:06:11,187 - INFO - Time: 6.96s | Error X: -0.62, Error Y: -0.47
2025-01-27 00:06:11,188 - INFO - Pan Angle: 61.56, Tilt Angle: 27.54
2025-01-27 00:06:11,506 - INFO - Time: 7.29s | Error X: 0.44, Error Y: -0.43
2025-01-27 00:06:11,517 - INFO - Pan Angle: -0.0, Tilt Angle: 24.84
2025-01-27 00:06:11,602 - INFO - Time: 7.42s | Error X: 0.44, Error Y: -0.43
2025-01-27 00:06:11,605 - INFO - Pan Angle: -0.0, Tilt Angle: 24.84
2025-01-27 00:06:11,894 - INFO - Time: 7.51s | Error X: 0.45, Error Y: -0.42
2025-01-27 00:06:11,944 - INFO - Pan Angle: -0.0, Tilt Angle: 24.84
2025-01-27 00:06:12,334 - INFO - Time: 8.13s | Error X: -0.58, Error Y: -0.44
2025-01-27 00:06:12,336 - INFO - Pan Angle: 60.48, Tilt Angle: 25.92
2025-01-27 00:06:12,411 - INFO - Time: 8.24s | Error X: -0.59, Error Y: -0.45
2025-01-27 00:06:12,430 - INFO - Pan Angle: 57.78, Tilt Angle: 25.92
2025-01-27 00:06:12,570 - INFO - Time: 8.38s | Error X: -0.59, Error Y: -0.46
2025-01-27 00:06:12,582 - INFO - Pan Angle: 58.86, Tilt Angle: 27.0
2025-01-27 00:06:12,739 - INFO - Time: 8.53s | Error X: -0.58, Error Y: -0.45
2025-01-27 00:06:12,742 - INFO - Pan Angle: 57.78, Tilt Angle: 25.92
2025-01-27 00:06:13,041 - INFO - Time: 8.71s | Error X: -0.58, Error Y: -0.43
2025-01-27 00:06:13,052 - INFO - Pan Angle: 57.78, Tilt Angle: 24.84
2025-01-27 00:06:13,147 - INFO - Time: 9.01s | Error X: 0.43, Error Y: -0.39
2025-01-27 00:06:13,149 - INFO - Pan Angle: -0.0, Tilt Angle: 22.68
2025-01-27 00:06:13,286 - INFO - Time: 9.05s | Error X: 0.43, Error Y: -0.39
2025-01-27 00:06:13,336 - INFO - Pan Angle: -0.0, Tilt Angle: 22.68
2025-01-27 00:06:13,530 - INFO - Time: 9.25s | Error X: 0.42, Error Y: -0.39
2025-01-27 00:06:13,540 - INFO - Pan Angle: -0.0, Tilt Angle: 22.68
2025-01-27 00:06:13,997 - INFO - Time: 9.71s | Error X: -0.58, Error Y: -0.41
2025-01-27 00:06:14,035 - INFO - Pan Angle: 60.48, Tilt Angle: 23.76
2025-01-27 00:06:14,294 - INFO - Time: 9.96s | Error X: -0.58, Error Y: -0.42
2025-01-27 00:06:14,310 - INFO - Pan Angle: 57.78, Tilt Angle: 24.84
2025-01-27 00:06:14,432 - INFO - Time: 10.25s | Error X: -0.58, Error Y: -0.42
2025-01-27 00:06:14,478 - INFO - Pan Angle: 57.78, Tilt Angle: 24.84
