2025-01-27 00:03:40,198 - INFO - Logging system initialized.
2025-01-27 00:03:40,232 - INFO - 
Pan and Tilt Mechanism: 
Current Date:  2025-01-27

-------------------------Running Parameters-------------------------

Pan Servo: Pin 17 PID Values:  
 KP: 100
 KI: 0
 KD: 30 Angle Range -135-135 Current Angle -0.0 
 
Tilt Servo: Pin 27 PID Values:  
 KP: 60
 KI: 0
 KD: 10 Angle Range -135-135 Current Angle -0.0 
 
Threading Events (Boolean) 
 Show Plots: True 
 Show Feed True
-------------------------


2025-01-27 00:03:57,837 - INFO - Time: 17.48s | Error X: -0.40, Error Y: -0.43
2025-01-27 00:03:57,851 - INFO - Pan Angle: 39.96, Tilt Angle: 24.84
2025-01-27 00:03:57,938 - INFO - Time: 17.62s | Error X: -0.32, Error Y: -0.34
2025-01-27 00:03:57,947 - INFO - Pan Angle: 31.86, Tilt Angle: 19.98
2025-01-27 00:03:58,184 - INFO - Time: 17.72s | Error X: -0.23, Error Y: -0.27
2025-01-27 00:03:58,189 - INFO - Pan Angle: 21.6, Tilt Angle: 15.66
2025-01-27 00:03:58,586 - INFO - Time: 18.18s | Error X: 0.29, Error Y: -0.10
2025-01-27 00:03:58,592 - INFO - Pan Angle: -0.0, Tilt Angle: 5.94
2025-01-27 00:03:58,786 - INFO - Time: 18.37s | Error X: 0.23, Error Y: -0.10
2025-01-27 00:03:58,788 - INFO - Pan Angle: -0.0, Tilt Angle: 4.86
2025-01-27 00:03:58,885 - INFO - Time: 18.56s | Error X: 0.21, Error Y: -0.10
2025-01-27 00:03:58,887 - INFO - Pan Angle: -0.0, Tilt Angle: 5.94
2025-01-27 00:03:58,973 - INFO - Time: 18.66s | Error X: 0.20, Error Y: -0.10
2025-01-27 00:03:58,980 - INFO - Pan Angle: -0.0, Tilt Angle: 5.94
2025-01-27 00:03:59,086 - INFO - Time: 18.75s | Error X: 0.19, Error Y: -0.10
2025-01-27 00:03:59,090 - INFO - Pan Angle: -0.0, Tilt Angle: 5.94
2025-01-27 00:03:59,249 - INFO - Time: 18.93s | Error X: -0.28, Error Y: -0.15
2025-01-27 00:03:59,251 - INFO - Pan Angle: 27.54, Tilt Angle: 8.64
2025-01-27 00:03:59,351 - INFO - Time: 19.02s | Error X: -0.28, Error Y: -0.15
2025-01-27 00:03:59,352 - INFO - Pan Angle: 27.0, Tilt Angle: 7.56
2025-01-27 00:03:59,425 - INFO - Time: 19.12s | Error X: -0.29, Error Y: -0.14
2025-01-27 00:03:59,427 - INFO - Pan Angle: 27.54, Tilt Angle: 7.56
2025-01-27 00:03:59,524 - INFO - Time: 19.19s | Error X: -0.29, Error Y: -0.14
2025-01-27 00:03:59,527 - INFO - Pan Angle: 28.62, Tilt Angle: 7.56
2025-01-27 00:03:59,640 - INFO - Time: 19.30s | Error X: -0.30, Error Y: -0.14
2025-01-27 00:03:59,641 - INFO - Pan Angle: 28.62, Tilt Angle: 7.56
2025-01-27 00:03:59,721 - INFO - Time: 19.41s | Error X: -0.30, Error Y: -0.14
2025-01-27 00:03:59,722 - INFO - Pan Angle: 29.7, Tilt Angle: 7.56
2025-01-27 00:03:59,818 - INFO - Time: 19.53s | Error X: 0.15, Error Y: -0.15
2025-01-27 00:03:59,820 - INFO - Pan Angle: -0.0, Tilt Angle: 8.64
2025-01-27 00:03:59,908 - INFO - Time: 19.59s | Error X: 0.14, Error Y: -0.15
2025-01-27 00:03:59,913 - INFO - Pan Angle: -0.0, Tilt Angle: 7.56
2025-01-27 00:04:00,132 - INFO - Time: 19.69s | Error X: 0.14, Error Y: -0.15
2025-01-27 00:04:00,137 - INFO - Pan Angle: -0.0, Tilt Angle: 8.64
2025-01-27 00:04:00,398 - INFO - Time: 20.06s | Error X: -0.32, Error Y: -0.17
2025-01-27 00:04:00,401 - INFO - Pan Angle: 31.86, Tilt Angle: 9.72
2025-01-27 00:04:00,566 - INFO - Time: 20.17s | Error X: -0.32, Error Y: -0.17
2025-01-27 00:04:00,573 - INFO - Pan Angle: 31.86, Tilt Angle: 9.72
2025-01-27 00:04:00,689 - INFO - Time: 20.34s | Error X: -0.32, Error Y: -0.16
2025-01-27 00:04:00,694 - INFO - Pan Angle: 31.86, Tilt Angle: 8.64
2025-01-27 00:04:01,004 - INFO - Time: 20.66s | Error X: 0.17, Error Y: -0.15
2025-01-27 00:04:01,016 - INFO - Pan Angle: -0.0, Tilt Angle: 7.56
2025-01-27 00:04:01,151 - INFO - Time: 20.79s | Error X: 0.18, Error Y: -0.15
2025-01-27 00:04:01,162 - INFO - Pan Angle: -0.0, Tilt Angle: 8.64
2025-01-27 00:04:01,316 - INFO - Time: 20.94s | Error X: 0.19, Error Y: -0.15
2025-01-27 00:04:01,317 - INFO - Pan Angle: -0.0, Tilt Angle: 7.56
2025-01-27 00:04:01,434 - INFO - Time: 21.09s | Error X: 0.19, Error Y: -0.15
2025-01-27 00:04:01,440 - INFO - Pan Angle: -0.0, Tilt Angle: 7.56
2025-01-27 00:04:01,622 - INFO - Time: 21.31s | Error X: -0.32, Error Y: -0.14
2025-01-27 00:04:01,623 - INFO - Pan Angle: 31.86, Tilt Angle: 7.56
2025-01-27 00:04:01,790 - INFO - Time: 21.41s | Error X: -0.32, Error Y: -0.14
2025-01-27 00:04:01,792 - INFO - Pan Angle: 30.78, Tilt Angle: 7.56
2025-01-27 00:04:01,871 - INFO - Time: 21.56s | Error X: -0.32, Error Y: -0.14
2025-01-27 00:04:01,873 - INFO - Pan Angle: 30.78, Tilt Angle: 7.56
2025-01-27 00:04:01,921 - INFO - Time: 21.64s | Error X: -0.32, Error Y: -0.13
2025-01-27 00:04:01,924 - INFO - Pan Angle: 31.86, Tilt Angle: 6.48
2025-01-27 00:04:02,161 - INFO - Time: 21.86s | Error X: 0.17, Error Y: -0.12
2025-01-27 00:04:02,166 - INFO - Pan Angle: -0.0, Tilt Angle: 6.48
2025-01-27 00:04:02,245 - INFO - Time: 21.93s | Error X: 0.17, Error Y: -0.12
2025-01-27 00:04:02,246 - INFO - Pan Angle: -0.0, Tilt Angle: 6.48
2025-01-27 00:04:02,308 - INFO - Time: 22.01s | Error X: 0.17, Error Y: -0.12
2025-01-27 00:04:02,333 - INFO - Pan Angle: -0.0, Tilt Angle: 6.48
2025-01-27 00:04:02,466 - INFO - Time: 22.11s | Error X: 0.18, Error Y: -0.12
2025-01-27 00:04:02,480 - INFO - Pan Angle: -0.0, Tilt Angle: 6.48
2025-01-27 00:04:02,581 - INFO - Time: 22.27s | Error X: 0.18, Error Y: -0.12
2025-01-27 00:04:02,597 - INFO - Pan Angle: -0.0, Tilt Angle: 6.48
2025-01-27 00:04:02,825 - INFO - Time: 22.52s | Error X: -0.32, Error Y: -0.12
2025-01-27 00:04:02,828 - INFO - Pan Angle: 31.86, Tilt Angle: 6.48
2025-01-27 00:04:03,101 - INFO - Time: 22.60s | Error X: -0.32, Error Y: -0.12
2025-01-27 00:04:03,102 - INFO - Pan Angle: 31.86, Tilt Angle: 6.48
2025-01-27 00:04:03,259 - INFO - Time: 22.87s | Error X: -0.32, Error Y: -0.12
2025-01-27 00:04:03,264 - INFO - Pan Angle: 31.86, Tilt Angle: 6.48
2025-01-27 00:04:03,423 - INFO - Time: 23.04s | Error X: 0.20, Error Y: -0.12
2025-01-27 00:04:03,428 - INFO - Pan Angle: -0.0, Tilt Angle: 6.48
2025-01-27 00:04:03,502 - INFO - Time: 23.20s | Error X: 0.20, Error Y: -0.12
2025-01-27 00:04:03,503 - INFO - Pan Angle: -0.0, Tilt Angle: 6.48
2025-01-27 00:04:03,585 - INFO - Time: 23.27s | Error X: 0.20, Error Y: -0.12
2025-01-27 00:04:03,590 - INFO - Pan Angle: -0.0, Tilt Angle: 6.48
2025-01-27 00:04:03,654 - INFO - Time: 23.36s | Error X: 0.20, Error Y: -0.12
2025-01-27 00:04:03,655 - INFO - Pan Angle: -0.0, Tilt Angle: 6.48
2025-01-27 00:04:03,725 - INFO - Time: 23.42s | Error X: 0.20, Error Y: -0.12
2025-01-27 00:04:03,727 - INFO - Pan Angle: -0.0, Tilt Angle: 6.48
2025-01-27 00:04:03,797 - INFO - Time: 23.50s | Error X: 0.19, Error Y: -0.12
2025-01-27 00:04:03,800 - INFO - Pan Angle: -0.0, Tilt Angle: 5.94
2025-01-27 00:04:04,217 - INFO - Time: 23.86s | Error X: -0.32, Error Y: -0.12
2025-01-27 00:04:04,220 - INFO - Pan Angle: 31.86, Tilt Angle: 6.48
2025-01-27 00:04:04,265 - INFO - Time: 23.99s | Error X: -0.32, Error Y: -0.12
2025-01-27 00:04:04,268 - INFO - Pan Angle: 30.78, Tilt Angle: 6.48
2025-01-27 00:04:04,348 - INFO - Time: 24.04s | Error X: -0.32, Error Y: -0.11
2025-01-27 00:04:04,350 - INFO - Pan Angle: 30.78, Tilt Angle: 5.94
2025-01-27 00:04:04,444 - INFO - Time: 24.12s | Error X: -0.32, Error Y: -0.10
2025-01-27 00:04:04,446 - INFO - Pan Angle: 30.78, Tilt Angle: 5.94
2025-01-27 00:04:04,602 - INFO - Time: 24.22s | Error X: -0.32, Error Y: -0.10
2025-01-27 00:04:04,608 - INFO - Pan Angle: 30.78, Tilt Angle: 5.94
2025-01-27 00:04:04,719 - INFO - Time: 24.38s | Error X: -0.32, Error Y: -0.10
2025-01-27 00:04:04,722 - INFO - Pan Angle: 30.78, Tilt Angle: 5.94
2025-01-27 00:04:04,951 - INFO - Time: 24.60s | Error X: 0.17, Error Y: -0.10
2025-01-27 00:04:04,953 - INFO - Pan Angle: -0.0, Tilt Angle: 5.94
2025-01-27 00:04:05,028 - INFO - Time: 24.72s | Error X: 0.18, Error Y: -0.10
2025-01-27 00:04:05,029 - INFO - Pan Angle: -0.0, Tilt Angle: 4.86
2025-01-27 00:04:05,155 - INFO - Time: 24.80s | Error X: 0.18, Error Y: -0.10
2025-01-27 00:04:05,158 - INFO - Pan Angle: -0.0, Tilt Angle: 5.94
2025-01-27 00:04:05,196 - INFO - Time: 24.93s | Error X: 0.18, Error Y: -0.10
2025-01-27 00:04:05,198 - INFO - Pan Angle: -0.0, Tilt Angle: 5.94
2025-01-27 00:04:05,567 - INFO - Time: 25.26s | Error X: -0.28, Error Y: -0.10
2025-01-27 00:04:05,571 - INFO - Pan Angle: 27.54, Tilt Angle: 5.94
2025-01-27 00:04:05,682 - INFO - Time: 25.34s | Error X: -0.30, Error Y: -0.10
2025-01-27 00:04:05,684 - INFO - Pan Angle: 29.7, Tilt Angle: 4.86
2025-01-27 00:04:05,776 - INFO - Time: 25.45s | Error X: -0.31, Error Y: -0.09
2025-01-27 00:04:05,777 - INFO - Pan Angle: 29.7, Tilt Angle: 4.86
2025-01-27 00:04:05,824 - INFO - Time: 25.54s | Error X: -0.31, Error Y: -0.09
2025-01-27 00:04:05,828 - INFO - Pan Angle: 29.7, Tilt Angle: 4.86
2025-01-27 00:04:06,019 - INFO - Time: 25.60s | Error X: -0.31, Error Y: -0.09
2025-01-27 00:04:06,033 - INFO - Pan Angle: 29.7, Tilt Angle: 4.86
2025-01-27 00:04:06,357 - INFO - Time: 25.96s | Error X: 0.17, Error Y: -0.09
2025-01-27 00:04:06,359 - INFO - Pan Angle: -0.0, Tilt Angle: 4.86
2025-01-27 00:04:06,484 - INFO - Time: 26.13s | Error X: 0.12, Error Y: -0.19
2025-01-27 00:04:06,496 - INFO - Pan Angle: -0.0, Tilt Angle: 10.8
