2025-01-26 23:29:17,813 - INFO - Logging system initialized.
2025-01-26 23:29:17,820 - INFO - 
Pan and Tilt Mechanism: 
Current Date:  2025-01-26

-------------------------Running Parameters-------------------------

Pan Servo: Pin 17 PID Values:  
 KP: 100
 KI: 0
 KD: 30 Angle Range -135-135 Current Angle -0.0 
 
Tilt Servo: Pin 27 PID Values:  
 KP: 60
 KI: 0
 KD: 10 Angle Range -135-135 Current Angle -0.0 
 
Threading Events (Boolean) 
 Show Plots: True 
 Show Feed True
-------------------------


2025-01-26 23:29:37,390 - INFO - Error in the x: -0.265625 Error in the y -0.8875 time: 19.54495096206665 
2025-01-26 23:29:37,391 - INFO - Pan Adjustment: 26.97021399301364, Tilt Adjustment: 53.704081466728915 time: 19.54495096206665
2025-01-26 23:29:37,393 - INFO - Pan Servo Angle: 25.92, Tilt Servo Angle: 52.92
