2025-01-27 00:17:58,389 - INFO - Logging system initialized.
2025-01-27 00:17:58,413 - INFO - 
Pan and Tilt Mechanism: 
Current Date:  2025-01-27

-------------------------Running Parameters-------------------------

Pan Servo: Pin 17 PID Values:  
 KP: 100
 KI: 0
 KD: 30 Angle Range -135-135 Current Angle -0.0 
 
Tilt Servo: Pin 27 PID Values:  
 KP: 60
 KI: 0
 KD: 10 Angle Range -135-135 Current Angle -0.0 
 
Threading Events (Boolean) 
 Show Plots: True 
 Show Feed True
-------------------------


2025-01-27 00:18:02,698 - INFO - Time: 3.88s | Error X: -0.35, Error Y: -0.75
2025-01-27 00:18:02,702 - INFO - Pan Angle: 37.8, Tilt Angle: 45.9
2025-01-27 00:18:02,871 - INFO - Time: 4.32s | Error X: -0.32, Error Y: -0.67
2025-01-27 00:18:02,873 - INFO - Pan Angle: 30.78, Tilt Angle: 38.88
2025-01-27 00:18:03,000 - INFO - Time: 4.46s | Error X: -0.31, Error Y: -0.67
2025-01-27 00:18:03,003 - INFO - Pan Angle: 29.7, Tilt Angle: 39.96
2025-01-27 00:18:03,149 - INFO - Time: 4.60s | Error X: -0.30, Error Y: -0.66
2025-01-27 00:18:03,212 - INFO - Pan Angle: 29.7, Tilt Angle: 38.88
2025-01-27 00:18:03,657 - INFO - Time: 5.16s | Error X: 0.22, Error Y: -0.17
2025-01-27 00:18:03,696 - INFO - Pan Angle: -0.0, Tilt Angle: 8.64
2025-01-27 00:18:03,854 - INFO - Time: 5.32s | Error X: 0.22, Error Y: -0.17
2025-01-27 00:18:03,870 - INFO - Pan Angle: -0.0, Tilt Angle: 9.72
2025-01-27 00:18:04,059 - INFO - Time: 5.47s | Error X: 0.22, Error Y: -0.17
2025-01-27 00:18:04,094 - INFO - Pan Angle: -0.0, Tilt Angle: 9.72
2025-01-27 00:18:04,291 - INFO - Time: 5.73s | Error X: -0.28, Error Y: -0.39
2025-01-27 00:18:04,363 - INFO - Pan Angle: 29.7, Tilt Angle: 22.68
2025-01-27 00:18:04,687 - INFO - Time: 6.01s | Error X: -0.32, Error Y: -0.46
2025-01-27 00:18:04,757 - INFO - Pan Angle: 30.78, Tilt Angle: 27.0
2025-01-27 00:18:04,944 - INFO - Time: 6.37s | Error X: 0.14, Error Y: -0.43
2025-01-27 00:18:04,967 - INFO - Pan Angle: -0.0, Tilt Angle: 24.84
2025-01-27 00:18:05,188 - INFO - Time: 6.56s | Error X: 0.21, Error Y: -0.42
2025-01-27 00:18:05,194 - INFO - Pan Angle: -0.0, Tilt Angle: 23.76
2025-01-27 00:18:05,608 - INFO - Time: 6.89s | Error X: -0.31, Error Y: -0.41
2025-01-27 00:18:05,615 - INFO - Pan Angle: 32.94, Tilt Angle: 23.76
2025-01-27 00:18:05,806 - INFO - Time: 7.21s | Error X: -0.30, Error Y: -0.41
2025-01-27 00:18:05,808 - INFO - Pan Angle: 29.7, Tilt Angle: 23.76
2025-01-27 00:18:05,925 - INFO - Time: 7.40s | Error X: -0.30, Error Y: -0.41
2025-01-27 00:18:05,930 - INFO - Pan Angle: 29.7, Tilt Angle: 23.76
2025-01-27 00:18:06,391 - INFO - Time: 7.55s | Error X: -0.31, Error Y: -0.40
2025-01-27 00:18:06,516 - INFO - Pan Angle: 29.7, Tilt Angle: 22.68
2025-01-27 00:18:06,769 - INFO - Time: 8.19s | Error X: 0.21, Error Y: -0.38
2025-01-27 00:18:06,771 - INFO - Pan Angle: -0.0, Tilt Angle: 21.6
2025-01-27 00:18:06,896 - INFO - Time: 8.39s | Error X: 0.21, Error Y: -0.38
2025-01-27 00:18:06,958 - INFO - Pan Angle: -0.0, Tilt Angle: 22.68
2025-01-27 00:18:07,177 - INFO - Time: 8.57s | Error X: 0.21, Error Y: -0.38
2025-01-27 00:18:07,212 - INFO - Pan Angle: -0.0, Tilt Angle: 21.6
2025-01-27 00:18:07,451 - INFO - Time: 8.80s | Error X: -0.28, Error Y: -0.38
2025-01-27 00:18:07,484 - INFO - Pan Angle: 28.62, Tilt Angle: 21.6
2025-01-27 00:18:07,749 - INFO - Time: 9.16s | Error X: -0.31, Error Y: -0.37
2025-01-27 00:18:07,779 - INFO - Pan Angle: 30.78, Tilt Angle: 20.52
2025-01-27 00:18:08,048 - INFO - Time: 9.48s | Error X: 0.17, Error Y: -0.37
2025-01-27 00:18:08,050 - INFO - Pan Angle: -0.0, Tilt Angle: 21.6
2025-01-27 00:18:08,238 - INFO - Time: 9.66s | Error X: 0.17, Error Y: -0.37
2025-01-27 00:18:08,251 - INFO - Pan Angle: -0.0, Tilt Angle: 21.6
2025-01-27 00:18:08,365 - INFO - Time: 9.85s | Error X: 0.17, Error Y: -0.37
2025-01-27 00:18:08,368 - INFO - Pan Angle: -0.0, Tilt Angle: 21.6
2025-01-27 00:18:08,446 - INFO - Time: 9.96s | Error X: 0.17, Error Y: -0.37
2025-01-27 00:18:08,452 - INFO - Pan Angle: -0.0, Tilt Angle: 21.6
2025-01-27 00:18:08,680 - INFO - Time: 10.04s | Error X: 0.17, Error Y: -0.37
2025-01-27 00:18:08,763 - INFO - Pan Angle: -0.0, Tilt Angle: 21.6
2025-01-27 00:18:09,026 - INFO - Time: 10.41s | Error X: -0.35, Error Y: -0.38
2025-01-27 00:18:09,029 - INFO - Pan Angle: 35.64, Tilt Angle: 22.68
2025-01-27 00:18:09,219 - INFO - Time: 10.62s | Error X: -0.37, Error Y: -0.39
2025-01-27 00:18:09,272 - INFO - Pan Angle: 36.72, Tilt Angle: 22.68
2025-01-27 00:18:09,545 - INFO - Time: 10.88s | Error X: -0.39, Error Y: -0.42
2025-01-27 00:18:09,591 - INFO - Pan Angle: 37.8, Tilt Angle: 24.84
2025-01-27 00:18:09,780 - INFO - Time: 11.19s | Error X: 0.27, Error Y: -0.37
2025-01-27 00:18:09,782 - INFO - Pan Angle: -0.0, Tilt Angle: 21.6
2025-01-27 00:18:09,876 - INFO - Time: 11.37s | Error X: 0.26, Error Y: -0.32
2025-01-27 00:18:09,879 - INFO - Pan Angle: -0.0, Tilt Angle: 18.9
2025-01-27 00:18:10,043 - INFO - Time: 11.48s | Error X: 0.26, Error Y: -0.32
2025-01-27 00:18:10,045 - INFO - Pan Angle: -0.0, Tilt Angle: 18.9
2025-01-27 00:18:10,272 - INFO - Time: 11.64s | Error X: 0.26, Error Y: -0.29
2025-01-27 00:18:10,275 - INFO - Pan Angle: -0.0, Tilt Angle: 16.74
2025-01-27 00:18:10,489 - INFO - Time: 11.94s | Error X: 0.23, Error Y: -0.16
2025-01-27 00:18:10,537 - INFO - Pan Angle: -0.0, Tilt Angle: 8.64
