2025-01-27 00:37:54,240 - INFO - Logging system initialized.
2025-01-27 00:37:54,246 - INFO - 
Pan and Tilt Mechanism: 
Current Date:  2025-01-27

-------------------------Running Parameters-------------------------

Pan Servo: Pin 17 PID Values:  
 KP: 100
 KI: 0
 KD: 30 Angle Range -135-135 Current Angle -0.0 
 
Tilt Servo: Pin 27 PID Values:  
 KP: 60
 KI: 0
 KD: 10 Angle Range -135-135 Current Angle -0.0 
 
Threading Events (Boolean) 
 Show Plots: True 
 Show Feed True
-------------------------


2025-01-27 00:37:57,584 - INFO - Time: 3.28s | Error X: -0.49, Error Y: -0.72
2025-01-27 00:37:57,586 - INFO - Pan Angle: 52.92, Tilt Angle: 44.82
2025-01-27 00:37:57,655 - INFO - Time: 3.35s | Error X: -0.49, Error Y: -0.72
2025-01-27 00:37:57,663 - INFO - Pan Angle: 47.52, Tilt Angle: 42.66
2025-01-27 00:37:57,795 - INFO - Time: 3.43s | Error X: -0.48, Error Y: -0.72
2025-01-27 00:37:57,812 - INFO - Pan Angle: 47.52, Tilt Angle: 41.58
2025-01-27 00:37:58,448 - INFO - Time: 4.11s | Error X: 0.37, Error Y: -0.36
2025-01-27 00:37:58,462 - INFO - Pan Angle: -0.0, Tilt Angle: 19.98
2025-01-27 00:37:58,555 - INFO - Time: 4.25s | Error X: 0.37, Error Y: -0.38
2025-01-27 00:37:58,556 - INFO - Pan Angle: -0.0, Tilt Angle: 22.68
2025-01-27 00:37:58,609 - INFO - Time: 4.32s | Error X: 0.37, Error Y: -0.38
2025-01-27 00:37:58,610 - INFO - Pan Angle: -0.0, Tilt Angle: 22.68
2025-01-27 00:37:58,660 - INFO - Time: 4.37s | Error X: 0.37, Error Y: -0.38
2025-01-27 00:37:58,662 - INFO - Pan Angle: -0.0, Tilt Angle: 22.68
2025-01-27 00:37:58,761 - INFO - Time: 4.43s | Error X: 0.37, Error Y: -0.38
2025-01-27 00:37:58,772 - INFO - Pan Angle: -0.0, Tilt Angle: 22.68
2025-01-27 00:37:58,824 - INFO - Time: 4.55s | Error X: 0.37, Error Y: -0.38
2025-01-27 00:37:58,825 - INFO - Pan Angle: -0.0, Tilt Angle: 21.6
2025-01-27 00:37:58,872 - INFO - Time: 4.59s | Error X: 0.37, Error Y: -0.38
2025-01-27 00:37:58,875 - INFO - Pan Angle: -0.0, Tilt Angle: 21.6
2025-01-27 00:37:58,993 - INFO - Time: 4.64s | Error X: 0.37, Error Y: -0.38
2025-01-27 00:37:58,996 - INFO - Pan Angle: -0.0, Tilt Angle: 21.6
2025-01-27 00:37:59,241 - INFO - Time: 4.97s | Error X: -0.49, Error Y: -0.39
2025-01-27 00:37:59,246 - INFO - Pan Angle: 52.92, Tilt Angle: 22.68
2025-01-27 00:37:59,291 - INFO - Time: 5.01s | Error X: -0.49, Error Y: -0.39
2025-01-27 00:37:59,295 - INFO - Pan Angle: 47.52, Tilt Angle: 22.68
2025-01-27 00:37:59,333 - INFO - Time: 5.06s | Error X: -0.50, Error Y: -0.35
2025-01-27 00:37:59,337 - INFO - Pan Angle: 48.6, Tilt Angle: 20.52
2025-01-27 00:37:59,377 - INFO - Time: 5.10s | Error X: -0.50, Error Y: -0.35
2025-01-27 00:37:59,379 - INFO - Pan Angle: 48.6, Tilt Angle: 20.52
2025-01-27 00:37:59,418 - INFO - Time: 5.14s | Error X: -0.50, Error Y: -0.35
2025-01-27 00:37:59,419 - INFO - Pan Angle: 48.6, Tilt Angle: 20.52
2025-01-27 00:37:59,451 - INFO - Time: 5.18s | Error X: -0.49, Error Y: -0.34
2025-01-27 00:37:59,452 - INFO - Pan Angle: 48.6, Tilt Angle: 19.98
2025-01-27 00:37:59,487 - INFO - Time: 5.22s | Error X: -0.49, Error Y: -0.34
2025-01-27 00:37:59,490 - INFO - Pan Angle: 48.6, Tilt Angle: 19.98
2025-01-27 00:37:59,534 - INFO - Time: 5.25s | Error X: -0.49, Error Y: -0.33
2025-01-27 00:37:59,536 - INFO - Pan Angle: 48.6, Tilt Angle: 18.9
2025-01-27 00:37:59,582 - INFO - Time: 5.30s | Error X: -0.49, Error Y: -0.33
2025-01-27 00:37:59,584 - INFO - Pan Angle: 48.6, Tilt Angle: 18.9
2025-01-27 00:37:59,621 - INFO - Time: 5.35s | Error X: -0.49, Error Y: -0.33
2025-01-27 00:37:59,623 - INFO - Pan Angle: 48.6, Tilt Angle: 18.9
2025-01-27 00:37:59,667 - INFO - Time: 5.38s | Error X: -0.49, Error Y: -0.33
2025-01-27 00:37:59,674 - INFO - Pan Angle: 48.6, Tilt Angle: 18.9
2025-01-27 00:37:59,725 - INFO - Time: 5.44s | Error X: -0.49, Error Y: -0.33
2025-01-27 00:37:59,729 - INFO - Pan Angle: 48.6, Tilt Angle: 18.9
2025-01-27 00:37:59,762 - INFO - Time: 5.49s | Error X: -0.49, Error Y: -0.32
2025-01-27 00:37:59,765 - INFO - Pan Angle: 48.6, Tilt Angle: 17.82
2025-01-27 00:37:59,807 - INFO - Time: 5.53s | Error X: -0.49, Error Y: -0.32
2025-01-27 00:37:59,809 - INFO - Pan Angle: 48.6, Tilt Angle: 18.9
2025-01-27 00:38:00,229 - INFO - Time: 5.92s | Error X: 0.38, Error Y: -0.29
2025-01-27 00:38:00,238 - INFO - Pan Angle: -0.0, Tilt Angle: 16.74
2025-01-27 00:38:00,353 - INFO - Time: 6.02s | Error X: 0.38, Error Y: -0.29
2025-01-27 00:38:00,359 - INFO - Pan Angle: -0.0, Tilt Angle: 16.74
2025-01-27 00:38:00,463 - INFO - Time: 6.15s | Error X: 0.38, Error Y: -0.29
2025-01-27 00:38:00,467 - INFO - Pan Angle: -0.0, Tilt Angle: 16.74
2025-01-27 00:38:00,627 - INFO - Time: 6.24s | Error X: 0.38, Error Y: -0.29
2025-01-27 00:38:00,650 - INFO - Pan Angle: -0.0, Tilt Angle: 16.74
2025-01-27 00:38:00,779 - INFO - Time: 6.43s | Error X: 0.38, Error Y: -0.28
2025-01-27 00:38:00,782 - INFO - Pan Angle: -0.0, Tilt Angle: 15.66
2025-01-27 00:38:01,125 - INFO - Time: 6.84s | Error X: -0.50, Error Y: -0.27
2025-01-27 00:38:01,128 - INFO - Pan Angle: 52.92, Tilt Angle: 14.58
2025-01-27 00:38:01,201 - INFO - Time: 6.91s | Error X: -0.50, Error Y: -0.27
2025-01-27 00:38:01,218 - INFO - Pan Angle: 49.68, Tilt Angle: 15.66
2025-01-27 00:38:01,342 - INFO - Time: 7.01s | Error X: -0.50, Error Y: -0.29
2025-01-27 00:38:01,345 - INFO - Pan Angle: 49.68, Tilt Angle: 16.74
2025-01-27 00:38:01,410 - INFO - Time: 7.12s | Error X: -0.50, Error Y: -0.28
2025-01-27 00:38:01,412 - INFO - Pan Angle: 49.68, Tilt Angle: 15.66
2025-01-27 00:38:01,612 - INFO - Time: 7.28s | Error X: 0.36, Error Y: -0.27
2025-01-27 00:38:01,631 - INFO - Pan Angle: -0.0, Tilt Angle: 15.66
2025-01-27 00:38:01,846 - INFO - Time: 7.43s | Error X: 0.37, Error Y: -0.27
2025-01-27 00:38:01,885 - INFO - Pan Angle: -0.0, Tilt Angle: 15.66
2025-01-27 00:38:02,120 - INFO - Time: 7.84s | Error X: -0.50, Error Y: -0.28
2025-01-27 00:38:02,122 - INFO - Pan Angle: 52.92, Tilt Angle: 16.74
2025-01-27 00:38:02,200 - INFO - Time: 7.89s | Error X: -0.50, Error Y: -0.28
2025-01-27 00:38:02,211 - INFO - Pan Angle: 49.68, Tilt Angle: 16.74
2025-01-27 00:38:02,357 - INFO - Time: 7.99s | Error X: -0.50, Error Y: -0.28
2025-01-27 00:38:02,374 - INFO - Pan Angle: 49.68, Tilt Angle: 15.66
2025-01-27 00:38:02,496 - INFO - Time: 8.17s | Error X: -0.50, Error Y: -0.28
2025-01-27 00:38:02,509 - INFO - Pan Angle: 48.6, Tilt Angle: 15.66
2025-01-27 00:38:02,636 - INFO - Time: 8.30s | Error X: 0.38, Error Y: -0.26
2025-01-27 00:38:02,652 - INFO - Pan Angle: -0.0, Tilt Angle: 14.58
2025-01-27 00:38:02,763 - INFO - Time: 8.46s | Error X: 0.39, Error Y: -0.26
2025-01-27 00:38:02,767 - INFO - Pan Angle: -0.0, Tilt Angle: 14.58
2025-01-27 00:38:02,843 - INFO - Time: 8.56s | Error X: 0.39, Error Y: -0.26
2025-01-27 00:38:02,848 - INFO - Pan Angle: -0.0, Tilt Angle: 14.58
2025-01-27 00:38:02,923 - INFO - Time: 8.62s | Error X: 0.39, Error Y: -0.26
2025-01-27 00:38:02,928 - INFO - Pan Angle: -0.0, Tilt Angle: 14.58
2025-01-27 00:38:02,985 - INFO - Time: 8.70s | Error X: 0.39, Error Y: -0.26
2025-01-27 00:38:02,989 - INFO - Pan Angle: -0.0, Tilt Angle: 14.58
2025-01-27 00:38:03,057 - INFO - Time: 8.75s | Error X: 0.39, Error Y: -0.26
2025-01-27 00:38:03,060 - INFO - Pan Angle: -0.0, Tilt Angle: 14.58
2025-01-27 00:38:03,116 - INFO - Time: 8.83s | Error X: 0.39, Error Y: -0.26
2025-01-27 00:38:03,123 - INFO - Pan Angle: -0.0, Tilt Angle: 14.58
2025-01-27 00:38:03,183 - INFO - Time: 8.89s | Error X: 0.39, Error Y: -0.26
2025-01-27 00:38:03,185 - INFO - Pan Angle: -0.0, Tilt Angle: 14.58
2025-01-27 00:38:03,239 - INFO - Time: 8.95s | Error X: 0.39, Error Y: -0.26
2025-01-27 00:38:03,243 - INFO - Pan Angle: -0.0, Tilt Angle: 14.58
2025-01-27 00:38:03,307 - INFO - Time: 9.02s | Error X: -0.51, Error Y: -0.27
2025-01-27 00:38:03,309 - INFO - Pan Angle: 52.92, Tilt Angle: 15.66
2025-01-27 00:38:03,361 - INFO - Time: 9.08s | Error X: -0.51, Error Y: -0.26
2025-01-27 00:38:03,362 - INFO - Pan Angle: 49.68, Tilt Angle: 14.58
2025-01-27 00:38:03,399 - INFO - Time: 9.13s | Error X: -0.52, Error Y: -0.25
2025-01-27 00:38:03,402 - INFO - Pan Angle: 50.76, Tilt Angle: 14.58
2025-01-27 00:38:03,457 - INFO - Time: 9.17s | Error X: -0.52, Error Y: -0.25
2025-01-27 00:38:03,463 - INFO - Pan Angle: 51.84, Tilt Angle: 13.5
2025-01-27 00:38:03,545 - INFO - Time: 9.24s | Error X: -0.53, Error Y: -0.25
2025-01-27 00:38:03,553 - INFO - Pan Angle: 51.84, Tilt Angle: 13.5
2025-01-27 00:38:03,599 - INFO - Time: 9.33s | Error X: -0.53, Error Y: -0.25
2025-01-27 00:38:03,608 - INFO - Pan Angle: 51.84, Tilt Angle: 13.5
2025-01-27 00:38:03,685 - INFO - Time: 9.37s | Error X: -0.53, Error Y: -0.25
2025-01-27 00:38:03,687 - INFO - Pan Angle: 52.92, Tilt Angle: 13.5
2025-01-27 00:38:03,759 - INFO - Time: 9.46s | Error X: -0.53, Error Y: -0.25
2025-01-27 00:38:03,762 - INFO - Pan Angle: 52.92, Tilt Angle: 13.5
2025-01-27 00:38:04,112 - INFO - Time: 9.77s | Error X: 0.42, Error Y: -0.23
2025-01-27 00:38:04,114 - INFO - Pan Angle: -0.0, Tilt Angle: 12.96
2025-01-27 00:38:04,243 - INFO - Time: 9.89s | Error X: 0.42, Error Y: -0.23
2025-01-27 00:38:04,246 - INFO - Pan Angle: -0.0, Tilt Angle: 13.5
2025-01-27 00:38:04,311 - INFO - Time: 10.02s | Error X: 0.42, Error Y: -0.22
2025-01-27 00:38:04,312 - INFO - Pan Angle: -0.0, Tilt Angle: 12.96
2025-01-27 00:38:04,364 - INFO - Time: 10.07s | Error X: 0.42, Error Y: -0.22
2025-01-27 00:38:04,366 - INFO - Pan Angle: -0.0, Tilt Angle: 12.96
2025-01-27 00:38:04,415 - INFO - Time: 10.13s | Error X: 0.42, Error Y: -0.23
2025-01-27 00:38:04,416 - INFO - Pan Angle: -0.0, Tilt Angle: 12.96
2025-01-27 00:38:04,458 - INFO - Time: 10.18s | Error X: 0.42, Error Y: -0.22
2025-01-27 00:38:04,460 - INFO - Pan Angle: -0.0, Tilt Angle: 11.88
2025-01-27 00:38:04,518 - INFO - Time: 10.22s | Error X: 0.42, Error Y: -0.22
2025-01-27 00:38:04,520 - INFO - Pan Angle: -0.0, Tilt Angle: 12.96
2025-01-27 00:38:04,557 - INFO - Time: 10.28s | Error X: 0.42, Error Y: -0.21
2025-01-27 00:38:04,560 - INFO - Pan Angle: -0.0, Tilt Angle: 11.88
2025-01-27 00:38:04,607 - INFO - Time: 10.32s | Error X: 0.42, Error Y: -0.22
2025-01-27 00:38:04,609 - INFO - Pan Angle: -0.0, Tilt Angle: 12.96
2025-01-27 00:38:04,647 - INFO - Time: 10.37s | Error X: 0.42, Error Y: -0.21
2025-01-27 00:38:04,650 - INFO - Pan Angle: -0.0, Tilt Angle: 11.88
2025-01-27 00:38:04,688 - INFO - Time: 10.41s | Error X: 0.42, Error Y: -0.20
2025-01-27 00:38:04,693 - INFO - Pan Angle: -0.0, Tilt Angle: 11.88
2025-01-27 00:38:04,735 - INFO - Time: 10.46s | Error X: 0.42, Error Y: -0.20
2025-01-27 00:38:04,737 - INFO - Pan Angle: -0.0, Tilt Angle: 11.88
2025-01-27 00:38:04,775 - INFO - Time: 10.50s | Error X: 0.42, Error Y: -0.20
2025-01-27 00:38:04,780 - INFO - Pan Angle: -0.0, Tilt Angle: 11.88
2025-01-27 00:38:05,024 - INFO - Time: 10.73s | Error X: -0.60, Error Y: -0.29
2025-01-27 00:38:05,039 - INFO - Pan Angle: 61.56, Tilt Angle: 16.74
2025-01-27 00:38:05,127 - INFO - Time: 10.85s | Error X: -0.67, Error Y: -0.35
2025-01-27 00:38:05,144 - INFO - Pan Angle: 66.96, Tilt Angle: 20.52
2025-01-27 00:38:05,421 - INFO - Time: 11.14s | Error X: -0.87, Error Y: -0.49
2025-01-27 00:38:05,429 - INFO - Pan Angle: 86.94, Tilt Angle: 28.62
