2025-01-26 23:53:48,468 - INFO - Logging system initialized.
2025-01-26 23:53:48,475 - INFO - 
Pan and Tilt Mechanism: 
Current Date:  2025-01-26

-------------------------Running Parameters-------------------------

Pan Servo: Pin 17 PID Values:  
 KP: 100
 KI: 0
 KD: 30 Angle Range -135-135 Current Angle -0.0 
 
Tilt Servo: Pin 27 PID Values:  
 KP: 60
 KI: 0
 KD: 10 Angle Range -135-135 Current Angle -0.0 
 
Threading Events (Boolean) 
 Show Plots: True 
 Show Feed True
-------------------------


2025-01-26 23:53:49,620 - INFO - Error in the x: -0.83125 Error in the y -0.7416666666666667 time: 1.0065701007843018 
2025-01-26 23:53:49,621 - INFO - Pan Adjustment: 107.89972754313797, Tilt Adjustment: 51.868256478995086 time: 1.0065701007843018
2025-01-26 23:53:49,652 - INFO - Pan Servo Angle: 106.92, Tilt Servo Angle: 50.76
2025-01-26 23:53:49,766 - INFO - Error in the x: -0.803125 Error in the y -0.7708333333333334 time: 1.1822946071624756 
2025-01-26 23:53:49,767 - INFO - Pan Adjustment: 79.59884538727617, Tilt Adjustment: 46.49669542168231 time: 1.1822946071624756
2025-01-26 23:53:49,777 - INFO - Pan Servo Angle: 78.84, Tilt Servo Angle: 45.9
2025-01-26 23:53:49,998 - INFO - Error in the x: -0.803125 Error in the y -0.7625 time: 1.3109877109527588 
2025-01-26 23:53:50,000 - INFO - Pan Adjustment: 80.3125, Tilt Adjustment: 45.68643469527813 time: 1.3109877109527588
2025-01-26 23:53:50,024 - INFO - Pan Servo Angle: 79.92, Tilt Servo Angle: 44.82
2025-01-26 23:53:50,618 - INFO - Error in the x: 0.584375 Error in the y -0.23333333333333334 time: 2.0516762733459473 
2025-01-26 23:53:50,620 - INFO - Pan Adjustment: -78.7257884306677, Tilt Adjustment: 11.420808177482686 time: 2.0516762733459473
2025-01-26 23:53:50,630 - INFO - Pan Servo Angle: -0.0, Tilt Servo Angle: 10.8
2025-01-26 23:53:50,771 - INFO - Error in the x: 0.6 Error in the y -0.20833333333333334 time: 2.169562339782715 
2025-01-26 23:53:50,772 - INFO - Pan Adjustment: -60.216057400796764, Tilt Adjustment: 12.384769386241725 time: 2.169562339782715
2025-01-26 23:53:50,798 - INFO - Pan Servo Angle: -0.0, Tilt Servo Angle: 11.88
2025-01-26 23:53:50,879 - INFO - Error in the x: 0.59375 Error in the y -0.225 time: 2.335923433303833 
2025-01-26 23:53:50,884 - INFO - Pan Adjustment: -59.2947319581084, Tilt Adjustment: 13.57134937057031 time: 2.335923433303833
2025-01-26 23:53:50,892 - INFO - Pan Servo Angle: -0.0, Tilt Servo Angle: 12.96
2025-01-26 23:53:51,390 - INFO - Error in the x: -0.765625 Error in the y -0.5083333333333333 time: 2.677022695541382 
2025-01-26 23:53:51,393 - INFO - Pan Adjustment: 91.79630809132539, Tilt Adjustment: 31.558389732015456 time: 2.677022695541382
2025-01-26 23:53:51,402 - INFO - Pan Servo Angle: 90.72, Tilt Servo Angle: 30.78
2025-01-26 23:53:51,633 - INFO - Error in the x: -0.8125 Error in the y -0.49583333333333335 time: 2.9307498931884766 
2025-01-26 23:53:51,652 - INFO - Pan Adjustment: 81.72982600059744, Tilt Adjustment: 29.707348799946896 time: 2.9307498931884766
2025-01-26 23:53:51,728 - INFO - Pan Servo Angle: 81.0, Tilt Servo Angle: 28.62
2025-01-26 23:53:52,077 - INFO - Error in the x: 0.778125 Error in the y -0.3958333333333333 time: 3.545807361602783 
2025-01-26 23:53:52,078 - INFO - Pan Adjustment: -91.27029539992553, Tilt Adjustment: 23.46797678271276 time: 3.545807361602783
2025-01-26 23:53:52,139 - INFO - Pan Servo Angle: -0.0, Tilt Servo Angle: 22.68
2025-01-26 23:53:52,277 - INFO - Error in the x: 0.790625 Error in the y -0.39166666666666666 time: 3.7028448581695557 
2025-01-26 23:53:52,278 - INFO - Pan Adjustment: -79.16377348413549, Tilt Adjustment: 23.488747390651614 time: 3.7028448581695557
2025-01-26 23:53:52,325 - INFO - Pan Servo Angle: -0.0, Tilt Servo Angle: 22.68
2025-01-26 23:53:52,439 - INFO - Error in the x: 0.790625 Error in the y -0.3875 time: 3.867818832397461 
2025-01-26 23:53:52,440 - INFO - Pan Adjustment: -79.0625, Tilt Adjustment: 23.23922734790015 time: 3.867818832397461
2025-01-26 23:53:52,474 - INFO - Pan Servo Angle: -0.0, Tilt Servo Angle: 22.68
2025-01-26 23:53:52,904 - INFO - Error in the x: -0.709375 Error in the y -0.425 time: 4.308598756790161 
2025-01-26 23:53:52,904 - INFO - Pan Adjustment: 81.38173083701679, Tilt Adjustment: 25.58703525697514 time: 4.308598756790161
2025-01-26 23:53:52,912 - INFO - Pan Servo Angle: 81.0, Tilt Servo Angle: 24.84
2025-01-26 23:53:53,003 - INFO - Error in the x: -0.753125 Error in the y -0.4083333333333333 time: 4.442475080490112 
2025-01-26 23:53:53,004 - INFO - Pan Adjustment: 75.60794341301182, Tilt Adjustment: 24.462483376125483 time: 4.442475080490112
2025-01-26 23:53:53,006 - INFO - Pan Servo Angle: 74.52, Tilt Servo Angle: 23.76
2025-01-26 23:53:53,085 - INFO - Error in the x: -0.746875 Error in the y -0.42083333333333334 time: 4.532150506973267 
2025-01-26 23:53:53,085 - INFO - Pan Adjustment: 74.64612891143807, Tilt Adjustment: 25.277580725707956 time: 4.532150506973267
2025-01-26 23:53:53,089 - INFO - Pan Servo Angle: 73.98, Tilt Servo Angle: 24.84
2025-01-26 23:53:53,226 - INFO - Error in the x: -0.75 Error in the y -0.42083333333333334 time: 4.615093469619751 
2025-01-26 23:53:53,226 - INFO - Pan Adjustment: 75.02031378142547, Tilt Adjustment: 25.25 time: 4.615093469619751
2025-01-26 23:53:53,227 - INFO - Pan Servo Angle: 74.52, Tilt Servo Angle: 24.84
2025-01-26 23:53:53,814 - INFO - Error in the x: 0.584375 Error in the y -0.3333333333333333 time: 5.244065046310425 
2025-01-26 23:53:53,815 - INFO - Pan Adjustment: -66.07112956913832, Tilt Adjustment: 19.833144708871295 time: 5.244065046310425
2025-01-26 23:53:53,820 - INFO - Pan Servo Angle: -0.0, Tilt Servo Angle: 18.9
2025-01-26 23:53:53,968 - INFO - Error in the x: 0.5875 Error in the y -0.325 time: 5.347827196121216 
2025-01-26 23:53:53,979 - INFO - Pan Adjustment: -58.76753048416897, Tilt Adjustment: 19.48441734740536 time: 5.347827196121216
2025-01-26 23:53:54,045 - INFO - Pan Servo Angle: -0.0, Tilt Servo Angle: 18.9
2025-01-26 23:53:54,172 - INFO - Error in the x: 0.596875 Error in the y -0.3125 time: 5.6028056144714355 
2025-01-26 23:53:54,179 - INFO - Pan Adjustment: -59.737698064925475, Tilt Adjustment: 18.727689748922014 time: 5.6028056144714355
2025-01-26 23:53:54,230 - INFO - Pan Servo Angle: -0.0, Tilt Servo Angle: 17.82
2025-01-26 23:53:54,295 - INFO - Error in the x: 0.596875 Error in the y -0.2916666666666667 time: 5.774566411972046 
2025-01-26 23:53:54,295 - INFO - Pan Adjustment: -59.68750000000001, Tilt Adjustment: 17.463922255201464 time: 5.774566411972046
2025-01-26 23:53:54,342 - INFO - Pan Servo Angle: -0.0, Tilt Servo Angle: 16.74
2025-01-26 23:53:54,518 - INFO - Error in the x: -0.6875 Error in the y -0.3333333333333333 time: 5.961580276489258 
2025-01-26 23:53:54,519 - INFO - Pan Adjustment: 75.2132611175188, Tilt Adjustment: 20.06989198288747 time: 5.961580276489258
2025-01-26 23:53:54,561 - INFO - Pan Servo Angle: 74.52, Tilt Servo Angle: 19.98
2025-01-26 23:53:54,753 - INFO - Error in the x: -0.709375 Error in the y -0.325 time: 6.090765953063965 
2025-01-26 23:53:54,754 - INFO - Pan Adjustment: 71.04524506934877, Tilt Adjustment: 19.486318086431904 time: 6.090765953063965
2025-01-26 23:53:54,755 - INFO - Pan Servo Angle: 70.74, Tilt Servo Angle: 18.9
2025-01-26 23:53:54,817 - INFO - Error in the x: -0.71875 Error in the y -0.325 time: 6.282133102416992 
2025-01-26 23:53:54,824 - INFO - Pan Adjustment: 71.91976982506019, Tilt Adjustment: 19.5 time: 6.282133102416992
2025-01-26 23:53:54,834 - INFO - Pan Servo Angle: 70.74, Tilt Servo Angle: 18.9
2025-01-26 23:53:55,153 - INFO - Error in the x: 0.53125 Error in the y -0.2875 time: 6.461036443710327 
2025-01-26 23:53:55,157 - INFO - Pan Adjustment: -58.92902236184651, Tilt Adjustment: 17.191959776381534 time: 6.461036443710327
2025-01-26 23:53:55,237 - INFO - Pan Servo Angle: -0.0, Tilt Servo Angle: 16.74
2025-01-26 23:53:55,324 - INFO - Error in the x: 0.534375 Error in the y -0.2916666666666667 time: 6.7840895652771 
2025-01-26 23:53:55,325 - INFO - Pan Adjustment: -53.451319098214725, Tilt Adjustment: 17.506141821428763 time: 6.7840895652771
2025-01-26 23:53:55,382 - INFO - Pan Servo Angle: -0.0, Tilt Servo Angle: 16.74
2025-01-26 23:53:55,547 - INFO - Error in the x: 0.5375 Error in the y -0.2791666666666667 time: 6.937934398651123 
2025-01-26 23:53:55,548 - INFO - Pan Adjustment: -53.76351266740404, Tilt Adjustment: 16.73198311012795 time: 6.937934398651123
2025-01-26 23:53:55,617 - INFO - Pan Servo Angle: -0.0, Tilt Servo Angle: 15.66
