2025-01-27 00:25:10,199 - INFO - Logging system initialized.
2025-01-27 00:25:10,220 - INFO - 
Pan and Tilt Mechanism: 
Current Date:  2025-01-27

-------------------------Running Parameters-------------------------

Pan Servo: Pin 17 PID Values:  
 KP: 100
 KI: 0
 KD: 30 Angle Range -135-135 Current Angle -0.0 
 
Tilt Servo: Pin 27 PID Values:  
 KP: 60
 KI: 0
 KD: 10 Angle Range -135-135 Current Angle -0.0 
 
Threading Events (Boolean) 
 Show Plots: True 
 Show Feed True
-------------------------


2025-01-27 00:25:14,765 - INFO - Time: 4.50s | Error X: -0.45, Error Y: -0.79
2025-01-27 00:25:14,769 - INFO - Pan Angle: 47.52, Tilt Angle: 48.6
2025-01-27 00:25:14,974 - INFO - Time: 4.66s | Error X: -0.44, Error Y: -0.77
2025-01-27 00:25:14,980 - INFO - Pan Angle: 42.66, Tilt Angle: 45.9
2025-01-27 00:25:15,113 - INFO - Time: 4.77s | Error X: -0.42, Error Y: -0.75
2025-01-27 00:25:15,116 - INFO - Pan Angle: 41.58, Tilt Angle: 43.74
2025-01-27 00:25:15,366 - INFO - Time: 4.90s | Error X: -0.42, Error Y: -0.72
2025-01-27 00:25:15,441 - INFO - Pan Angle: 41.58, Tilt Angle: 41.58
2025-01-27 00:25:15,807 - INFO - Time: 5.38s | Error X: 0.09, Error Y: -0.29
2025-01-27 00:25:15,814 - INFO - Pan Angle: -0.0, Tilt Angle: 15.66
2025-01-27 00:25:15,955 - INFO - Time: 5.65s | Error X: 0.11, Error Y: -0.36
2025-01-27 00:25:16,001 - INFO - Pan Angle: -0.0, Tilt Angle: 20.52
2025-01-27 00:25:16,187 - INFO - Time: 5.80s | Error X: 0.10, Error Y: -0.34
2025-01-27 00:25:16,249 - INFO - Pan Angle: -0.0, Tilt Angle: 19.98
2025-01-27 00:25:16,674 - INFO - Time: 6.30s | Error X: -0.59, Error Y: -0.50
2025-01-27 00:25:16,709 - INFO - Pan Angle: 61.56, Tilt Angle: 29.7
2025-01-27 00:25:16,960 - INFO - Time: 6.52s | Error X: -0.62, Error Y: -0.50
2025-01-27 00:25:16,980 - INFO - Pan Angle: 60.48, Tilt Angle: 29.7
2025-01-27 00:25:17,229 - INFO - Time: 6.80s | Error X: -0.61, Error Y: -0.50
2025-01-27 00:25:17,240 - INFO - Pan Angle: 59.94, Tilt Angle: 29.7
2025-01-27 00:25:17,683 - INFO - Time: 7.35s | Error X: 0.44, Error Y: -0.46
2025-01-27 00:25:17,700 - INFO - Pan Angle: -0.0, Tilt Angle: 27.0
2025-01-27 00:25:17,894 - INFO - Time: 7.51s | Error X: 0.43, Error Y: -0.46
2025-01-27 00:25:17,917 - INFO - Pan Angle: -0.0, Tilt Angle: 27.0
2025-01-27 00:25:18,337 - INFO - Time: 7.94s | Error X: -0.61, Error Y: -0.50
2025-01-27 00:25:18,350 - INFO - Pan Angle: 63.72, Tilt Angle: 28.62
2025-01-27 00:25:18,541 - INFO - Time: 8.16s | Error X: -0.64, Error Y: -0.48
2025-01-27 00:25:18,547 - INFO - Pan Angle: 63.72, Tilt Angle: 27.54
2025-01-27 00:25:18,727 - INFO - Time: 8.37s | Error X: -0.65, Error Y: -0.48
2025-01-27 00:25:18,744 - INFO - Pan Angle: 63.72, Tilt Angle: 27.54
2025-01-27 00:25:19,163 - INFO - Time: 8.72s | Error X: 0.47, Error Y: -0.45
2025-01-27 00:25:19,265 - INFO - Pan Angle: -0.0, Tilt Angle: 25.92
2025-01-27 00:25:19,533 - INFO - Time: 9.07s | Error X: 0.48, Error Y: -0.45
2025-01-27 00:25:19,558 - INFO - Pan Angle: -0.0, Tilt Angle: 27.0
2025-01-27 00:25:19,939 - INFO - Time: 9.57s | Error X: -0.64, Error Y: -0.49
2025-01-27 00:25:19,981 - INFO - Pan Angle: 66.96, Tilt Angle: 28.62
2025-01-27 00:25:20,232 - INFO - Time: 9.82s | Error X: -0.62, Error Y: -0.48
2025-01-27 00:25:20,288 - INFO - Pan Angle: 61.56, Tilt Angle: 27.54
2025-01-27 00:25:20,356 - INFO - Time: 10.07s | Error X: -0.62, Error Y: -0.48
2025-01-27 00:25:20,358 - INFO - Pan Angle: 60.48, Tilt Angle: 27.54
2025-01-27 00:25:20,483 - INFO - Time: 10.15s | Error X: -0.62, Error Y: -0.48
2025-01-27 00:25:20,486 - INFO - Pan Angle: 60.48, Tilt Angle: 27.54
2025-01-27 00:25:20,879 - INFO - Time: 10.59s | Error X: 0.56, Error Y: -0.43
2025-01-27 00:25:20,880 - INFO - Pan Angle: -0.0, Tilt Angle: 24.84
2025-01-27 00:25:20,995 - INFO - Time: 10.66s | Error X: 0.53, Error Y: -0.44
2025-01-27 00:25:21,053 - INFO - Pan Angle: -0.0, Tilt Angle: 25.92
2025-01-27 00:25:21,418 - INFO - Time: 10.95s | Error X: 0.51, Error Y: -0.43
2025-01-27 00:25:21,473 - INFO - Pan Angle: -0.0, Tilt Angle: 24.84
2025-01-27 00:25:21,779 - INFO - Time: 11.37s | Error X: -0.59, Error Y: -0.47
2025-01-27 00:25:21,798 - INFO - Pan Angle: 61.56, Tilt Angle: 27.54
2025-01-27 00:25:22,114 - INFO - Time: 11.67s | Error X: -0.59, Error Y: -0.47
2025-01-27 00:25:22,129 - INFO - Pan Angle: 58.86, Tilt Angle: 27.0
2025-01-27 00:25:22,274 - INFO - Time: 11.92s | Error X: -0.58, Error Y: -0.47
2025-01-27 00:25:22,278 - INFO - Pan Angle: 57.78, Tilt Angle: 27.54
2025-01-27 00:25:22,661 - INFO - Time: 12.14s | Error X: 0.45, Error Y: -0.44
2025-01-27 00:25:22,678 - INFO - Pan Angle: -0.0, Tilt Angle: 25.92
2025-01-27 00:25:22,873 - INFO - Time: 12.50s | Error X: 0.48, Error Y: -0.44
2025-01-27 00:25:22,925 - INFO - Pan Angle: -0.0, Tilt Angle: 25.92
2025-01-27 00:25:23,357 - INFO - Time: 13.05s | Error X: -0.59, Error Y: -0.48
2025-01-27 00:25:23,371 - INFO - Pan Angle: 60.48, Tilt Angle: 28.62
2025-01-27 00:25:23,519 - INFO - Time: 13.15s | Error X: -0.59, Error Y: -0.47
2025-01-27 00:25:23,521 - INFO - Pan Angle: 57.78, Tilt Angle: 27.54
2025-01-27 00:25:23,731 - INFO - Time: 13.31s | Error X: -0.59, Error Y: -0.47
2025-01-27 00:25:23,773 - INFO - Pan Angle: 57.78, Tilt Angle: 27.54
2025-01-27 00:25:24,044 - INFO - Time: 13.76s | Error X: 0.42, Error Y: -0.43
2025-01-27 00:25:24,053 - INFO - Pan Angle: -0.0, Tilt Angle: 24.84
2025-01-27 00:25:24,133 - INFO - Time: 13.85s | Error X: 0.41, Error Y: -0.44
2025-01-27 00:25:24,137 - INFO - Pan Angle: -0.0, Tilt Angle: 25.92
2025-01-27 00:25:24,245 - INFO - Time: 13.94s | Error X: 0.42, Error Y: -0.44
2025-01-27 00:25:24,249 - INFO - Pan Angle: -0.0, Tilt Angle: 25.92
2025-01-27 00:25:24,394 - INFO - Time: 14.06s | Error X: 0.42, Error Y: -0.44
2025-01-27 00:25:24,398 - INFO - Pan Angle: -0.0, Tilt Angle: 25.92
2025-01-27 00:25:24,600 - INFO - Time: 14.19s | Error X: 0.41, Error Y: -0.44
2025-01-27 00:25:24,627 - INFO - Pan Angle: -0.0, Tilt Angle: 25.92
2025-01-27 00:25:24,926 - INFO - Time: 14.56s | Error X: -0.57, Error Y: -0.47
2025-01-27 00:25:24,933 - INFO - Pan Angle: 57.78, Tilt Angle: 27.54
2025-01-27 00:25:25,129 - INFO - Time: 14.75s | Error X: -0.56, Error Y: -0.46
2025-01-27 00:25:25,140 - INFO - Pan Angle: 55.62, Tilt Angle: 27.0
2025-01-27 00:25:25,331 - INFO - Time: 14.98s | Error X: -0.56, Error Y: -0.46
2025-01-27 00:25:25,348 - INFO - Pan Angle: 54.54, Tilt Angle: 27.0
2025-01-27 00:25:25,624 - INFO - Time: 15.30s | Error X: 0.42, Error Y: -0.43
2025-01-27 00:25:25,626 - INFO - Pan Angle: -0.0, Tilt Angle: 24.84
2025-01-27 00:25:25,750 - INFO - Time: 15.42s | Error X: 0.42, Error Y: -0.43
2025-01-27 00:25:25,809 - INFO - Pan Angle: -0.0, Tilt Angle: 24.84
2025-01-27 00:25:26,021 - INFO - Time: 15.61s | Error X: 0.42, Error Y: -0.43
2025-01-27 00:25:26,124 - INFO - Pan Angle: -0.0, Tilt Angle: 24.84
2025-01-27 00:25:26,317 - INFO - Time: 15.93s | Error X: -0.54, Error Y: -0.47
2025-01-27 00:25:26,358 - INFO - Pan Angle: 54.54, Tilt Angle: 27.54
2025-01-27 00:25:26,527 - INFO - Time: 16.21s | Error X: -0.55, Error Y: -0.47
2025-01-27 00:25:26,528 - INFO - Pan Angle: 54.54, Tilt Angle: 27.54
2025-01-27 00:25:26,579 - INFO - Time: 16.31s | Error X: -0.56, Error Y: -0.47
2025-01-27 00:25:26,581 - INFO - Pan Angle: 54.54, Tilt Angle: 27.54
2025-01-27 00:25:26,650 - INFO - Time: 16.37s | Error X: -0.56, Error Y: -0.47
2025-01-27 00:25:26,654 - INFO - Pan Angle: 54.54, Tilt Angle: 27.54
2025-01-27 00:25:27,096 - INFO - Time: 16.76s | Error X: 0.40, Error Y: -0.44
2025-01-27 00:25:27,098 - INFO - Pan Angle: -0.0, Tilt Angle: 25.92
2025-01-27 00:25:27,300 - INFO - Time: 16.91s | Error X: 0.40, Error Y: -0.44
2025-01-27 00:25:27,307 - INFO - Pan Angle: -0.0, Tilt Angle: 25.92
2025-01-27 00:25:27,553 - INFO - Time: 17.17s | Error X: 0.40, Error Y: -0.44
2025-01-27 00:25:27,575 - INFO - Pan Angle: -0.0, Tilt Angle: 25.92
2025-01-27 00:25:28,035 - INFO - Time: 17.74s | Error X: -0.55, Error Y: -0.46
2025-01-27 00:25:28,085 - INFO - Pan Angle: 55.62, Tilt Angle: 27.0
2025-01-27 00:25:28,295 - INFO - Time: 17.91s | Error X: -0.54, Error Y: -0.46
2025-01-27 00:25:28,301 - INFO - Pan Angle: 53.46, Tilt Angle: 27.0
2025-01-27 00:25:28,543 - INFO - Time: 18.10s | Error X: -0.55, Error Y: -0.46
2025-01-27 00:25:28,609 - INFO - Pan Angle: 53.46, Tilt Angle: 27.0
2025-01-27 00:25:28,958 - INFO - Time: 18.46s | Error X: 0.42, Error Y: -0.42
2025-01-27 00:25:28,960 - INFO - Pan Angle: -0.0, Tilt Angle: 24.84
2025-01-27 00:25:29,122 - INFO - Time: 18.76s | Error X: 0.42, Error Y: -0.43
2025-01-27 00:25:29,142 - INFO - Pan Angle: -0.0, Tilt Angle: 24.84
2025-01-27 00:25:29,461 - INFO - Time: 18.98s | Error X: 0.41, Error Y: -0.43
2025-01-27 00:25:29,478 - INFO - Pan Angle: -0.0, Tilt Angle: 24.84
2025-01-27 00:25:29,738 - INFO - Time: 19.31s | Error X: -0.56, Error Y: -0.47
2025-01-27 00:25:29,793 - INFO - Pan Angle: 56.7, Tilt Angle: 27.54
2025-01-27 00:25:30,022 - INFO - Time: 19.60s | Error X: -0.56, Error Y: -0.46
2025-01-27 00:25:30,029 - INFO - Pan Angle: 54.54, Tilt Angle: 27.0
2025-01-27 00:25:30,242 - INFO - Time: 19.91s | Error X: 0.44, Error Y: -0.43
2025-01-27 00:25:30,246 - INFO - Pan Angle: -0.0, Tilt Angle: 24.84
2025-01-27 00:25:30,423 - INFO - Time: 20.04s | Error X: 0.45, Error Y: -0.43
2025-01-27 00:25:30,433 - INFO - Pan Angle: -0.0, Tilt Angle: 25.92
2025-01-27 00:25:30,897 - INFO - Time: 20.62s | Error X: -0.54, Error Y: -0.46
2025-01-27 00:25:30,903 - INFO - Pan Angle: 54.54, Tilt Angle: 27.0
2025-01-27 00:25:31,148 - INFO - Time: 20.76s | Error X: -0.55, Error Y: -0.45
2025-01-27 00:25:31,200 - INFO - Pan Angle: 53.46, Tilt Angle: 25.92
2025-01-27 00:25:31,580 - INFO - Time: 21.14s | Error X: 0.36, Error Y: -0.42
2025-01-27 00:25:31,635 - INFO - Pan Angle: -0.0, Tilt Angle: 23.76
2025-01-27 00:25:31,733 - INFO - Time: 21.42s | Error X: 0.38, Error Y: -0.42
2025-01-27 00:25:31,801 - INFO - Pan Angle: -0.0, Tilt Angle: 24.84
2025-01-27 00:25:31,891 - INFO - Time: 21.60s | Error X: 0.38, Error Y: -0.42
2025-01-27 00:25:31,893 - INFO - Pan Angle: -0.0, Tilt Angle: 24.84
2025-01-27 00:25:32,005 - INFO - Time: 21.68s | Error X: 0.38, Error Y: -0.42
2025-01-27 00:25:32,007 - INFO - Pan Angle: -0.0, Tilt Angle: 24.84
2025-01-27 00:25:32,517 - INFO - Time: 22.07s | Error X: -0.55, Error Y: -0.45
2025-01-27 00:25:32,536 - INFO - Pan Angle: 55.62, Tilt Angle: 27.0
2025-01-27 00:25:32,765 - INFO - Time: 22.37s | Error X: -0.55, Error Y: -0.45
2025-01-27 00:25:32,806 - INFO - Pan Angle: 53.46, Tilt Angle: 25.92
2025-01-27 00:25:33,242 - INFO - Time: 22.93s | Error X: 0.42, Error Y: -0.44
2025-01-27 00:25:33,246 - INFO - Pan Angle: -0.0, Tilt Angle: 25.92
2025-01-27 00:25:33,403 - INFO - Time: 23.04s | Error X: 0.42, Error Y: -0.44
2025-01-27 00:25:33,419 - INFO - Pan Angle: -0.0, Tilt Angle: 25.92
2025-01-27 00:25:33,787 - INFO - Time: 23.25s | Error X: 0.42, Error Y: -0.45
2025-01-27 00:25:33,867 - INFO - Pan Angle: -0.0, Tilt Angle: 27.0
2025-01-27 00:25:34,358 - INFO - Time: 23.90s | Error X: -0.55, Error Y: -0.47
2025-01-27 00:25:34,387 - INFO - Pan Angle: 55.62, Tilt Angle: 27.54
2025-01-27 00:25:34,626 - INFO - Time: 24.19s | Error X: -0.55, Error Y: -0.46
2025-01-27 00:25:34,700 - INFO - Pan Angle: 53.46, Tilt Angle: 27.0
2025-01-27 00:25:35,012 - INFO - Time: 24.72s | Error X: 0.41, Error Y: -0.42
2025-01-27 00:25:35,013 - INFO - Pan Angle: -0.0, Tilt Angle: 24.84
2025-01-27 00:25:35,245 - INFO - Time: 24.82s | Error X: 0.41, Error Y: -0.44
2025-01-27 00:25:35,249 - INFO - Pan Angle: -0.0, Tilt Angle: 25.92
2025-01-27 00:25:35,390 - INFO - Time: 25.04s | Error X: 0.41, Error Y: -0.43
2025-01-27 00:25:35,398 - INFO - Pan Angle: -0.0, Tilt Angle: 24.84
2025-01-27 00:25:35,753 - INFO - Time: 25.28s | Error X: -0.55, Error Y: -0.47
2025-01-27 00:25:35,755 - INFO - Pan Angle: 54.54, Tilt Angle: 27.54
2025-01-27 00:25:36,028 - INFO - Time: 25.57s | Error X: -0.54, Error Y: -0.46
2025-01-27 00:25:36,054 - INFO - Pan Angle: 53.46, Tilt Angle: 27.0
2025-01-27 00:25:36,434 - INFO - Time: 26.09s | Error X: 0.39, Error Y: -0.44
2025-01-27 00:25:36,479 - INFO - Pan Angle: -0.0, Tilt Angle: 25.92
2025-01-27 00:25:36,639 - INFO - Time: 26.29s | Error X: 0.39, Error Y: -0.44
2025-01-27 00:25:36,644 - INFO - Pan Angle: -0.0, Tilt Angle: 25.92
2025-01-27 00:25:36,813 - INFO - Time: 26.45s | Error X: 0.39, Error Y: -0.45
2025-01-27 00:25:36,815 - INFO - Pan Angle: -0.0, Tilt Angle: 25.92
2025-01-27 00:25:37,088 - INFO - Time: 26.80s | Error X: -0.55, Error Y: -0.48
2025-01-27 00:25:37,094 - INFO - Pan Angle: 55.62, Tilt Angle: 28.62
2025-01-27 00:25:37,266 - INFO - Time: 26.89s | Error X: -0.55, Error Y: -0.48
2025-01-27 00:25:37,282 - INFO - Pan Angle: 54.54, Tilt Angle: 28.62
2025-01-27 00:25:37,539 - INFO - Time: 27.14s | Error X: -0.55, Error Y: -0.48
2025-01-27 00:25:37,542 - INFO - Pan Angle: 53.46, Tilt Angle: 27.54
2025-01-27 00:25:37,991 - INFO - Time: 27.65s | Error X: 0.42, Error Y: -0.44
2025-01-27 00:25:38,006 - INFO - Pan Angle: -0.0, Tilt Angle: 25.92
2025-01-27 00:25:38,317 - INFO - Time: 27.84s | Error X: 0.42, Error Y: -0.44
2025-01-27 00:25:38,341 - INFO - Pan Angle: -0.0, Tilt Angle: 25.92
2025-01-27 00:25:38,697 - INFO - Time: 28.35s | Error X: -0.55, Error Y: -0.47
2025-01-27 00:25:38,700 - INFO - Pan Angle: 55.62, Tilt Angle: 27.54
2025-01-27 00:25:38,794 - INFO - Time: 28.49s | Error X: -0.55, Error Y: -0.47
2025-01-27 00:25:38,798 - INFO - Pan Angle: 54.54, Tilt Angle: 27.54
2025-01-27 00:25:38,978 - INFO - Time: 28.59s | Error X: -0.55, Error Y: -0.48
2025-01-27 00:25:39,047 - INFO - Pan Angle: 54.54, Tilt Angle: 27.54
2025-01-27 00:25:39,499 - INFO - Time: 29.15s | Error X: 0.42, Error Y: -0.45
2025-01-27 00:25:39,506 - INFO - Pan Angle: -0.0, Tilt Angle: 25.92
2025-01-27 00:25:39,822 - INFO - Time: 29.46s | Error X: 0.42, Error Y: -0.45
2025-01-27 00:25:39,843 - INFO - Pan Angle: -0.0, Tilt Angle: 27.0
2025-01-27 00:25:40,183 - INFO - Time: 29.80s | Error X: -0.54, Error Y: -0.50
2025-01-27 00:25:40,223 - INFO - Pan Angle: 54.54, Tilt Angle: 29.7
2025-01-27 00:25:40,497 - INFO - Time: 30.02s | Error X: -0.54, Error Y: -0.50
2025-01-27 00:25:40,551 - INFO - Pan Angle: 52.92, Tilt Angle: 28.62
2025-01-27 00:25:40,777 - INFO - Time: 30.41s | Error X: 0.38, Error Y: -0.45
2025-01-27 00:25:40,779 - INFO - Pan Angle: -0.0, Tilt Angle: 25.92
2025-01-27 00:25:41,006 - INFO - Time: 30.60s | Error X: 0.43, Error Y: -0.45
2025-01-27 00:25:41,031 - INFO - Pan Angle: -0.0, Tilt Angle: 27.0
2025-01-27 00:25:41,182 - INFO - Time: 30.83s | Error X: 0.43, Error Y: -0.45
2025-01-27 00:25:41,212 - INFO - Pan Angle: -0.0, Tilt Angle: 25.92
2025-01-27 00:25:41,480 - INFO - Time: 31.09s | Error X: -0.54, Error Y: -0.48
2025-01-27 00:25:41,495 - INFO - Pan Angle: 54.54, Tilt Angle: 28.62
2025-01-27 00:25:41,575 - INFO - Time: 31.30s | Error X: -0.54, Error Y: -0.49
2025-01-27 00:25:41,605 - INFO - Pan Angle: 53.46, Tilt Angle: 28.62
2025-01-27 00:25:41,836 - INFO - Time: 31.45s | Error X: -0.55, Error Y: -0.49
2025-01-27 00:25:41,881 - INFO - Pan Angle: 53.46, Tilt Angle: 28.62
2025-01-27 00:25:42,232 - INFO - Time: 31.86s | Error X: 0.40, Error Y: -0.49
2025-01-27 00:25:42,233 - INFO - Pan Angle: -0.0, Tilt Angle: 28.62
2025-01-27 00:25:42,599 - INFO - Time: 32.04s | Error X: 0.43, Error Y: -0.47
2025-01-27 00:25:42,602 - INFO - Pan Angle: -0.0, Tilt Angle: 27.54
2025-01-27 00:25:43,005 - INFO - Time: 32.66s | Error X: -0.51, Error Y: -0.51
2025-01-27 00:25:43,024 - INFO - Pan Angle: 50.76, Tilt Angle: 29.7
2025-01-27 00:25:43,308 - INFO - Time: 32.84s | Error X: -0.52, Error Y: -0.52
2025-01-27 00:25:43,350 - INFO - Pan Angle: 50.76, Tilt Angle: 30.78
2025-01-27 00:25:43,768 - INFO - Time: 33.43s | Error X: 0.37, Error Y: -0.48
2025-01-27 00:25:43,772 - INFO - Pan Angle: -0.0, Tilt Angle: 27.54
2025-01-27 00:25:43,851 - INFO - Time: 33.56s | Error X: 0.37, Error Y: -0.47
2025-01-27 00:25:43,853 - INFO - Pan Angle: -0.0, Tilt Angle: 27.54
2025-01-27 00:25:43,940 - INFO - Time: 33.64s | Error X: 0.37, Error Y: -0.48
2025-01-27 00:25:43,984 - INFO - Pan Angle: -0.0, Tilt Angle: 27.54
2025-01-27 00:25:44,262 - INFO - Time: 33.84s | Error X: 0.38, Error Y: -0.47
2025-01-27 00:25:44,345 - INFO - Pan Angle: -0.0, Tilt Angle: 27.54
2025-01-27 00:25:44,681 - INFO - Time: 34.31s | Error X: -0.54, Error Y: -0.50
2025-01-27 00:25:44,720 - INFO - Pan Angle: 54.54, Tilt Angle: 29.7
2025-01-27 00:25:44,944 - INFO - Time: 34.55s | Error X: -0.53, Error Y: -0.50
2025-01-27 00:25:45,015 - INFO - Pan Angle: 52.92, Tilt Angle: 29.7
2025-01-27 00:25:45,619 - INFO - Time: 35.31s | Error X: 0.43, Error Y: -0.47
2025-01-27 00:25:45,621 - INFO - Pan Angle: -0.0, Tilt Angle: 27.0
2025-01-27 00:25:45,720 - INFO - Time: 35.41s | Error X: 0.43, Error Y: -0.47
2025-01-27 00:25:45,777 - INFO - Pan Angle: -0.0, Tilt Angle: 27.54
2025-01-27 00:25:46,076 - INFO - Time: 35.62s | Error X: 0.43, Error Y: -0.47
2025-01-27 00:25:46,122 - INFO - Pan Angle: -0.0, Tilt Angle: 27.54
2025-01-27 00:25:46,351 - INFO - Time: 36.06s | Error X: -0.53, Error Y: -0.51
2025-01-27 00:25:46,379 - INFO - Pan Angle: 52.92, Tilt Angle: 29.7
2025-01-27 00:25:46,524 - INFO - Time: 36.19s | Error X: -0.53, Error Y: -0.51
2025-01-27 00:25:46,535 - INFO - Pan Angle: 51.84, Tilt Angle: 29.7
2025-01-27 00:25:46,759 - INFO - Time: 36.38s | Error X: -0.53, Error Y: -0.51
2025-01-27 00:25:46,761 - INFO - Pan Angle: 52.92, Tilt Angle: 29.7
2025-01-27 00:25:46,890 - INFO - Time: 36.57s | Error X: -0.53, Error Y: -0.50
2025-01-27 00:25:46,934 - INFO - Pan Angle: 52.92, Tilt Angle: 29.7
2025-01-27 00:25:47,275 - INFO - Time: 36.94s | Error X: 0.39, Error Y: -0.47
2025-01-27 00:25:47,285 - INFO - Pan Angle: -0.0, Tilt Angle: 27.54
2025-01-27 00:25:47,444 - INFO - Time: 37.08s | Error X: 0.39, Error Y: -0.47
2025-01-27 00:25:47,447 - INFO - Pan Angle: -0.0, Tilt Angle: 27.0
2025-01-27 00:25:47,828 - INFO - Time: 37.24s | Error X: 0.39, Error Y: -0.47
2025-01-27 00:25:47,925 - INFO - Pan Angle: -0.0, Tilt Angle: 27.54
2025-01-27 00:25:48,283 - INFO - Time: 37.81s | Error X: -0.54, Error Y: -0.50
2025-01-27 00:25:48,316 - INFO - Pan Angle: 53.46, Tilt Angle: 29.7
2025-01-27 00:25:48,559 - INFO - Time: 38.14s | Error X: -0.54, Error Y: -0.51
2025-01-27 00:25:48,584 - INFO - Pan Angle: 53.46, Tilt Angle: 29.7
2025-01-27 00:25:48,986 - INFO - Time: 38.63s | Error X: 0.42, Error Y: -0.47
2025-01-27 00:25:48,992 - INFO - Pan Angle: -0.0, Tilt Angle: 27.0
2025-01-27 00:25:49,220 - INFO - Time: 38.81s | Error X: 0.43, Error Y: -0.47
2025-01-27 00:25:49,231 - INFO - Pan Angle: -0.0, Tilt Angle: 27.54
2025-01-27 00:25:49,496 - INFO - Time: 39.10s | Error X: 0.42, Error Y: -0.47
2025-01-27 00:25:49,508 - INFO - Pan Angle: -0.0, Tilt Angle: 27.54
2025-01-27 00:25:49,785 - INFO - Time: 39.34s | Error X: -0.53, Error Y: -0.50
2025-01-27 00:25:49,788 - INFO - Pan Angle: 52.92, Tilt Angle: 29.7
2025-01-27 00:25:49,880 - INFO - Time: 39.57s | Error X: -0.54, Error Y: -0.51
2025-01-27 00:25:49,895 - INFO - Pan Angle: 52.92, Tilt Angle: 29.7
2025-01-27 00:25:50,118 - INFO - Time: 39.70s | Error X: -0.54, Error Y: -0.51
2025-01-27 00:25:50,119 - INFO - Pan Angle: 53.46, Tilt Angle: 29.7
2025-01-27 00:25:50,506 - INFO - Time: 40.16s | Error X: 0.34, Error Y: -0.50
2025-01-27 00:25:50,573 - INFO - Pan Angle: -0.0, Tilt Angle: 28.62
2025-01-27 00:25:50,879 - INFO - Time: 40.42s | Error X: 0.27, Error Y: -0.46
2025-01-27 00:25:50,880 - INFO - Pan Angle: -0.0, Tilt Angle: 27.0
