2025-01-26 23:37:23,014 - INFO - Logging system initialized.
2025-01-26 23:37:23,038 - INFO - 
Pan and Tilt Mechanism: 
Current Date:  2025-01-26

-------------------------Running Parameters-------------------------

Pan Servo: Pin 17 PID Values:  
 KP: 100
 KI: 0
 KD: 30 Angle Range -135-135 Current Angle -0.0 
 
Tilt Servo: Pin 27 PID Values:  
 KP: 60
 KI: 0
 KD: 10 Angle Range -135-135 Current Angle -0.0 
 
Threading Events (Boolean) 
 Show Plots: True 
 Show Feed True
-------------------------


2025-01-26 23:37:33,022 - INFO - Error in the x: -0.565625 Error in the y -0.85 time: 9.833144664764404 
2025-01-26 23:37:33,026 - INFO - Pan Adjustment: 58.288168702994376, Tilt Adjustment: 51.864423365035854 time: 9.833144664764404
2025-01-26 23:37:33,115 - INFO - Pan Servo Angle: 57.78, Tilt Servo Angle: 50.76
2025-01-26 23:37:33,441 - INFO - Error in the x: -0.59375 Error in the y -0.7916666666666666 time: 10.11872673034668 
2025-01-26 23:37:33,441 - INFO - Pan Adjustment: 59.45838499719234, Tilt Adjustment: 47.44235111305221 time: 10.11872673034668
2025-01-26 23:37:33,563 - INFO - Pan Servo Angle: 58.86, Tilt Servo Angle: 46.98
2025-01-26 23:37:33,996 - INFO - Error in the x: -0.59375 Error in the y -0.75 time: 10.601232528686523 
2025-01-26 23:37:33,997 - INFO - Pan Adjustment: 59.375, Tilt Adjustment: 44.96069639397691 time: 10.601232528686523
2025-01-26 23:37:34,108 - INFO - Pan Servo Angle: 58.86, Tilt Servo Angle: 43.74
2025-01-26 23:37:34,340 - INFO - Error in the x: 0.384375 Error in the y -0.21666666666666667 time: 11.096004962921143 
2025-01-26 23:37:34,359 - INFO - Pan Adjustment: -41.082032883506834, Tilt Adjustment: 12.519346525965389 time: 11.096004962921143
2025-01-26 23:37:34,518 - INFO - Pan Servo Angle: -0.0, Tilt Servo Angle: 11.88
2025-01-26 23:37:34,763 - INFO - Error in the x: 0.13125 Error in the y -0.24583333333333332 time: 11.559950828552246 
2025-01-26 23:37:34,772 - INFO - Pan Adjustment: -12.46809841688565, Tilt Adjustment: 14.775230787828809 time: 11.559950828552246
2025-01-26 23:37:34,836 - INFO - Pan Servo Angle: -0.0, Tilt Servo Angle: 13.5
2025-01-26 23:37:35,010 - INFO - Error in the x: -0.071875 Error in the y -0.2875 time: 11.81097936630249 
2025-01-26 23:37:35,010 - INFO - Pan Adjustment: 7.703439433218033, Tilt Adjustment: 17.285277909963625 time: 11.81097936630249
2025-01-26 23:37:35,047 - INFO - Pan Servo Angle: 6.48, Tilt Servo Angle: 16.74
2025-01-26 23:37:37,771 - INFO - Error in the x: -0.378125 Error in the y -0.7666666666666667 time: 14.600209474563599 
2025-01-26 23:37:37,774 - INFO - Pan Adjustment: 38.44177179339491, Tilt Adjustment: 46.328191638278525 time: 14.600209474563599
2025-01-26 23:37:37,782 - INFO - Pan Servo Angle: 37.8, Tilt Servo Angle: 45.9
2025-01-26 23:37:37,894 - INFO - Error in the x: -0.384375 Error in the y -0.575 time: 14.748862266540527 
2025-01-26 23:37:37,895 - INFO - Pan Adjustment: 38.45021284500537, Tilt Adjustment: 34.37004647327849 time: 14.748862266540527
2025-01-26 23:37:37,899 - INFO - Pan Servo Angle: 37.8, Tilt Servo Angle: 33.48
2025-01-26 23:37:38,045 - INFO - Error in the x: -0.384375 Error in the y -0.575 time: 14.864734172821045 
2025-01-26 23:37:38,046 - INFO - Pan Adjustment: 38.4375, Tilt Adjustment: 34.5 time: 14.864734172821045
2025-01-26 23:37:38,061 - INFO - Pan Servo Angle: 37.8, Tilt Servo Angle: 33.48
2025-01-26 23:37:38,177 - INFO - Error in the x: -0.453125 Error in the y -0.35833333333333334 time: 15.033870697021484 
2025-01-26 23:37:38,184 - INFO - Pan Adjustment: 45.449690218112536, Tilt Adjustment: 21.355880982992893 time: 15.033870697021484
2025-01-26 23:37:38,209 - INFO - Pan Servo Angle: 44.82, Tilt Servo Angle: 20.52
2025-01-26 23:37:38,270 - INFO - Error in the x: 0.025 Error in the y -0.2916666666666667 time: 15.175930261611938 
2025-01-26 23:37:38,270 - INFO - Pan Adjustment: -3.4451644645655124, Tilt Adjustment: 17.456070787413076 time: 15.175930261611938
2025-01-26 23:37:38,309 - INFO - Pan Servo Angle: -0.0, Tilt Servo Angle: 16.74
2025-01-26 23:37:38,359 - INFO - Error in the x: 0.08125 Error in the y -0.30833333333333335 time: 15.281863689422607 
2025-01-26 23:37:38,361 - INFO - Pan Adjustment: -8.235425013224534, Tilt Adjustment: 18.51090617414563 time: 15.281863689422607
2025-01-26 23:37:38,369 - INFO - Pan Servo Angle: -0.0, Tilt Servo Angle: 17.82
2025-01-26 23:37:38,483 - INFO - Error in the x: 0.065625 Error in the y -0.3125 time: 15.331439971923828 
2025-01-26 23:37:38,485 - INFO - Pan Adjustment: -6.531925572492968, Tilt Adjustment: 18.752717726889514 time: 15.331439971923828
2025-01-26 23:37:38,489 - INFO - Pan Servo Angle: -0.0, Tilt Servo Angle: 17.82
2025-01-26 23:37:38,663 - INFO - Error in the x: -0.884375 Error in the y -0.37916666666666665 time: 15.563644647598267 
2025-01-26 23:37:38,664 - INFO - Pan Adjustment: 90.26869061410838, Tilt Adjustment: 22.792834868166278 time: 15.563644647598267
2025-01-26 23:37:38,671 - INFO - Pan Servo Angle: 89.64, Tilt Servo Angle: 21.6
2025-01-26 23:37:39,387 - INFO - Error in the x: 0.8625 Error in the y -0.2625 time: 16.26075792312622 
2025-01-26 23:37:39,389 - INFO - Pan Adjustment: -89.47286637853868, Tilt Adjustment: 15.678252626834361 time: 16.26075792312622
2025-01-26 23:37:39,412 - INFO - Pan Servo Angle: -0.0, Tilt Servo Angle: 14.58
2025-01-26 23:37:39,482 - INFO - Error in the x: 0.78125 Error in the y -0.25416666666666665 time: 16.391348123550415 
2025-01-26 23:37:39,493 - INFO - Pan Adjustment: -77.9762935005939, Tilt Adjustment: 15.24491601711432 time: 16.391348123550415
2025-01-26 23:37:39,530 - INFO - Pan Servo Angle: -0.0, Tilt Servo Angle: 14.58
2025-01-26 23:37:40,295 - INFO - Error in the x: -0.834375 Error in the y -0.325 time: 17.094314098358154 
2025-01-26 23:37:40,298 - INFO - Pan Adjustment: 86.27287261109852, Tilt Adjustment: 19.54143678004614 time: 17.094314098358154
2025-01-26 23:37:40,345 - INFO - Pan Servo Angle: 85.86, Tilt Servo Angle: 18.9
2025-01-26 23:37:40,409 - INFO - Error in the x: -0.5 Error in the y -0.32083333333333336 time: 17.324932098388672 
2025-01-26 23:37:40,410 - INFO - Pan Adjustment: 49.42099340170384, Tilt Adjustment: 19.24759498816907 time: 17.324932098388672
2025-01-26 23:37:40,432 - INFO - Pan Servo Angle: 48.6, Tilt Servo Angle: 18.9
2025-01-26 23:37:40,544 - INFO - Error in the x: -0.3625 Error in the y -0.275 time: 17.428090810775757 
2025-01-26 23:37:40,547 - INFO - Pan Adjustment: 36.01331314515245, Tilt Adjustment: 16.473701460572496 time: 17.428090810775757
2025-01-26 23:37:40,554 - INFO - Pan Servo Angle: 35.64, Tilt Servo Angle: 15.66
2025-01-26 23:37:40,810 - INFO - Error in the x: 0.38125 Error in the y -0.11666666666666667 time: 17.749123573303223 
2025-01-26 23:37:40,820 - INFO - Pan Adjustment: -39.382104324495245, Tilt Adjustment: 6.910793717402765 time: 17.749123573303223
2025-01-26 23:37:40,852 - INFO - Pan Servo Angle: -0.0, Tilt Servo Angle: 5.94
2025-01-26 23:37:41,002 - INFO - Error in the x: 0.059375 Error in the y -0.1125 time: 17.89995312690735 
2025-01-26 23:37:41,003 - INFO - Pan Adjustment: -5.398043280111463, Tilt Adjustment: 6.747672247163372 time: 17.89995312690735
2025-01-26 23:37:41,045 - INFO - Pan Servo Angle: -0.0, Tilt Servo Angle: 5.94
2025-01-26 23:37:41,320 - INFO - Error in the x: -0.75 Error in the y -0.17916666666666667 time: 18.22665286064148 
2025-01-26 23:37:41,331 - INFO - Pan Adjustment: 76.33218370842147, Tilt Adjustment: 10.786576472474891 time: 18.22665286064148
2025-01-26 23:37:41,375 - INFO - Pan Servo Angle: 75.6, Tilt Servo Angle: 9.72
2025-01-26 23:37:41,464 - INFO - Error in the x: -0.803125 Error in the y -0.25 time: 18.3564236164093 
2025-01-26 23:37:41,464 - INFO - Pan Adjustment: 80.3993224678894, Tilt Adjustment: 15.038587763506403 time: 18.3564236164093
2025-01-26 23:37:41,471 - INFO - Pan Servo Angle: 79.92, Tilt Servo Angle: 14.58
2025-01-26 23:37:41,551 - INFO - Error in the x: -0.61875 Error in the y -0.49166666666666664 time: 18.461151599884033 
2025-01-26 23:37:41,553 - INFO - Pan Adjustment: 61.5753843465521, Tilt Adjustment: 29.63090552090379 time: 18.461151599884033
2025-01-26 23:37:41,557 - INFO - Pan Servo Angle: 60.48, Tilt Servo Angle: 28.62
2025-01-26 23:37:41,647 - INFO - Error in the x: -0.6 Error in the y -0.5291666666666667 time: 18.519775390625 
2025-01-26 23:37:41,647 - INFO - Pan Adjustment: 59.96962706144456, Tilt Adjustment: 31.770248625703626 time: 18.519775390625
2025-01-26 23:37:41,651 - INFO - Pan Servo Angle: 58.86, Tilt Servo Angle: 30.78
2025-01-26 23:37:41,768 - INFO - Error in the x: 0.45625 Error in the y -0.325 time: 18.676581621170044 
2025-01-26 23:37:41,793 - INFO - Pan Adjustment: -47.321643456642086, Tilt Adjustment: 19.390683064595052 time: 18.676581621170044
2025-01-26 23:37:41,831 - INFO - Pan Servo Angle: -0.0, Tilt Servo Angle: 18.9
2025-01-26 23:37:41,905 - INFO - Error in the x: 0.390625 Error in the y -0.06666666666666667 time: 18.81460928916931 
2025-01-26 23:37:41,913 - INFO - Pan Adjustment: -38.9578605695584, Tilt Adjustment: 3.8626953505316513 time: 18.81460928916931
2025-01-26 23:37:41,937 - INFO - Pan Servo Angle: -0.0, Tilt Servo Angle: 2.7
2025-01-26 23:37:42,005 - INFO - Error in the x: 0.33125 Error in the y 0.14583333333333334 time: 18.910524368286133 
2025-01-26 23:37:42,007 - INFO - Pan Adjustment: -33.03080641946729, Tilt Adjustment: -8.86237128905657 time: 18.910524368286133
2025-01-26 23:37:42,051 - INFO - Pan Servo Angle: -0.0, Tilt Servo Angle: -0.0
2025-01-26 23:37:42,409 - INFO - Error in the x: -0.821875 Error in the y 0.0375 time: 19.332653999328613 
2025-01-26 23:37:42,409 - INFO - Pan Adjustment: 83.97689477224397, Tilt Adjustment: -2.1939635482344557 time: 19.332653999328613
2025-01-26 23:37:42,411 - INFO - Pan Servo Angle: 82.62, Tilt Servo Angle: -0.0
2025-01-26 23:37:43,282 - INFO - Error in the x: 0.54375 Error in the y 0.18333333333333332 time: 20.20022439956665 
2025-01-26 23:37:43,290 - INFO - Pan Adjustment: -56.403133410284234, Tilt Adjustment: -11.0721939174777 time: 20.20022439956665
2025-01-26 23:37:43,300 - INFO - Pan Servo Angle: -0.0, Tilt Servo Angle: -0.0
2025-01-26 23:37:43,409 - INFO - Error in the x: 0.51875 Error in the y 0.3625 time: 20.26957058906555 
2025-01-26 23:37:43,413 - INFO - Pan Adjustment: -51.83799872280449, Tilt Adjustment: -21.838391939967057 time: 20.26957058906555
2025-01-26 23:37:43,469 - INFO - Pan Servo Angle: -0.0, Tilt Servo Angle: -0.0
2025-01-26 23:37:43,561 - INFO - Error in the x: 0.50625 Error in the y 0.42916666666666664 time: 20.445863723754883 
2025-01-26 23:37:43,572 - INFO - Pan Adjustment: -50.60665888195937, Tilt Adjustment: -25.782606432072228 time: 20.445863723754883
2025-01-26 23:37:43,601 - INFO - Pan Servo Angle: -0.0, Tilt Servo Angle: -0.0
2025-01-26 23:37:44,168 - INFO - Error in the x: -0.83125 Error in the y -0.625 time: 21.0768141746521 
2025-01-26 23:37:44,179 - INFO - Pan Adjustment: 85.02875071239448, Tilt Adjustment: 38.00015465237363 time: 21.0768141746521
2025-01-26 23:37:44,212 - INFO - Pan Servo Angle: 84.78, Tilt Servo Angle: 37.8
2025-01-26 23:37:44,801 - INFO - Error in the x: 0.8 Error in the y -0.25416666666666665 time: 21.720993280410767 
2025-01-26 23:37:44,802 - INFO - Pan Adjustment: -82.25300470232798, Tilt Adjustment: 15.079274228601797 time: 21.720993280410767
2025-01-26 23:37:44,820 - INFO - Pan Servo Angle: -0.0, Tilt Servo Angle: 14.58
2025-01-26 23:37:44,904 - INFO - Error in the x: 0.821875 Error in the y -0.075 time: 21.786186456680298 
2025-01-26 23:37:44,906 - INFO - Pan Adjustment: -82.21762229796641, Tilt Adjustment: 4.417761345234549 time: 21.786186456680298
2025-01-26 23:37:44,923 - INFO - Pan Servo Angle: -0.0, Tilt Servo Angle: 3.78
2025-01-26 23:37:45,034 - INFO - Error in the x: 0.75 Error in the y 0.16666666666666666 time: 21.892913579940796 
2025-01-26 23:37:45,039 - INFO - Pan Adjustment: -74.90150922616459, Tilt Adjustment: -10.110385794830018 time: 21.892913579940796
2025-01-26 23:37:45,068 - INFO - Pan Servo Angle: -0.0, Tilt Servo Angle: -0.0
2025-01-26 23:37:45,126 - INFO - Error in the x: 0.61875 Error in the y 0.4 time: 22.045689344406128 
2025-01-26 23:37:45,126 - INFO - Pan Adjustment: -61.69639365485529, Tilt Adjustment: -24.105840797122788 time: 22.045689344406128
2025-01-26 23:37:45,153 - INFO - Pan Servo Angle: -0.0, Tilt Servo Angle: -0.0
2025-01-26 23:37:45,442 - INFO - Error in the x: -0.875 Error in the y 0.4166666666666667 time: 22.292550563812256 
2025-01-26 23:37:45,443 - INFO - Pan Adjustment: 89.51020066643898, Tilt Adjustment: -25.007476339066255 time: 22.292550563812256
2025-01-26 23:37:45,455 - INFO - Pan Servo Angle: 88.56, Tilt Servo Angle: -0.0
2025-01-26 23:37:46,081 - INFO - Error in the x: 0.540625 Error in the y -0.25833333333333336 time: 22.978689432144165 
2025-01-26 23:37:46,082 - INFO - Pan Adjustment: -55.910679815711845, Tilt Adjustment: 15.793750434285329 time: 22.978689432144165
2025-01-26 23:37:46,106 - INFO - Pan Servo Angle: -0.0, Tilt Servo Angle: 14.58
2025-01-26 23:37:46,255 - INFO - Error in the x: 0.575 Error in the y -0.2875 time: 23.10033130645752 
2025-01-26 23:37:46,263 - INFO - Pan Adjustment: -57.544642216872084, Tilt Adjustment: 17.26262608153958 time: 23.10033130645752
2025-01-26 23:37:46,288 - INFO - Pan Servo Angle: -0.0, Tilt Servo Angle: 16.74
2025-01-26 23:37:46,325 - INFO - Error in the x: 0.575 Error in the y -0.275 time: 23.261234760284424 
2025-01-26 23:37:46,326 - INFO - Pan Adjustment: -57.49999999999999, Tilt Adjustment: 16.494626252592 time: 23.261234760284424
2025-01-26 23:37:46,333 - INFO - Pan Servo Angle: -0.0, Tilt Servo Angle: 15.66
