2025-01-27 00:08:25,726 - INFO - Logging system initialized.
2025-01-27 00:08:25,791 - INFO - 
Pan and Tilt Mechanism: 
Current Date:  2025-01-27

-------------------------Running Parameters-------------------------

Pan Servo: Pin 17 PID Values:  
 KP: 100
 KI: 0
 KD: 30 Angle Range -135-135 Current Angle -0.0 
 
Tilt Servo: Pin 27 PID Values:  
 KP: 60
 KI: 0
 KD: 10 Angle Range -135-135 Current Angle -0.0 
 
Threading Events (Boolean) 
 Show Plots: True 
 Show Feed True
-------------------------


2025-01-27 00:08:28,778 - INFO - Time: 2.79s | Error X: -0.42, Error Y: -0.60
2025-01-27 00:08:28,808 - INFO - Pan Angle: 45.9, Tilt Angle: 36.72
2025-01-27 00:08:28,985 - INFO - Time: 3.03s | Error X: -0.41, Error Y: -0.59
2025-01-27 00:08:28,996 - INFO - Pan Angle: 39.96, Tilt Angle: 34.56
2025-01-27 00:08:29,351 - INFO - Time: 3.22s | Error X: -0.39, Error Y: -0.57
2025-01-27 00:08:29,365 - INFO - Pan Angle: 37.8, Tilt Angle: 33.48
2025-01-27 00:08:29,548 - INFO - Time: 3.59s | Error X: -0.40, Error Y: -0.53
2025-01-27 00:08:29,559 - INFO - Pan Angle: 39.96, Tilt Angle: 30.78
2025-01-27 00:08:29,673 - INFO - Time: 3.78s | Error X: 0.38, Error Y: -0.25
2025-01-27 00:08:29,676 - INFO - Pan Angle: -0.0, Tilt Angle: 13.5
2025-01-27 00:08:29,753 - INFO - Time: 3.91s | Error X: 0.38, Error Y: -0.24
2025-01-27 00:08:29,755 - INFO - Pan Angle: -0.0, Tilt Angle: 13.5
2025-01-27 00:08:29,821 - INFO - Time: 3.97s | Error X: 0.38, Error Y: -0.24
2025-01-27 00:08:29,822 - INFO - Pan Angle: -0.0, Tilt Angle: 13.5
2025-01-27 00:08:30,146 - INFO - Time: 4.26s | Error X: -0.38, Error Y: -0.27
2025-01-27 00:08:30,187 - INFO - Pan Angle: 42.66, Tilt Angle: 15.66
2025-01-27 00:08:30,265 - INFO - Time: 4.40s | Error X: -0.38, Error Y: -0.26
2025-01-27 00:08:30,275 - INFO - Pan Angle: 36.72, Tilt Angle: 14.58
2025-01-27 00:08:30,385 - INFO - Time: 4.50s | Error X: -0.38, Error Y: -0.26
2025-01-27 00:08:30,448 - INFO - Pan Angle: 36.72, Tilt Angle: 14.58
2025-01-27 00:08:30,706 - INFO - Time: 4.80s | Error X: 0.29, Error Y: -0.24
2025-01-27 00:08:30,716 - INFO - Pan Angle: -0.0, Tilt Angle: 13.5
2025-01-27 00:08:30,785 - INFO - Time: 4.93s | Error X: 0.29, Error Y: -0.24
2025-01-27 00:08:30,801 - INFO - Pan Angle: -0.0, Tilt Angle: 13.5
2025-01-27 00:08:30,882 - INFO - Time: 5.01s | Error X: 0.29, Error Y: -0.24
2025-01-27 00:08:30,896 - INFO - Pan Angle: -0.0, Tilt Angle: 13.5
2025-01-27 00:08:31,161 - INFO - Time: 5.32s | Error X: -0.38, Error Y: -0.25
2025-01-27 00:08:31,163 - INFO - Pan Angle: 40.5, Tilt Angle: 14.58
2025-01-27 00:08:31,269 - INFO - Time: 5.37s | Error X: -0.38, Error Y: -0.25
2025-01-27 00:08:31,278 - INFO - Pan Angle: 36.72, Tilt Angle: 14.58
2025-01-27 00:08:31,391 - INFO - Time: 5.52s | Error X: -0.38, Error Y: -0.25
2025-01-27 00:08:31,428 - INFO - Pan Angle: 36.72, Tilt Angle: 13.5
2025-01-27 00:08:31,715 - INFO - Time: 5.83s | Error X: 0.29, Error Y: -0.23
2025-01-27 00:08:31,739 - INFO - Pan Angle: -0.0, Tilt Angle: 12.96
2025-01-27 00:08:31,831 - INFO - Time: 5.96s | Error X: 0.29, Error Y: -0.23
2025-01-27 00:08:31,855 - INFO - Pan Angle: -0.0, Tilt Angle: 12.96
2025-01-27 00:08:31,950 - INFO - Time: 6.11s | Error X: 0.30, Error Y: -0.23
2025-01-27 00:08:31,955 - INFO - Pan Angle: -0.0, Tilt Angle: 13.5
2025-01-27 00:08:32,209 - INFO - Time: 6.36s | Error X: -0.36, Error Y: -0.26
2025-01-27 00:08:32,210 - INFO - Pan Angle: 38.88, Tilt Angle: 14.58
2025-01-27 00:08:32,391 - INFO - Time: 6.42s | Error X: -0.37, Error Y: -0.25
2025-01-27 00:08:32,428 - INFO - Pan Angle: 35.64, Tilt Angle: 14.58
2025-01-27 00:08:32,503 - INFO - Time: 6.65s | Error X: -0.37, Error Y: -0.26
2025-01-27 00:08:32,504 - INFO - Pan Angle: 35.64, Tilt Angle: 14.58
2025-01-27 00:08:32,865 - INFO - Time: 7.00s | Error X: 0.24, Error Y: -0.25
2025-01-27 00:08:32,877 - INFO - Pan Angle: -0.0, Tilt Angle: 13.5
2025-01-27 00:08:32,937 - INFO - Time: 7.09s | Error X: 0.24, Error Y: -0.24
2025-01-27 00:08:32,939 - INFO - Pan Angle: -0.0, Tilt Angle: 13.5
2025-01-27 00:08:33,076 - INFO - Time: 7.15s | Error X: 0.24, Error Y: -0.24
2025-01-27 00:08:33,086 - INFO - Pan Angle: -0.0, Tilt Angle: 13.5
2025-01-27 00:08:33,282 - INFO - Time: 7.31s | Error X: 0.24, Error Y: -0.23
2025-01-27 00:08:33,293 - INFO - Pan Angle: -0.0, Tilt Angle: 12.96
2025-01-27 00:08:33,529 - INFO - Time: 7.64s | Error X: -0.38, Error Y: -0.24
2025-01-27 00:08:33,539 - INFO - Pan Angle: 39.96, Tilt Angle: 13.5
2025-01-27 00:08:33,588 - INFO - Time: 7.76s | Error X: -0.39, Error Y: -0.24
2025-01-27 00:08:33,598 - INFO - Pan Angle: 38.88, Tilt Angle: 13.5
2025-01-27 00:08:33,684 - INFO - Time: 7.82s | Error X: -0.40, Error Y: -0.24
2025-01-27 00:08:33,697 - INFO - Pan Angle: 38.88, Tilt Angle: 13.5
2025-01-27 00:08:34,121 - INFO - Time: 8.21s | Error X: 0.27, Error Y: -0.23
2025-01-27 00:08:34,175 - INFO - Pan Angle: -0.0, Tilt Angle: 12.96
2025-01-27 00:08:34,330 - INFO - Time: 8.42s | Error X: 0.27, Error Y: -0.23
2025-01-27 00:08:34,351 - INFO - Pan Angle: -0.0, Tilt Angle: 12.96
2025-01-27 00:08:34,574 - INFO - Time: 8.72s | Error X: -0.40, Error Y: -0.25
2025-01-27 00:08:34,585 - INFO - Pan Angle: 41.58, Tilt Angle: 13.5
2025-01-27 00:08:34,676 - INFO - Time: 8.80s | Error X: -0.41, Error Y: -0.24
2025-01-27 00:08:34,680 - INFO - Pan Angle: 39.96, Tilt Angle: 13.5
2025-01-27 00:08:34,708 - INFO - Time: 8.89s | Error X: -0.41, Error Y: -0.24
2025-01-27 00:08:34,709 - INFO - Pan Angle: 39.96, Tilt Angle: 13.5
2025-01-27 00:08:34,758 - INFO - Time: 8.92s | Error X: -0.41, Error Y: -0.24
2025-01-27 00:08:34,760 - INFO - Pan Angle: 39.96, Tilt Angle: 13.5
2025-01-27 00:08:35,074 - INFO - Time: 9.14s | Error X: 0.28, Error Y: -0.23
2025-01-27 00:08:35,085 - INFO - Pan Angle: -0.0, Tilt Angle: 12.96
2025-01-27 00:08:35,159 - INFO - Time: 9.29s | Error X: 0.28, Error Y: -0.24
2025-01-27 00:08:35,170 - INFO - Pan Angle: -0.0, Tilt Angle: 13.5
2025-01-27 00:08:35,286 - INFO - Time: 9.40s | Error X: 0.28, Error Y: -0.25
2025-01-27 00:08:35,303 - INFO - Pan Angle: -0.0, Tilt Angle: 14.58
2025-01-27 00:08:35,622 - INFO - Time: 9.75s | Error X: -0.52, Error Y: -0.30
2025-01-27 00:08:35,626 - INFO - Pan Angle: 53.46, Tilt Angle: 17.82
2025-01-27 00:08:35,710 - INFO - Time: 9.84s | Error X: -0.54, Error Y: -0.32
2025-01-27 00:08:35,716 - INFO - Pan Angle: 53.46, Tilt Angle: 18.9
2025-01-27 00:08:35,809 - INFO - Time: 9.94s | Error X: -0.55, Error Y: -0.33
2025-01-27 00:08:35,886 - INFO - Pan Angle: 54.54, Tilt Angle: 18.9
2025-01-27 00:08:36,059 - INFO - Time: 10.18s | Error X: -0.62, Error Y: -0.35
2025-01-27 00:08:36,084 - INFO - Pan Angle: 61.56, Tilt Angle: 19.98
