2025-01-27 00:41:02,261 - INFO - Logging system initialized.
2025-01-27 00:41:02,267 - INFO - 
Pan and Tilt Mechanism: 
Current Date:  2025-01-27

-------------------------Running Parameters-------------------------

Pan Servo: Pin 17 PID Values:  
 KP: 100
 KI: 0
 KD: 30 Angle Range -135-135 Current Angle -0.0 
 
Tilt Servo: Pin 27 PID Values:  
 KP: 60
 KI: 0
 KD: 10 Angle Range -135-135 Current Angle -0.0 
 
Threading Events (Boolean) 
 Show Plots: True 
 Show Feed True
-------------------------


2025-01-27 00:41:07,727 - INFO - Time: 5.38s | Error X: -0.40, Error Y: -0.68
2025-01-27 00:41:07,728 - INFO - Pan Angle: 41.58, Tilt Angle: 40.5
2025-01-27 00:41:08,024 - INFO - Time: 5.48s | Error X: -0.38, Error Y: -0.64
2025-01-27 00:41:08,051 - INFO - Pan Angle: 37.8, Tilt Angle: 37.8
2025-01-27 00:41:08,415 - INFO - Time: 6.03s | Error X: 0.39, Error Y: -0.35
2025-01-27 00:41:08,460 - INFO - Pan Angle: -0.0, Tilt Angle: 19.98
2025-01-27 00:41:08,663 - INFO - Time: 6.26s | Error X: 0.40, Error Y: -0.38
2025-01-27 00:41:08,705 - INFO - Pan Angle: -0.0, Tilt Angle: 21.6
2025-01-27 00:41:09,155 - INFO - Time: 6.77s | Error X: -0.31, Error Y: -0.41
2025-01-27 00:41:09,186 - INFO - Pan Angle: 33.48, Tilt Angle: 23.76
2025-01-27 00:41:09,290 - INFO - Time: 6.95s | Error X: -0.33, Error Y: -0.40
2025-01-27 00:41:09,301 - INFO - Pan Angle: 31.86, Tilt Angle: 23.76
2025-01-27 00:41:09,451 - INFO - Time: 7.06s | Error X: -0.33, Error Y: -0.40
2025-01-27 00:41:09,467 - INFO - Pan Angle: 32.94, Tilt Angle: 22.68
2025-01-27 00:41:09,514 - INFO - Time: 7.23s | Error X: -0.34, Error Y: -0.39
2025-01-27 00:41:09,518 - INFO - Pan Angle: 33.48, Tilt Angle: 22.68
2025-01-27 00:41:09,766 - INFO - Time: 7.34s | Error X: 0.17, Error Y: -0.37
2025-01-27 00:41:09,799 - INFO - Pan Angle: -0.0, Tilt Angle: 21.6
2025-01-27 00:41:09,883 - INFO - Time: 7.58s | Error X: 0.18, Error Y: -0.37
2025-01-27 00:41:09,887 - INFO - Pan Angle: -0.0, Tilt Angle: 21.6
2025-01-27 00:41:09,969 - INFO - Time: 7.64s | Error X: 0.18, Error Y: -0.38
2025-01-27 00:41:09,978 - INFO - Pan Angle: -0.0, Tilt Angle: 21.6
2025-01-27 00:41:10,119 - INFO - Time: 7.75s | Error X: 0.19, Error Y: -0.37
2025-01-27 00:41:10,143 - INFO - Pan Angle: -0.0, Tilt Angle: 20.52
2025-01-27 00:41:10,654 - INFO - Time: 8.23s | Error X: -0.36, Error Y: -0.38
2025-01-27 00:41:10,694 - INFO - Pan Angle: 36.72, Tilt Angle: 21.6
2025-01-27 00:41:10,872 - INFO - Time: 8.50s | Error X: -0.37, Error Y: -0.37
2025-01-27 00:41:10,901 - INFO - Pan Angle: 36.72, Tilt Angle: 20.52
2025-01-27 00:41:11,070 - INFO - Time: 8.69s | Error X: -0.38, Error Y: -0.38
2025-01-27 00:41:11,122 - INFO - Pan Angle: 36.72, Tilt Angle: 22.68
2025-01-27 00:41:11,342 - INFO - Time: 8.98s | Error X: 0.31, Error Y: -0.40
2025-01-27 00:41:11,403 - INFO - Pan Angle: -0.0, Tilt Angle: 23.76
2025-01-27 00:41:11,548 - INFO - Time: 9.16s | Error X: 0.29, Error Y: -0.41
2025-01-27 00:41:11,549 - INFO - Pan Angle: -0.0, Tilt Angle: 23.76
2025-01-27 00:41:11,641 - INFO - Time: 9.31s | Error X: 0.29, Error Y: -0.40
2025-01-27 00:41:11,645 - INFO - Pan Angle: -0.0, Tilt Angle: 22.68
2025-01-27 00:41:11,789 - INFO - Time: 9.39s | Error X: 0.28, Error Y: -0.39
2025-01-27 00:41:11,811 - INFO - Pan Angle: -0.0, Tilt Angle: 22.68
2025-01-27 00:41:11,911 - INFO - Time: 9.61s | Error X: -0.38, Error Y: -0.38
2025-01-27 00:41:11,917 - INFO - Pan Angle: 39.96, Tilt Angle: 21.6
2025-01-27 00:41:11,999 - INFO - Time: 9.67s | Error X: -0.39, Error Y: -0.38
2025-01-27 00:41:12,004 - INFO - Pan Angle: 38.88, Tilt Angle: 21.6
2025-01-27 00:41:12,106 - INFO - Time: 9.75s | Error X: -0.40, Error Y: -0.37
2025-01-27 00:41:12,118 - INFO - Pan Angle: 38.88, Tilt Angle: 21.6
2025-01-27 00:41:12,207 - INFO - Time: 9.87s | Error X: -0.40, Error Y: -0.36
2025-01-27 00:41:12,209 - INFO - Pan Angle: 38.88, Tilt Angle: 20.52
2025-01-27 00:41:12,309 - INFO - Time: 9.95s | Error X: -0.39, Error Y: -0.35
2025-01-27 00:41:12,310 - INFO - Pan Angle: 38.88, Tilt Angle: 19.98
2025-01-27 00:41:12,994 - INFO - Time: 10.58s | Error X: 0.33, Error Y: -0.30
2025-01-27 00:41:13,021 - INFO - Pan Angle: -0.0, Tilt Angle: 16.74
2025-01-27 00:41:13,218 - INFO - Time: 10.87s | Error X: 0.33, Error Y: -0.27
2025-01-27 00:41:13,223 - INFO - Pan Angle: -0.0, Tilt Angle: 14.58
2025-01-27 00:41:13,399 - INFO - Time: 11.00s | Error X: 0.31, Error Y: -0.27
2025-01-27 00:41:13,409 - INFO - Pan Angle: -0.0, Tilt Angle: 15.66
2025-01-27 00:41:13,633 - INFO - Time: 11.31s | Error X: -0.36, Error Y: -0.29
2025-01-27 00:41:13,668 - INFO - Pan Angle: 37.8, Tilt Angle: 16.74
2025-01-27 00:41:13,897 - INFO - Time: 11.43s | Error X: -0.35, Error Y: -0.29
2025-01-27 00:41:13,908 - INFO - Pan Angle: 33.48, Tilt Angle: 16.74
2025-01-27 00:41:14,053 - INFO - Time: 11.69s | Error X: -0.33, Error Y: -0.31
2025-01-27 00:41:14,096 - INFO - Pan Angle: 32.94, Tilt Angle: 17.82
2025-01-27 00:41:14,445 - INFO - Time: 12.11s | Error X: 0.31, Error Y: -0.30
2025-01-27 00:41:14,479 - INFO - Pan Angle: -0.0, Tilt Angle: 17.82
2025-01-27 00:41:14,577 - INFO - Time: 12.25s | Error X: 0.31, Error Y: -0.31
2025-01-27 00:41:14,582 - INFO - Pan Angle: -0.0, Tilt Angle: 17.82
2025-01-27 00:41:14,707 - INFO - Time: 12.34s | Error X: 0.30, Error Y: -0.31
2025-01-27 00:41:14,709 - INFO - Pan Angle: -0.0, Tilt Angle: 17.82
2025-01-27 00:41:14,765 - INFO - Time: 12.46s | Error X: 0.30, Error Y: -0.30
2025-01-27 00:41:14,770 - INFO - Pan Angle: -0.0, Tilt Angle: 17.82
2025-01-27 00:41:15,205 - INFO - Time: 12.74s | Error X: -0.35, Error Y: -0.32
2025-01-27 00:41:15,261 - INFO - Pan Angle: 35.64, Tilt Angle: 18.9
2025-01-27 00:41:15,492 - INFO - Time: 13.07s | Error X: -0.34, Error Y: -0.32
2025-01-27 00:41:15,497 - INFO - Pan Angle: 33.48, Tilt Angle: 17.82
2025-01-27 00:41:15,679 - INFO - Time: 13.33s | Error X: -0.34, Error Y: -0.32
2025-01-27 00:41:15,686 - INFO - Pan Angle: 33.48, Tilt Angle: 18.9
2025-01-27 00:41:15,950 - INFO - Time: 13.48s | Error X: 0.27, Error Y: -0.30
2025-01-27 00:41:16,033 - INFO - Pan Angle: -0.0, Tilt Angle: 16.74
2025-01-27 00:41:16,254 - INFO - Time: 13.84s | Error X: 0.27, Error Y: -0.30
2025-01-27 00:41:16,289 - INFO - Pan Angle: -0.0, Tilt Angle: 16.74
2025-01-27 00:41:16,561 - INFO - Time: 14.18s | Error X: -0.34, Error Y: -0.30
2025-01-27 00:41:16,605 - INFO - Pan Angle: 34.56, Tilt Angle: 17.82
2025-01-27 00:41:16,817 - INFO - Time: 14.44s | Error X: -0.34, Error Y: -0.30
2025-01-27 00:41:16,840 - INFO - Pan Angle: 33.48, Tilt Angle: 16.74
2025-01-27 00:41:17,067 - INFO - Time: 14.61s | Error X: -0.34, Error Y: -0.30
2025-01-27 00:41:17,095 - INFO - Pan Angle: 33.48, Tilt Angle: 17.82
2025-01-27 00:41:17,388 - INFO - Time: 15.07s | Error X: 0.27, Error Y: -0.29
2025-01-27 00:41:17,401 - INFO - Pan Angle: -0.0, Tilt Angle: 16.74
2025-01-27 00:41:17,435 - INFO - Time: 15.14s | Error X: 0.26, Error Y: -0.30
2025-01-27 00:41:17,436 - INFO - Pan Angle: -0.0, Tilt Angle: 16.74
2025-01-27 00:41:17,465 - INFO - Time: 15.18s | Error X: 0.26, Error Y: -0.30
2025-01-27 00:41:17,466 - INFO - Pan Angle: -0.0, Tilt Angle: 16.74
2025-01-27 00:41:17,500 - INFO - Time: 15.21s | Error X: 0.26, Error Y: -0.30
2025-01-27 00:41:17,504 - INFO - Pan Angle: -0.0, Tilt Angle: 16.74
2025-01-27 00:41:17,549 - INFO - Time: 15.25s | Error X: 0.26, Error Y: -0.30
2025-01-27 00:41:17,554 - INFO - Pan Angle: -0.0, Tilt Angle: 17.82
2025-01-27 00:41:17,608 - INFO - Time: 15.29s | Error X: 0.26, Error Y: -0.30
2025-01-27 00:41:17,612 - INFO - Pan Angle: -0.0, Tilt Angle: 17.82
2025-01-27 00:41:17,726 - INFO - Time: 15.37s | Error X: 0.26, Error Y: -0.30
2025-01-27 00:41:17,733 - INFO - Pan Angle: -0.0, Tilt Angle: 17.82
2025-01-27 00:41:17,814 - INFO - Time: 15.50s | Error X: 0.26, Error Y: -0.30
2025-01-27 00:41:17,815 - INFO - Pan Angle: -0.0, Tilt Angle: 17.82
2025-01-27 00:41:17,904 - INFO - Time: 15.57s | Error X: 0.27, Error Y: -0.30
2025-01-27 00:41:17,905 - INFO - Pan Angle: -0.0, Tilt Angle: 17.82
2025-01-27 00:41:18,229 - INFO - Time: 15.77s | Error X: -0.34, Error Y: -0.31
2025-01-27 00:41:18,275 - INFO - Pan Angle: 34.56, Tilt Angle: 17.82
2025-01-27 00:41:18,434 - INFO - Time: 16.03s | Error X: -0.34, Error Y: -0.31
2025-01-27 00:41:18,447 - INFO - Pan Angle: 33.48, Tilt Angle: 17.82
2025-01-27 00:41:18,556 - INFO - Time: 16.22s | Error X: -0.34, Error Y: -0.31
2025-01-27 00:41:18,589 - INFO - Pan Angle: 33.48, Tilt Angle: 17.82
2025-01-27 00:41:18,925 - INFO - Time: 16.61s | Error X: 0.26, Error Y: -0.29
2025-01-27 00:41:19,009 - INFO - Pan Angle: -0.0, Tilt Angle: 16.74
2025-01-27 00:41:19,177 - INFO - Time: 16.81s | Error X: 0.26, Error Y: -0.29
2025-01-27 00:41:19,197 - INFO - Pan Angle: -0.0, Tilt Angle: 16.74
2025-01-27 00:41:19,344 - INFO - Time: 16.98s | Error X: 0.26, Error Y: -0.28
2025-01-27 00:41:19,361 - INFO - Pan Angle: -0.0, Tilt Angle: 15.66
2025-01-27 00:41:19,654 - INFO - Time: 17.31s | Error X: -0.34, Error Y: -0.31
2025-01-27 00:41:19,698 - INFO - Pan Angle: 34.56, Tilt Angle: 17.82
2025-01-27 00:41:19,894 - INFO - Time: 17.48s | Error X: -0.34, Error Y: -0.30
2025-01-27 00:41:19,949 - INFO - Pan Angle: 32.94, Tilt Angle: 16.74
2025-01-27 00:41:20,187 - INFO - Time: 17.69s | Error X: -0.34, Error Y: -0.30
2025-01-27 00:41:20,258 - INFO - Pan Angle: 32.94, Tilt Angle: 16.74
2025-01-27 00:41:20,486 - INFO - Time: 18.11s | Error X: 0.25, Error Y: -0.28
2025-01-27 00:41:20,500 - INFO - Pan Angle: -0.0, Tilt Angle: 15.66
2025-01-27 00:41:20,546 - INFO - Time: 18.25s | Error X: 0.25, Error Y: -0.28
2025-01-27 00:41:20,548 - INFO - Pan Angle: -0.0, Tilt Angle: 15.66
2025-01-27 00:41:20,584 - INFO - Time: 18.29s | Error X: 0.26, Error Y: -0.28
2025-01-27 00:41:20,585 - INFO - Pan Angle: -0.0, Tilt Angle: 15.66
2025-01-27 00:41:20,642 - INFO - Time: 18.33s | Error X: 0.26, Error Y: -0.28
2025-01-27 00:41:20,646 - INFO - Pan Angle: -0.0, Tilt Angle: 15.66
2025-01-27 00:41:20,699 - INFO - Time: 18.39s | Error X: 0.26, Error Y: -0.28
2025-01-27 00:41:20,702 - INFO - Pan Angle: -0.0, Tilt Angle: 15.66
2025-01-27 00:41:20,759 - INFO - Time: 18.44s | Error X: 0.26, Error Y: -0.28
2025-01-27 00:41:20,766 - INFO - Pan Angle: -0.0, Tilt Angle: 15.66
2025-01-27 00:41:20,823 - INFO - Time: 18.51s | Error X: 0.26, Error Y: -0.28
2025-01-27 00:41:20,842 - INFO - Pan Angle: -0.0, Tilt Angle: 15.66
2025-01-27 00:41:20,930 - INFO - Time: 18.60s | Error X: 0.26, Error Y: -0.28
2025-01-27 00:41:20,944 - INFO - Pan Angle: -0.0, Tilt Angle: 15.66
2025-01-27 00:41:21,252 - INFO - Time: 18.78s | Error X: -0.33, Error Y: -0.29
2025-01-27 00:41:21,309 - INFO - Pan Angle: 32.94, Tilt Angle: 16.74
2025-01-27 00:41:21,540 - INFO - Time: 19.11s | Error X: -0.34, Error Y: -0.28
2025-01-27 00:41:21,557 - INFO - Pan Angle: 33.48, Tilt Angle: 15.66
