2025-01-27 00:46:20,753 - INFO - Logging system initialized.
2025-01-27 00:46:20,763 - INFO - 
Pan and Tilt Mechanism: 
Current Date:  2025-01-27

-------------------------Running Parameters-------------------------

Pan Servo: Pin 17 PID Values:  
 KP: 100
 KI: 0
 KD: 30 Angle Range -135-135 Current Angle -0.0 
 
Tilt Servo: Pin 27 PID Values:  
 KP: 60
 KI: 0
 KD: 10 Angle Range -135-135 Current Angle -0.0 
 
Threading Events (Boolean) 
 Show Plots: True 
 Show Feed True
-------------------------


2025-01-27 00:46:25,619 - INFO - Time: 4.75s | Error X: -0.48, Error Y: -0.68
2025-01-27 00:46:25,628 - INFO - Pan Angle: 50.76, Tilt Angle: 40.5
2025-01-27 00:46:25,726 - INFO - Time: 4.87s | Error X: -0.47, Error Y: -0.67
2025-01-27 00:46:25,728 - INFO - Pan Angle: 45.9, Tilt Angle: 38.88
2025-01-27 00:46:25,760 - INFO - Time: 4.97s | Error X: -0.46, Error Y: -0.65
2025-01-27 00:46:25,762 - INFO - Pan Angle: 44.82, Tilt Angle: 37.8
2025-01-27 00:46:25,791 - INFO - Time: 5.00s | Error X: -0.45, Error Y: -0.64
2025-01-27 00:46:25,795 - INFO - Pan Angle: 43.74, Tilt Angle: 37.8
2025-01-27 00:46:25,830 - INFO - Time: 5.04s | Error X: -0.45, Error Y: -0.64
2025-01-27 00:46:25,832 - INFO - Pan Angle: 44.82, Tilt Angle: 37.8
2025-01-27 00:46:25,878 - INFO - Time: 5.07s | Error X: -0.45, Error Y: -0.63
2025-01-27 00:46:25,881 - INFO - Pan Angle: 43.74, Tilt Angle: 36.72
2025-01-27 00:46:25,991 - INFO - Time: 5.13s | Error X: -0.45, Error Y: -0.63
2025-01-27 00:46:25,999 - INFO - Pan Angle: 43.74, Tilt Angle: 37.8
2025-01-27 00:46:26,231 - INFO - Time: 5.31s | Error X: 0.31, Error Y: -0.25
2025-01-27 00:46:26,234 - INFO - Pan Angle: -0.0, Tilt Angle: 13.5
2025-01-27 00:46:26,326 - INFO - Time: 5.48s | Error X: 0.30, Error Y: -0.24
2025-01-27 00:46:26,341 - INFO - Pan Angle: -0.0, Tilt Angle: 13.5
2025-01-27 00:46:26,442 - INFO - Time: 5.59s | Error X: 0.29, Error Y: -0.24
2025-01-27 00:46:26,450 - INFO - Pan Angle: -0.0, Tilt Angle: 13.5
2025-01-27 00:46:26,954 - INFO - Time: 6.11s | Error X: -0.46, Error Y: -0.27
2025-01-27 00:46:26,990 - INFO - Pan Angle: 48.6, Tilt Angle: 15.66
2025-01-27 00:46:27,071 - INFO - Time: 6.23s | Error X: -0.46, Error Y: -0.27
2025-01-27 00:46:27,103 - INFO - Pan Angle: 44.82, Tilt Angle: 15.66
2025-01-27 00:46:27,248 - INFO - Time: 6.36s | Error X: -0.45, Error Y: -0.27
2025-01-27 00:46:27,259 - INFO - Pan Angle: 44.82, Tilt Angle: 15.66
2025-01-27 00:46:27,314 - INFO - Time: 6.51s | Error X: -0.45, Error Y: -0.27
2025-01-27 00:46:27,323 - INFO - Pan Angle: 43.74, Tilt Angle: 14.58
2025-01-27 00:46:27,479 - INFO - Time: 6.56s | Error X: -0.45, Error Y: -0.27
2025-01-27 00:46:27,496 - INFO - Pan Angle: 43.74, Tilt Angle: 15.66
2025-01-27 00:46:27,634 - INFO - Time: 6.76s | Error X: 0.35, Error Y: -0.26
2025-01-27 00:46:27,649 - INFO - Pan Angle: -0.0, Tilt Angle: 14.58
2025-01-27 00:46:27,790 - INFO - Time: 6.92s | Error X: 0.36, Error Y: -0.26
2025-01-27 00:46:27,839 - INFO - Pan Angle: -0.0, Tilt Angle: 14.58
2025-01-27 00:46:27,947 - INFO - Time: 7.08s | Error X: 0.36, Error Y: -0.25
2025-01-27 00:46:27,997 - INFO - Pan Angle: -0.0, Tilt Angle: 13.5
2025-01-27 00:46:28,305 - INFO - Time: 7.50s | Error X: -0.42, Error Y: -0.27
2025-01-27 00:46:28,335 - INFO - Pan Angle: 44.82, Tilt Angle: 15.66
2025-01-27 00:46:28,486 - INFO - Time: 7.63s | Error X: -0.43, Error Y: -0.26
2025-01-27 00:46:28,494 - INFO - Pan Angle: 42.66, Tilt Angle: 14.58
2025-01-27 00:46:28,532 - INFO - Time: 7.74s | Error X: -0.43, Error Y: -0.25
2025-01-27 00:46:28,546 - INFO - Pan Angle: 42.66, Tilt Angle: 14.58
2025-01-27 00:46:28,640 - INFO - Time: 7.79s | Error X: -0.43, Error Y: -0.26
2025-01-27 00:46:28,650 - INFO - Pan Angle: 42.66, Tilt Angle: 14.58
2025-01-27 00:46:28,708 - INFO - Time: 7.90s | Error X: -0.43, Error Y: -0.25
2025-01-27 00:46:28,721 - INFO - Pan Angle: 42.66, Tilt Angle: 14.58
2025-01-27 00:46:28,927 - INFO - Time: 8.14s | Error X: 0.30, Error Y: -0.24
2025-01-27 00:46:28,939 - INFO - Pan Angle: -0.0, Tilt Angle: 13.5
2025-01-27 00:46:29,067 - INFO - Time: 8.20s | Error X: 0.32, Error Y: -0.24
2025-01-27 00:46:29,073 - INFO - Pan Angle: -0.0, Tilt Angle: 13.5
2025-01-27 00:46:29,151 - INFO - Time: 8.32s | Error X: 0.32, Error Y: -0.23
2025-01-27 00:46:29,172 - INFO - Pan Angle: -0.0, Tilt Angle: 12.96
2025-01-27 00:46:29,362 - INFO - Time: 8.46s | Error X: 0.32, Error Y: -0.23
2025-01-27 00:46:29,389 - INFO - Pan Angle: -0.0, Tilt Angle: 12.96
2025-01-27 00:46:29,601 - INFO - Time: 8.82s | Error X: -0.40, Error Y: -0.23
2025-01-27 00:46:29,605 - INFO - Pan Angle: 41.58, Tilt Angle: 13.5
2025-01-27 00:46:29,635 - INFO - Time: 8.84s | Error X: -0.40, Error Y: -0.23
2025-01-27 00:46:29,639 - INFO - Pan Angle: 39.96, Tilt Angle: 13.5
2025-01-27 00:46:29,661 - INFO - Time: 8.88s | Error X: -0.40, Error Y: -0.23
2025-01-27 00:46:29,665 - INFO - Pan Angle: 39.96, Tilt Angle: 13.5
2025-01-27 00:46:29,696 - INFO - Time: 8.90s | Error X: -0.40, Error Y: -0.23
2025-01-27 00:46:29,697 - INFO - Pan Angle: 39.96, Tilt Angle: 13.5
2025-01-27 00:46:29,723 - INFO - Time: 8.94s | Error X: -0.40, Error Y: -0.23
2025-01-27 00:46:29,724 - INFO - Pan Angle: 39.96, Tilt Angle: 13.5
2025-01-27 00:46:29,761 - INFO - Time: 8.96s | Error X: -0.40, Error Y: -0.23
2025-01-27 00:46:29,840 - INFO - Pan Angle: 39.96, Tilt Angle: 13.5
2025-01-27 00:46:29,897 - INFO - Time: 9.10s | Error X: -0.40, Error Y: -0.23
2025-01-27 00:46:29,914 - INFO - Pan Angle: 38.88, Tilt Angle: 12.96
2025-01-27 00:46:30,314 - INFO - Time: 9.44s | Error X: 0.28, Error Y: -0.22
2025-01-27 00:46:30,360 - INFO - Pan Angle: -0.0, Tilt Angle: 11.88
2025-01-27 00:46:30,433 - INFO - Time: 9.62s | Error X: 0.28, Error Y: -0.23
2025-01-27 00:46:30,438 - INFO - Pan Angle: -0.0, Tilt Angle: 12.96
2025-01-27 00:46:30,490 - INFO - Time: 9.69s | Error X: 0.28, Error Y: -0.23
2025-01-27 00:46:30,495 - INFO - Pan Angle: -0.0, Tilt Angle: 13.5
2025-01-27 00:46:30,651 - INFO - Time: 9.76s | Error X: 0.28, Error Y: -0.23
2025-01-27 00:46:30,669 - INFO - Pan Angle: -0.0, Tilt Angle: 13.5
2025-01-27 00:46:30,879 - INFO - Time: 10.08s | Error X: -0.41, Error Y: -0.25
2025-01-27 00:46:30,888 - INFO - Pan Angle: 41.58, Tilt Angle: 14.58
2025-01-27 00:46:31,122 - INFO - Time: 10.14s | Error X: -0.41, Error Y: -0.25
2025-01-27 00:46:31,180 - INFO - Pan Angle: 39.96, Tilt Angle: 13.5
2025-01-27 00:46:31,387 - INFO - Time: 10.44s | Error X: -0.41, Error Y: -0.25
2025-01-27 00:46:31,436 - INFO - Pan Angle: 39.96, Tilt Angle: 14.58
2025-01-27 00:46:31,605 - INFO - Time: 10.70s | Error X: 0.28, Error Y: -0.24
2025-01-27 00:46:31,660 - INFO - Pan Angle: -0.0, Tilt Angle: 13.5
2025-01-27 00:46:31,743 - INFO - Time: 10.92s | Error X: 0.28, Error Y: -0.24
2025-01-27 00:46:31,752 - INFO - Pan Angle: -0.0, Tilt Angle: 13.5
2025-01-27 00:46:31,787 - INFO - Time: 11.00s | Error X: 0.28, Error Y: -0.23
2025-01-27 00:46:31,789 - INFO - Pan Angle: -0.0, Tilt Angle: 12.96
2025-01-27 00:46:31,815 - INFO - Time: 11.03s | Error X: 0.28, Error Y: -0.23
2025-01-27 00:46:31,817 - INFO - Pan Angle: -0.0, Tilt Angle: 13.5
2025-01-27 00:46:31,872 - INFO - Time: 11.06s | Error X: 0.28, Error Y: -0.23
2025-01-27 00:46:31,875 - INFO - Pan Angle: -0.0, Tilt Angle: 13.5
2025-01-27 00:46:31,923 - INFO - Time: 11.12s | Error X: 0.28, Error Y: -0.23
2025-01-27 00:46:31,925 - INFO - Pan Angle: -0.0, Tilt Angle: 13.5
2025-01-27 00:46:32,059 - INFO - Time: 11.27s | Error X: -0.40, Error Y: -0.25
2025-01-27 00:46:32,061 - INFO - Pan Angle: 40.5, Tilt Angle: 13.5
2025-01-27 00:46:32,091 - INFO - Time: 11.30s | Error X: -0.40, Error Y: -0.24
2025-01-27 00:46:32,092 - INFO - Pan Angle: 38.88, Tilt Angle: 13.5
2025-01-27 00:46:32,135 - INFO - Time: 11.33s | Error X: -0.40, Error Y: -0.24
2025-01-27 00:46:32,139 - INFO - Pan Angle: 38.88, Tilt Angle: 13.5
2025-01-27 00:46:32,290 - INFO - Time: 11.38s | Error X: -0.40, Error Y: -0.24
2025-01-27 00:46:32,326 - INFO - Pan Angle: 38.88, Tilt Angle: 13.5
2025-01-27 00:46:32,797 - INFO - Time: 11.96s | Error X: 0.26, Error Y: -0.22
2025-01-27 00:46:32,815 - INFO - Pan Angle: -0.0, Tilt Angle: 12.96
2025-01-27 00:46:32,893 - INFO - Time: 12.07s | Error X: 0.26, Error Y: -0.22
2025-01-27 00:46:32,904 - INFO - Pan Angle: -0.0, Tilt Angle: 11.88
2025-01-27 00:46:33,000 - INFO - Time: 12.15s | Error X: 0.26, Error Y: -0.21
2025-01-27 00:46:33,009 - INFO - Pan Angle: -0.0, Tilt Angle: 11.88
2025-01-27 00:46:33,118 - INFO - Time: 12.26s | Error X: 0.26, Error Y: -0.21
2025-01-27 00:46:33,181 - INFO - Pan Angle: -0.0, Tilt Angle: 11.88
2025-01-27 00:46:33,445 - INFO - Time: 12.61s | Error X: -0.39, Error Y: -0.24
2025-01-27 00:46:33,476 - INFO - Pan Angle: 39.96, Tilt Angle: 13.5
2025-01-27 00:46:33,662 - INFO - Time: 12.74s | Error X: -0.39, Error Y: -0.25
2025-01-27 00:46:33,695 - INFO - Pan Angle: 38.88, Tilt Angle: 13.5
2025-01-27 00:46:33,748 - INFO - Time: 12.96s | Error X: -0.39, Error Y: -0.26
2025-01-27 00:46:33,750 - INFO - Pan Angle: 37.8, Tilt Angle: 14.58
2025-01-27 00:46:33,793 - INFO - Time: 12.99s | Error X: -0.39, Error Y: -0.26
2025-01-27 00:46:33,799 - INFO - Pan Angle: 37.8, Tilt Angle: 14.58
2025-01-27 00:46:33,905 - INFO - Time: 13.04s | Error X: -0.39, Error Y: -0.27
2025-01-27 00:46:33,912 - INFO - Pan Angle: 38.88, Tilt Angle: 15.66
2025-01-27 00:46:34,238 - INFO - Time: 13.37s | Error X: 0.26, Error Y: -0.25
2025-01-27 00:46:34,281 - INFO - Pan Angle: -0.0, Tilt Angle: 13.5
2025-01-27 00:46:34,407 - INFO - Time: 13.53s | Error X: 0.26, Error Y: -0.25
2025-01-27 00:46:34,429 - INFO - Pan Angle: -0.0, Tilt Angle: 14.58
2025-01-27 00:46:34,633 - INFO - Time: 13.73s | Error X: 0.25, Error Y: -0.23
2025-01-27 00:46:34,653 - INFO - Pan Angle: -0.0, Tilt Angle: 12.96
2025-01-27 00:46:34,891 - INFO - Time: 14.08s | Error X: -0.41, Error Y: -0.27
2025-01-27 00:46:34,900 - INFO - Pan Angle: 41.58, Tilt Angle: 15.66
2025-01-27 00:46:35,012 - INFO - Time: 14.14s | Error X: -0.40, Error Y: -0.26
2025-01-27 00:46:35,014 - INFO - Pan Angle: 39.96, Tilt Angle: 14.58
2025-01-27 00:46:35,047 - INFO - Time: 14.25s | Error X: -0.41, Error Y: -0.26
2025-01-27 00:46:35,049 - INFO - Pan Angle: 39.96, Tilt Angle: 14.58
2025-01-27 00:46:35,078 - INFO - Time: 14.29s | Error X: -0.41, Error Y: -0.26
2025-01-27 00:46:35,081 - INFO - Pan Angle: 39.96, Tilt Angle: 14.58
2025-01-27 00:46:35,122 - INFO - Time: 14.32s | Error X: -0.41, Error Y: -0.26
2025-01-27 00:46:35,128 - INFO - Pan Angle: 39.96, Tilt Angle: 14.58
2025-01-27 00:46:35,198 - INFO - Time: 14.37s | Error X: -0.41, Error Y: -0.26
2025-01-27 00:46:35,201 - INFO - Pan Angle: 39.96, Tilt Angle: 14.58
2025-01-27 00:46:35,303 - INFO - Time: 14.44s | Error X: -0.40, Error Y: -0.26
2025-01-27 00:46:35,401 - INFO - Pan Angle: 39.96, Tilt Angle: 14.58
2025-01-27 00:46:35,644 - INFO - Time: 14.80s | Error X: 0.28, Error Y: -0.25
2025-01-27 00:46:35,674 - INFO - Pan Angle: -0.0, Tilt Angle: 13.5
2025-01-27 00:46:35,777 - INFO - Time: 14.93s | Error X: 0.28, Error Y: -0.24
2025-01-27 00:46:35,795 - INFO - Pan Angle: -0.0, Tilt Angle: 13.5
2025-01-27 00:46:35,896 - INFO - Time: 15.07s | Error X: 0.28, Error Y: -0.24
2025-01-27 00:46:35,914 - INFO - Pan Angle: -0.0, Tilt Angle: 13.5
2025-01-27 00:46:36,114 - INFO - Time: 15.30s | Error X: -0.38, Error Y: -0.25
2025-01-27 00:46:36,115 - INFO - Pan Angle: 38.88, Tilt Angle: 14.58
2025-01-27 00:46:36,194 - INFO - Time: 15.35s | Error X: -0.40, Error Y: -0.25
2025-01-27 00:46:36,197 - INFO - Pan Angle: 39.96, Tilt Angle: 13.5
2025-01-27 00:46:36,266 - INFO - Time: 15.44s | Error X: -0.40, Error Y: -0.25
2025-01-27 00:46:36,267 - INFO - Pan Angle: 39.96, Tilt Angle: 13.5
2025-01-27 00:46:36,310 - INFO - Time: 15.51s | Error X: -0.40, Error Y: -0.25
2025-01-27 00:46:36,318 - INFO - Pan Angle: 39.96, Tilt Angle: 13.5
2025-01-27 00:46:36,388 - INFO - Time: 15.56s | Error X: -0.40, Error Y: -0.25
2025-01-27 00:46:36,397 - INFO - Pan Angle: 39.96, Tilt Angle: 13.5
2025-01-27 00:46:36,451 - INFO - Time: 15.64s | Error X: -0.40, Error Y: -0.24
2025-01-27 00:46:36,453 - INFO - Pan Angle: 39.96, Tilt Angle: 13.5
2025-01-27 00:46:36,483 - INFO - Time: 15.69s | Error X: -0.40, Error Y: -0.24
2025-01-27 00:46:36,484 - INFO - Pan Angle: 39.96, Tilt Angle: 13.5
2025-01-27 00:46:36,528 - INFO - Time: 15.72s | Error X: -0.40, Error Y: -0.24
2025-01-27 00:46:36,529 - INFO - Pan Angle: 39.96, Tilt Angle: 13.5
2025-01-27 00:46:36,654 - INFO - Time: 15.77s | Error X: -0.40, Error Y: -0.24
2025-01-27 00:46:36,685 - INFO - Pan Angle: 39.96, Tilt Angle: 13.5
2025-01-27 00:46:36,897 - INFO - Time: 16.04s | Error X: 0.29, Error Y: -0.24
2025-01-27 00:46:36,906 - INFO - Pan Angle: -0.0, Tilt Angle: 13.5
2025-01-27 00:46:36,971 - INFO - Time: 16.15s | Error X: 0.29, Error Y: -0.24
2025-01-27 00:46:36,993 - INFO - Pan Angle: -0.0, Tilt Angle: 13.5
2025-01-27 00:46:37,063 - INFO - Time: 16.23s | Error X: 0.29, Error Y: -0.25
2025-01-27 00:46:37,071 - INFO - Pan Angle: -0.0, Tilt Angle: 13.5
2025-01-27 00:46:37,197 - INFO - Time: 16.35s | Error X: 0.28, Error Y: -0.25
2025-01-27 00:46:37,216 - INFO - Pan Angle: -0.0, Tilt Angle: 13.5
2025-01-27 00:46:37,471 - INFO - Time: 16.66s | Error X: -0.40, Error Y: -0.27
2025-01-27 00:46:37,477 - INFO - Pan Angle: 40.5, Tilt Angle: 15.66
2025-01-27 00:46:37,509 - INFO - Time: 16.72s | Error X: -0.40, Error Y: -0.26
2025-01-27 00:46:37,513 - INFO - Pan Angle: 38.88, Tilt Angle: 14.58
2025-01-27 00:46:37,575 - INFO - Time: 16.76s | Error X: -0.40, Error Y: -0.26
2025-01-27 00:46:37,576 - INFO - Pan Angle: 38.88, Tilt Angle: 14.58
2025-01-27 00:46:37,609 - INFO - Time: 16.82s | Error X: -0.40, Error Y: -0.26
2025-01-27 00:46:37,612 - INFO - Pan Angle: 38.88, Tilt Angle: 14.58
2025-01-27 00:46:37,652 - INFO - Time: 16.86s | Error X: -0.40, Error Y: -0.26
2025-01-27 00:46:37,654 - INFO - Pan Angle: 38.88, Tilt Angle: 14.58
2025-01-27 00:46:37,702 - INFO - Time: 16.90s | Error X: -0.40, Error Y: -0.26
2025-01-27 00:46:37,708 - INFO - Pan Angle: 38.88, Tilt Angle: 14.58
2025-01-27 00:46:37,771 - INFO - Time: 16.95s | Error X: -0.40, Error Y: -0.25
2025-01-27 00:46:37,789 - INFO - Pan Angle: 38.88, Tilt Angle: 14.58
2025-01-27 00:46:37,879 - INFO - Time: 17.03s | Error X: -0.40, Error Y: -0.25
2025-01-27 00:46:37,921 - INFO - Pan Angle: 39.96, Tilt Angle: 14.58
2025-01-27 00:46:38,210 - INFO - Time: 17.32s | Error X: 0.24, Error Y: -0.25
2025-01-27 00:46:38,261 - INFO - Pan Angle: -0.0, Tilt Angle: 14.58
2025-01-27 00:46:38,472 - INFO - Time: 17.53s | Error X: 0.25, Error Y: -0.25
2025-01-27 00:46:38,495 - INFO - Pan Angle: -0.0, Tilt Angle: 13.5
2025-01-27 00:46:38,676 - INFO - Time: 17.81s | Error X: -0.40, Error Y: -0.27
2025-01-27 00:46:38,684 - INFO - Pan Angle: 40.5, Tilt Angle: 15.66
2025-01-27 00:46:38,734 - INFO - Time: 17.92s | Error X: -0.41, Error Y: -0.26
2025-01-27 00:46:38,738 - INFO - Pan Angle: 39.96, Tilt Angle: 14.58
2025-01-27 00:46:38,769 - INFO - Time: 17.98s | Error X: -0.41, Error Y: -0.26
2025-01-27 00:46:38,771 - INFO - Pan Angle: 39.96, Tilt Angle: 14.58
2025-01-27 00:46:38,803 - INFO - Time: 18.01s | Error X: -0.41, Error Y: -0.26
2025-01-27 00:46:38,805 - INFO - Pan Angle: 39.96, Tilt Angle: 14.58
2025-01-27 00:46:38,924 - INFO - Time: 18.04s | Error X: -0.41, Error Y: -0.26
2025-01-27 00:46:38,928 - INFO - Pan Angle: 39.96, Tilt Angle: 14.58
2025-01-27 00:46:39,414 - INFO - Time: 18.57s | Error X: 0.28, Error Y: -0.25
2025-01-27 00:46:39,428 - INFO - Pan Angle: -0.0, Tilt Angle: 14.58
2025-01-27 00:46:39,556 - INFO - Time: 18.69s | Error X: 0.28, Error Y: -0.26
2025-01-27 00:46:39,602 - INFO - Pan Angle: -0.0, Tilt Angle: 14.58
2025-01-27 00:46:39,705 - INFO - Time: 18.87s | Error X: 0.28, Error Y: -0.26
2025-01-27 00:46:39,712 - INFO - Pan Angle: -0.0, Tilt Angle: 14.58
2025-01-27 00:46:39,787 - INFO - Time: 19.00s | Error X: 0.29, Error Y: -0.26
2025-01-27 00:46:39,790 - INFO - Pan Angle: -0.0, Tilt Angle: 14.58
2025-01-27 00:46:39,822 - INFO - Time: 19.03s | Error X: 0.29, Error Y: -0.28
2025-01-27 00:46:39,825 - INFO - Pan Angle: -0.0, Tilt Angle: 15.66
2025-01-27 00:46:39,885 - INFO - Time: 19.07s | Error X: 0.29, Error Y: -0.28
2025-01-27 00:46:39,887 - INFO - Pan Angle: -0.0, Tilt Angle: 15.66
2025-01-27 00:46:40,120 - INFO - Time: 19.21s | Error X: -0.39, Error Y: -0.28
2025-01-27 00:46:40,125 - INFO - Pan Angle: 39.96, Tilt Angle: 16.74
2025-01-27 00:46:40,265 - INFO - Time: 19.37s | Error X: -0.39, Error Y: -0.30
2025-01-27 00:46:40,294 - INFO - Pan Angle: 38.88, Tilt Angle: 17.82
2025-01-27 00:46:40,874 - INFO - Time: 20.03s | Error X: -0.66, Error Y: -0.29
2025-01-27 00:46:40,880 - INFO - Pan Angle: 65.88, Tilt Angle: 16.74
2025-01-27 00:46:41,009 - INFO - Time: 20.16s | Error X: -0.66, Error Y: -0.36
2025-01-27 00:46:41,011 - INFO - Pan Angle: 65.88, Tilt Angle: 20.52
2025-01-27 00:46:41,047 - INFO - Time: 20.25s | Error X: -0.66, Error Y: -0.36
2025-01-27 00:46:41,054 - INFO - Pan Angle: 65.88, Tilt Angle: 20.52
2025-01-27 00:46:41,149 - INFO - Time: 20.30s | Error X: -0.66, Error Y: -0.36
2025-01-27 00:46:41,150 - INFO - Pan Angle: 65.88, Tilt Angle: 20.52
2025-01-27 00:46:41,229 - INFO - Time: 20.39s | Error X: -0.66, Error Y: -0.36
2025-01-27 00:46:41,230 - INFO - Pan Angle: 65.88, Tilt Angle: 20.52
2025-01-27 00:46:41,474 - INFO - Time: 20.62s | Error X: -0.20, Error Y: -0.36
2025-01-27 00:46:41,568 - INFO - Pan Angle: 18.9, Tilt Angle: 20.52
2025-01-27 00:46:41,711 - INFO - Time: 20.81s | Error X: -0.20, Error Y: -0.36
2025-01-27 00:46:41,765 - INFO - Pan Angle: 19.98, Tilt Angle: 20.52
2025-01-27 00:46:43,838 - INFO - Time: 22.98s | Error X: -0.63, Error Y: -0.40
2025-01-27 00:46:43,866 - INFO - Pan Angle: 63.72, Tilt Angle: 23.76
2025-01-27 00:46:43,954 - INFO - Time: 23.12s | Error X: -0.61, Error Y: -0.40
2025-01-27 00:46:43,956 - INFO - Pan Angle: 59.94, Tilt Angle: 23.76
2025-01-27 00:46:43,991 - INFO - Time: 23.19s | Error X: -0.59, Error Y: -0.40
2025-01-27 00:46:43,993 - INFO - Pan Angle: 58.86, Tilt Angle: 23.76
2025-01-27 00:46:44,032 - INFO - Time: 23.23s | Error X: -0.58, Error Y: -0.40
2025-01-27 00:46:44,037 - INFO - Pan Angle: 57.78, Tilt Angle: 23.76
2025-01-27 00:46:44,144 - INFO - Time: 23.28s | Error X: -0.57, Error Y: -0.40
2025-01-27 00:46:44,153 - INFO - Pan Angle: 56.7, Tilt Angle: 23.76
2025-01-27 00:46:44,284 - INFO - Time: 23.39s | Error X: -0.57, Error Y: -0.40
2025-01-27 00:46:44,290 - INFO - Pan Angle: 55.62, Tilt Angle: 23.76
2025-01-27 00:46:44,569 - INFO - Time: 23.73s | Error X: 0.14, Error Y: -0.40
2025-01-27 00:46:44,603 - INFO - Pan Angle: -0.0, Tilt Angle: 22.68
2025-01-27 00:46:44,741 - INFO - Time: 23.89s | Error X: 0.12, Error Y: -0.38
2025-01-27 00:46:44,769 - INFO - Pan Angle: -0.0, Tilt Angle: 21.6
2025-01-27 00:46:44,890 - INFO - Time: 24.01s | Error X: 0.12, Error Y: -0.38
2025-01-27 00:46:44,900 - INFO - Pan Angle: -0.0, Tilt Angle: 21.6
2025-01-27 00:46:44,943 - INFO - Time: 24.14s | Error X: 0.12, Error Y: -0.38
2025-01-27 00:46:44,944 - INFO - Pan Angle: -0.0, Tilt Angle: 21.6
2025-01-27 00:46:45,200 - INFO - Time: 24.34s | Error X: -0.89, Error Y: -0.39
2025-01-27 00:46:45,203 - INFO - Pan Angle: 89.64, Tilt Angle: 22.68
2025-01-27 00:46:45,285 - INFO - Time: 24.46s | Error X: -0.89, Error Y: -0.39
2025-01-27 00:46:45,306 - INFO - Pan Angle: 87.48, Tilt Angle: 22.68
2025-01-27 00:46:45,437 - INFO - Time: 24.55s | Error X: -0.89, Error Y: -0.39
2025-01-27 00:46:45,443 - INFO - Pan Angle: 87.48, Tilt Angle: 22.68
2025-01-27 00:46:45,490 - INFO - Time: 24.69s | Error X: -0.89, Error Y: -0.38
2025-01-27 00:46:45,491 - INFO - Pan Angle: 87.48, Tilt Angle: 21.6
2025-01-27 00:46:46,022 - INFO - Time: 25.09s | Error X: 0.66, Error Y: -0.34
2025-01-27 00:46:46,051 - INFO - Pan Angle: -0.0, Tilt Angle: 19.98
2025-01-27 00:46:46,188 - INFO - Time: 25.32s | Error X: 0.66, Error Y: -0.35
2025-01-27 00:46:46,226 - INFO - Pan Angle: -0.0, Tilt Angle: 20.52
2025-01-27 00:46:46,462 - INFO - Time: 25.52s | Error X: 0.66, Error Y: -0.36
2025-01-27 00:46:46,527 - INFO - Pan Angle: -0.0, Tilt Angle: 20.52
2025-01-27 00:46:46,769 - INFO - Time: 25.94s | Error X: -0.89, Error Y: -0.41
2025-01-27 00:46:46,776 - INFO - Pan Angle: 89.64, Tilt Angle: 23.76
2025-01-27 00:46:46,809 - INFO - Time: 26.02s | Error X: -0.89, Error Y: -0.41
2025-01-27 00:46:46,812 - INFO - Pan Angle: 88.56, Tilt Angle: 23.76
2025-01-27 00:46:46,850 - INFO - Time: 26.05s | Error X: -0.89, Error Y: -0.41
2025-01-27 00:46:46,854 - INFO - Pan Angle: 88.56, Tilt Angle: 23.76
2025-01-27 00:46:47,019 - INFO - Time: 26.10s | Error X: -0.89, Error Y: -0.40
2025-01-27 00:46:47,039 - INFO - Pan Angle: 88.56, Tilt Angle: 23.76
2025-01-27 00:46:47,201 - INFO - Time: 26.32s | Error X: -0.89, Error Y: -0.40
2025-01-27 00:46:47,203 - INFO - Pan Angle: 88.56, Tilt Angle: 22.68
2025-01-27 00:46:47,325 - INFO - Time: 26.49s | Error X: -0.88, Error Y: -0.40
2025-01-27 00:46:47,360 - INFO - Pan Angle: 87.48, Tilt Angle: 23.76
2025-01-27 00:46:48,715 - INFO - Time: 27.90s | Error X: 0.88, Error Y: -0.34
2025-01-27 00:46:48,735 - INFO - Pan Angle: -0.0, Tilt Angle: 19.98
2025-01-27 00:46:48,848 - INFO - Time: 28.00s | Error X: 0.88, Error Y: -0.33
2025-01-27 00:46:48,854 - INFO - Pan Angle: -0.0, Tilt Angle: 18.9
2025-01-27 00:46:48,962 - INFO - Time: 28.10s | Error X: 0.89, Error Y: -0.33
2025-01-27 00:46:48,967 - INFO - Pan Angle: -0.0, Tilt Angle: 19.98
2025-01-27 00:46:49,688 - INFO - Time: 28.85s | Error X: -0.58, Error Y: -0.38
2025-01-27 00:46:49,716 - INFO - Pan Angle: 58.86, Tilt Angle: 22.68
2025-01-27 00:46:49,898 - INFO - Time: 28.99s | Error X: -0.59, Error Y: -0.39
2025-01-27 00:46:49,930 - INFO - Pan Angle: 58.86, Tilt Angle: 22.68
2025-01-27 00:46:50,026 - INFO - Time: 29.21s | Error X: -0.61, Error Y: -0.38
2025-01-27 00:46:50,041 - INFO - Pan Angle: 59.94, Tilt Angle: 21.6
2025-01-27 00:46:50,213 - INFO - Time: 29.36s | Error X: 0.38, Error Y: -0.35
2025-01-27 00:46:50,231 - INFO - Pan Angle: -0.0, Tilt Angle: 19.98
2025-01-27 00:46:50,273 - INFO - Time: 29.48s | Error X: 0.37, Error Y: -0.34
2025-01-27 00:46:50,274 - INFO - Pan Angle: -0.0, Tilt Angle: 19.98
2025-01-27 00:46:50,309 - INFO - Time: 29.51s | Error X: 0.37, Error Y: -0.34
2025-01-27 00:46:50,310 - INFO - Pan Angle: -0.0, Tilt Angle: 19.98
2025-01-27 00:46:50,367 - INFO - Time: 29.55s | Error X: 0.36, Error Y: -0.32
2025-01-27 00:46:50,395 - INFO - Pan Angle: -0.0, Tilt Angle: 18.9
